This is pdfTeX, Version 3.14159265-2.6-1.40.16 (TeX Live 2015) (preloaded format=pdflatex 2015.12.20)  28 SEP 2016 16:40
entering extended mode
 restricted \write18 enabled.
 %&-line parsing enabled.
**4_1_1_the_schwarz_alternating_method.tex
(./4_1_1_the_schwarz_alternating_method.tex
LaTeX2e <2015/01/01>
Babel <3.9l> and hyphenation patterns for 79 languages loaded.
! Undefined control sequence.
l.1 \subsection
               {The Schwarz Alternating Method}\label{sec:SAM}\hfill
The control sequence at the end of the top line
of your error message was never \def'ed. If you have
misspelled it (e.g., `\hobx'), type `I' and the correct
spelling (e.g., `I\hbox'). Otherwise just continue,
and I'll forget about whatever was undefined.


! LaTeX Error: Missing \begin{document}.

See the LaTeX manual or LaTeX Companion for explanation.
Type  H <return>  for immediate help.
 ...                                              
                                                  
l.1 \subsection{T
                 he Schwarz Alternating Method}\label{sec:SAM}\hfill
You're in trouble here.  Try typing  <return>  to proceed.
If that doesn't work, type  X <return>  to quit.

Missing character: There is no T in font nullfont!
Missing character: There is no h in font nullfont!
Missing character: There is no e in font nullfont!
Missing character: There is no S in font nullfont!
Missing character: There is no c in font nullfont!
Missing character: There is no h in font nullfont!
Missing character: There is no w in font nullfont!
Missing character: There is no a in font nullfont!
Missing character: There is no r in font nullfont!
Missing character: There is no z in font nullfont!
Missing character: There is no A in font nullfont!
Missing character: There is no l in font nullfont!
Missing character: There is no t in font nullfont!
Missing character: There is no e in font nullfont!
Missing character: There is no r in font nullfont!
Missing character: There is no n in font nullfont!
Missing character: There is no a in font nullfont!
Missing character: There is no t in font nullfont!
Missing character: There is no i in font nullfont!
Missing character: There is no n in font nullfont!
Missing character: There is no g in font nullfont!
Missing character: There is no M in font nullfont!
Missing character: There is no e in font nullfont!
Missing character: There is no t in font nullfont!
Missing character: There is no h in font nullfont!
Missing character: There is no o in font nullfont!
Missing character: There is no d in font nullfont!

Overfull \hbox (20.0pt too wide) in paragraph at lines 1--2
[]
 []


! LaTeX Error: Missing \begin{document}.

See the LaTeX manual or LaTeX Companion for explanation.
Type  H <return>  for immediate help.
 ...                                              
                                                  
l.4 L
     et $X=H^{1}(0,1)$. Since the one-dimensional Sobolev space $H^{1}(0,1)$...

You're in trouble here.  Try typing  <return>  to proceed.
If that doesn't work, type  X <return>  to quit.

Missing character: There is no L in font nullfont!
Missing character: There is no e in font nullfont!
Missing character: There is no t in font nullfont!
LaTeX Font Info:    External font `cmex10' loaded for size
(Font)              <7> on input line 4.
LaTeX Font Info:    External font `cmex10' loaded for size
(Font)              <5> on input line 4.
Missing character: There is no . in font nullfont!
Missing character: There is no S in font nullfont!
Missing character: There is no i in font nullfont!
Missing character: There is no n in font nullfont!
Missing character: There is no c in font nullfont!
Missing character: There is no e in font nullfont!
Missing character: There is no t in font nullfont!
Missing character: There is no h in font nullfont!
Missing character: There is no e in font nullfont!
Missing character: There is no o in font nullfont!
Missing character: There is no n in font nullfont!
Missing character: There is no e in font nullfont!
Missing character: There is no - in font nullfont!
Missing character: There is no d in font nullfont!
Missing character: There is no i in font nullfont!
Missing character: There is no m in font nullfont!
Missing character: There is no e in font nullfont!
Missing character: There is no n in font nullfont!
Missing character: There is no s in font nullfont!
Missing character: There is no i in font nullfont!
Missing character: There is no o in font nullfont!
Missing character: There is no n in font nullfont!
Missing character: There is no a in font nullfont!
Missing character: There is no l in font nullfont!
Missing character: There is no S in font nullfont!
Missing character: There is no o in font nullfont!
Missing character: There is no b in font nullfont!
Missing character: There is no o in font nullfont!
Missing character: There is no l in font nullfont!
Missing character: There is no e in font nullfont!
Missing character: There is no v in font nullfont!
Missing character: There is no s in font nullfont!
Missing character: There is no p in font nullfont!
Missing character: There is no a in font nullfont!
Missing character: There is no c in font nullfont!
Missing character: There is no e in font nullfont!
Missing character: There is no i in font nullfont!
Missing character: There is no s in font nullfont!
Missing character: There is no e in font nullfont!
Missing character: There is no m in font nullfont!
Missing character: There is no b in font nullfont!
Missing character: There is no e in font nullfont!
Missing character: There is no d in font nullfont!
Missing character: There is no d in font nullfont!
Missing character: There is no e in font nullfont!
Missing character: There is no d in font nullfont!
Missing character: There is no i in font nullfont!
Missing character: There is no n in font nullfont!
Missing character: There is no t in font nullfont!
Missing character: There is no h in font nullfont!
Missing character: There is no e in font nullfont!
Missing character: There is no s in font nullfont!
Missing character: There is no p in font nullfont!
Missing character: There is no a in font nullfont!
Missing character: There is no c in font nullfont!
Missing character: There is no e in font nullfont!
Missing character: There is no o in font nullfont!
Missing character: There is no f in font nullfont!
Missing character: There is no c in font nullfont!
Missing character: There is no o in font nullfont!
Missing character: There is no n in font nullfont!
Missing character: There is no t in font nullfont!
Missing character: There is no i in font nullfont!
Missing character: There is no n in font nullfont!
Missing character: There is no u in font nullfont!
Missing character: There is no o in font nullfont!
Missing character: There is no u in font nullfont!
Missing character: There is no s in font nullfont!
Missing character: There is no f in font nullfont!
Missing character: There is no u in font nullfont!
Missing character: There is no n in font nullfont!
Missing character: There is no c in font nullfont!
Missing character: There is no t in font nullfont!
Missing character: There is no i in font nullfont!
Missing character: There is no o in font nullfont!
Missing character: There is no n in font nullfont!
Missing character: There is no s in font nullfont!
Missing character: There is no , in font nullfont!
Missing character: There is no w in font nullfont!
Missing character: There is no e in font nullfont!
Missing character: There is no c in font nullfont!
Missing character: There is no a in font nullfont!
Missing character: There is no n in font nullfont!
Missing character: There is no i in font nullfont!
Missing character: There is no d in font nullfont!
Missing character: There is no e in font nullfont!
Missing character: There is no n in font nullfont!
Missing character: There is no t in font nullfont!
Missing character: There is no i in font nullfont!
Missing character: There is no f in font nullfont!
Missing character: There is no y in font nullfont!
Missing character: There is no e in font nullfont!
Missing character: There is no a in font nullfont!
Missing character: There is no c in font nullfont!
Missing character: There is no h in font nullfont!
Missing character: There is no e in font nullfont!
Missing character: There is no l in font nullfont!
Missing character: There is no e in font nullfont!
Missing character: There is no m in font nullfont!
Missing character: There is no e in font nullfont!
Missing character: There is no n in font nullfont!
Missing character: There is no t in font nullfont!
Missing character: There is no o in font nullfont!
Missing character: There is no f in font nullfont!
Missing character: There is no w in font nullfont!
Missing character: There is no i in font nullfont!
Missing character: There is no t in font nullfont!
Missing character: There is no h in font nullfont!
Missing character: There is no i in font nullfont!
Missing character: There is no t in font nullfont!
Missing character: There is no s in font nullfont!
Missing character: There is no c in font nullfont!
Missing character: There is no o in font nullfont!
Missing character: There is no r in font nullfont!
Missing character: There is no r in font nullfont!
Missing character: There is no e in font nullfont!
Missing character: There is no s in font nullfont!
Missing character: There is no p in font nullfont!
Missing character: There is no o in font nullfont!
Missing character: There is no n in font nullfont!
Missing character: There is no d in font nullfont!
Missing character: There is no i in font nullfont!
Missing character: There is no n in font nullfont!
Missing character: There is no g in font nullfont!
Missing character: There is no r in font nullfont!
Missing character: There is no e in font nullfont!
Missing character: There is no p in font nullfont!
Missing character: There is no r in font nullfont!
Missing character: There is no e in font nullfont!
Missing character: There is no s in font nullfont!
Missing character: There is no e in font nullfont!
Missing character: There is no n in font nullfont!
Missing character: There is no t in font nullfont!
Missing character: There is no a in font nullfont!
Missing character: There is no t in font nullfont!
Missing character: There is no i in font nullfont!
Missing character: There is no v in font nullfont!
Missing character: There is no e in font nullfont!
Missing character: There is no i in font nullfont!
Missing character: There is no n in font nullfont!
Missing character: There is no . in font nullfont!
Missing character: There is no N in font nullfont!
Missing character: There is no o in font nullfont!
Missing character: There is no w in font nullfont!
Missing character: There is no d in font nullfont!
Missing character: There is no e in font nullfont!
Missing character: There is no f in font nullfont!
Missing character: There is no i in font nullfont!
Missing character: There is no n in font nullfont!
Missing character: There is no e in font nullfont!

Overfull \hbox (20.0pt too wide) in paragraph at lines 4--5
[]
 []


Overfull \hbox (19.62494pt too wide) in paragraph at lines 4--5
\OML/cmm/m/it/10 X \OT1/cmr/m/n/10 =
 []


Overfull \hbox (35.83334pt too wide) in paragraph at lines 4--5
\OML/cmm/m/it/10 H[]\OT1/cmr/m/n/10 (0\OML/cmm/m/it/10 ; \OT1/cmr/m/n/10 1)$
 []


Overfull \hbox (35.83334pt too wide) in paragraph at lines 4--5
\OML/cmm/m/it/10 H[]\OT1/cmr/m/n/10 (0\OML/cmm/m/it/10 ; \OT1/cmr/m/n/10 1)$
 []


Overfull \hbox (35.6403pt too wide) in paragraph at lines 4--5
\OML/cmm/m/it/10 C\OT1/cmr/m/n/10 ([0\OML/cmm/m/it/10 ; \OT1/cmr/m/n/10 1])$
 []


Overfull \hbox (35.83334pt too wide) in paragraph at lines 4--5
\OML/cmm/m/it/10 H[]\OT1/cmr/m/n/10 (0\OML/cmm/m/it/10 ; \OT1/cmr/m/n/10 1)$
 []


Overfull \hbox (35.6403pt too wide) in paragraph at lines 4--5
\OML/cmm/m/it/10 C\OT1/cmr/m/n/10 ([0\OML/cmm/m/it/10 ; \OT1/cmr/m/n/10 1])$
 []

Missing character: There is no i in font nullfont!
Missing character: There is no n in font nullfont!
Missing character: There is no t in font nullfont!
Missing character: There is no h in font nullfont!
Missing character: There is no e in font nullfont!
Missing character: There is no n in font nullfont!
Missing character: There is no e in font nullfont!
Missing character: There is no i in font nullfont!
Missing character: There is no g in font nullfont!
Missing character: There is no h in font nullfont!
Missing character: There is no b in font nullfont!
Missing character: There is no o in font nullfont!
Missing character: There is no u in font nullfont!
Missing character: There is no r in font nullfont!
Missing character: There is no h in font nullfont!
Missing character: There is no o in font nullfont!
Missing character: There is no o in font nullfont!
Missing character: There is no d in font nullfont!
Missing character: There is no o in font nullfont!
Missing character: There is no f in font nullfont!

Overfull \hbox (195.31813pt too wide) detected at line 5
\OML/cmm/m/it/10 Y[] \OT1/cmr/m/n/10 := [] = \OML/cmm/m/it/10 H[]\OT1/cmr/m/n/1
0 (
[])\OML/cmm/m/it/10 ;
 []

Missing character: There is no a in font nullfont!
Missing character: There is no n in font nullfont!
Missing character: There is no d in font nullfont!
Missing character: There is no i in font nullfont!
Missing character: There is no n in font nullfont!
Missing character: There is no t in font nullfont!
Missing character: There is no h in font nullfont!
Missing character: There is no e in font nullfont!
Missing character: There is no n in font nullfont!
Missing character: There is no e in font nullfont!
Missing character: There is no i in font nullfont!
Missing character: There is no g in font nullfont!
Missing character: There is no h in font nullfont!
Missing character: There is no b in font nullfont!
Missing character: There is no o in font nullfont!
Missing character: There is no u in font nullfont!
Missing character: There is no r in font nullfont!
Missing character: There is no h in font nullfont!
Missing character: There is no o in font nullfont!
Missing character: There is no o in font nullfont!
Missing character: There is no d in font nullfont!
Missing character: There is no o in font nullfont!
Missing character: There is no f in font nullfont!

Overfull \hbox (195.77182pt too wide) detected at line 6
\OML/cmm/m/it/10 Y[] \OT1/cmr/m/n/10 := [] = \OML/cmm/m/it/10 H[]\OT1/cmr/m/n/1
0 (
[])\OML/cmm/m/it/10 :
 []


! LaTeX Error: Missing \begin{document}.

See the LaTeX manual or LaTeX Companion for explanation.
Type  H <return>  for immediate help.
 ...                                              
                                                  
l.8 F
     ix $u_0\in X$ and find $u_1$ by first solving
You're in trouble here.  Try typing  <return>  to proceed.
If that doesn't work, type  X <return>  to quit.

Missing character: There is no F in font nullfont!
Missing character: There is no i in font nullfont!
Missing character: There is no x in font nullfont!
Missing character: There is no a in font nullfont!
Missing character: There is no n in font nullfont!
Missing character: There is no d in font nullfont!
Missing character: There is no f in font nullfont!
Missing character: There is no i in font nullfont!
Missing character: There is no n in font nullfont!
Missing character: There is no d in font nullfont!
Missing character: There is no b in font nullfont!
Missing character: There is no y in font nullfont!
Missing character: There is no f in font nullfont!
Missing character: There is no i in font nullfont!
Missing character: There is no r in font nullfont!
Missing character: There is no s in font nullfont!
Missing character: There is no t in font nullfont!
Missing character: There is no s in font nullfont!
Missing character: There is no o in font nullfont!
Missing character: There is no l in font nullfont!
Missing character: There is no v in font nullfont!
Missing character: There is no i in font nullfont!
Missing character: There is no n in font nullfont!
Missing character: There is no g in font nullfont!

Overfull \hbox (20.0pt too wide) in paragraph at lines 8--9
[]
 []


Overfull \hbox (19.6551pt too wide) in paragraph at lines 8--9
\OML/cmm/m/it/10 u[] \OMS/cmsy/m/n/10 2
 []


Overfull \hbox (9.06943pt too wide) in paragraph at lines 8--9
\OML/cmm/m/it/10 X$
 []


Overfull \hbox (10.21071pt too wide) in paragraph at lines 8--9
\OML/cmm/m/it/10 u[]$
 []

Missing character: There is no i in font nullfont!
Missing character: There is no n in font nullfont!

Overfull \hbox (190.69308pt too wide) detected at line 13
[] \OML/cmm/m/it/10 u[] \OT1/cmr/m/n/10 + \OML/cmm/m/it/10 u[] \OT1/cmr/m/n/10 
= \OML/cmm/m/it/10 f[]\OT1/cmr/m/n/10 
[]\OML/cmm/m/it/10 ; [] u[]\OT1/cmr/m/n/10 (\OML/cmm/m/it/10 r\OT1/cmr/m/n/10 )
 = \OML/cmm/m/it/10 u[]\OT1/cmr/m/n/10 (\OML/cmm/m/it/10 r\OT1/cmr/m/n/10 )\OML
/cmm/m/it/10 ; [] u[]\OT1/cmr/m/n/10 (0) = 0\OML/cmm/m/it/10 ; [] 
 []

Missing character: There is no a in font nullfont!
Missing character: There is no n in font nullfont!
Missing character: There is no d in font nullfont!
Missing character: There is no t in font nullfont!
Missing character: There is no h in font nullfont!
Missing character: There is no e in font nullfont!
Missing character: There is no n in font nullfont!
Missing character: There is no e in font nullfont!
Missing character: There is no x in font nullfont!
Missing character: There is no t in font nullfont!
Missing character: There is no e in font nullfont!
Missing character: There is no n in font nullfont!
Missing character: There is no d in font nullfont!
Missing character: There is no b in font nullfont!
Missing character: There is no y in font nullfont!
Missing character: There is no f in font nullfont!
Missing character: There is no r in font nullfont!
Missing character: There is no o in font nullfont!
Missing character: There is no m in font nullfont!
Missing character: There is no t in font nullfont!
Missing character: There is no o in font nullfont!
Missing character: There is no a in font nullfont!
Missing character: There is no l in font nullfont!
Missing character: There is no l in font nullfont!
Missing character: There is no o in font nullfont!
Missing character: There is no f in font nullfont!
Missing character: There is no . in font nullfont!
Missing character: There is no W in font nullfont!
Missing character: There is no e in font nullfont!
Missing character: There is no r in font nullfont!
Missing character: There is no e in font nullfont!
Missing character: There is no p in font nullfont!
Missing character: There is no e in font nullfont!
Missing character: There is no a in font nullfont!
Missing character: There is no t in font nullfont!
Missing character: There is no t in font nullfont!
Missing character: There is no h in font nullfont!
Missing character: There is no e in font nullfont!
Missing character: There is no p in font nullfont!
Missing character: There is no r in font nullfont!
Missing character: There is no o in font nullfont!
Missing character: There is no c in font nullfont!
Missing character: There is no e in font nullfont!
Missing character: There is no d in font nullfont!
Missing character: There is no u in font nullfont!
Missing character: There is no r in font nullfont!
Missing character: There is no e in font nullfont!
Missing character: There is no a in font nullfont!
Missing character: There is no l in font nullfont!
Missing character: There is no t in font nullfont!
Missing character: There is no e in font nullfont!
Missing character: There is no r in font nullfont!
Missing character: There is no n in font nullfont!
Missing character: There is no a in font nullfont!
Missing character: There is no t in font nullfont!
Missing character: There is no i in font nullfont!
Missing character: There is no n in font nullfont!
Missing character: There is no g in font nullfont!
Missing character: There is no l in font nullfont!
Missing character: There is no y in font nullfont!
Missing character: There is no t in font nullfont!
Missing character: There is no o in font nullfont!
Missing character: There is no f in font nullfont!
Missing character: There is no i in font nullfont!
Missing character: There is no n in font nullfont!
Missing character: There is no d in font nullfont!
Missing character: There is no s in font nullfont!
Missing character: There is no u in font nullfont!
Missing character: There is no c in font nullfont!
Missing character: There is no h in font nullfont!
Missing character: There is no t in font nullfont!
Missing character: There is no h in font nullfont!
Missing character: There is no a in font nullfont!
Missing character: There is no t in font nullfont!
Missing character: There is no ( in font nullfont!
Missing character: There is no f in font nullfont!
Missing character: There is no o in font nullfont!
Missing character: There is no r in font nullfont!
Missing character: There is no ) in font nullfont!
Missing character: There is no s in font nullfont!
Missing character: There is no o in font nullfont!
Missing character: There is no l in font nullfont!
Missing character: There is no v in font nullfont!
Missing character: There is no e in font nullfont!
Missing character: There is no s in font nullfont!

Overfull \hbox (10.21071pt too wide) in paragraph at lines 13--16
    $\OML/cmm/m/it/10 u[]$
 []


Overfull \hbox (11.70836pt too wide) in paragraph at lines 13--16
\OT1/cmr/m/n/10 
[]$
 []


Overfull \hbox (7.22223pt too wide) in paragraph at lines 13--16
\OT1/cmr/m/n/10 
$
 []


Overfull \hbox (40.97685pt too wide) in paragraph at lines 13--16
\OML/cmm/m/it/10 u[]; u[]; []$
 []


Overfull \hbox (25.27908pt too wide) in paragraph at lines 13--16
\OML/cmm/m/it/10 u[]$
 []


Overfull \hbox (16.55786pt too wide) in paragraph at lines 13--16
\OML/cmm/m/it/10 n \OMS/cmsy/m/n/10 ^^U
 []


Overfull \hbox (5.00002pt too wide) in paragraph at lines 13--16
\OT1/cmr/m/n/10 0$
 []

Missing character: There is no i in font nullfont!
Missing character: There is no n in font nullfont!

Overfull \hbox (255.28493pt too wide) detected at line 20
[] \OML/cmm/m/it/10 u[] \OT1/cmr/m/n/10 + \OML/cmm/m/it/10 u[] \OT1/cmr/m/n/10 
= \OML/cmm/m/it/10 f[]\OT1/cmr/m/n/10 
[]\OML/cmm/m/it/10 ; [] u[]\OT1/cmr/m/n/10 (\OML/cmm/m/it/10 r\OT1/cmr/m/n/10 )
 = \OML/cmm/m/it/10 u[]\OT1/cmr/m/n/10 (\OML/cmm/m/it/10 r\OT1/cmr/m/n/10 )\OML
/cmm/m/it/10 ; [] u[]\OT1/cmr/m/n/10 (0) = 0\OML/cmm/m/it/10 ; [] 
 []

Missing character: There is no w in font nullfont!
Missing character: There is no h in font nullfont!
Missing character: There is no i in font nullfont!
Missing character: There is no l in font nullfont!
Missing character: There is no e in font nullfont!
Missing character: There is no ( in font nullfont!
Missing character: There is no f in font nullfont!
Missing character: There is no o in font nullfont!
Missing character: There is no r in font nullfont!
Missing character: There is no ) in font nullfont!
Missing character: There is no i in font nullfont!
Missing character: There is no s in font nullfont!
Missing character: There is no a in font nullfont!
Missing character: There is no s in font nullfont!
Missing character: There is no o in font nullfont!
Missing character: There is no l in font nullfont!
Missing character: There is no u in font nullfont!
Missing character: There is no t in font nullfont!
Missing character: There is no i in font nullfont!
Missing character: There is no o in font nullfont!
Missing character: There is no n in font nullfont!
Missing character: There is no o in font nullfont!
Missing character: There is no f in font nullfont!

Overfull \hbox (15.15404pt too wide) in paragraph at lines 20--22
 $\OML/cmm/m/it/10 u[]$
 []


Overfull \hbox (16.55786pt too wide) in paragraph at lines 20--22
\OML/cmm/m/it/10 n \OMS/cmsy/m/n/10 ^^U
 []


Overfull \hbox (5.00002pt too wide) in paragraph at lines 20--22
\OT1/cmr/m/n/10 1$
 []

Missing character: There is no i in font nullfont!
Missing character: There is no n in font nullfont!

Overfull \hbox (223.15053pt too wide) detected at line 26
[] \OML/cmm/m/it/10 u[] \OT1/cmr/m/n/10 + \OML/cmm/m/it/10 u[] \OT1/cmr/m/n/10 
= \OML/cmm/m/it/10 f[]\OT1/cmr/m/n/10 
[]\OML/cmm/m/it/10 ; [] u[]\OT1/cmr/m/n/10 (\OML/cmm/m/it/10 s\OT1/cmr/m/n/10 )
 = \OML/cmm/m/it/10 u[]\OT1/cmr/m/n/10 (\OML/cmm/m/it/10 s\OT1/cmr/m/n/10 )\OML
/cmm/m/it/10 ; [] u[]\OT1/cmr/m/n/10 (1) = 0\OML/cmm/m/it/10 :[] 
 []

Missing character: There is no W in font nullfont!
Missing character: There is no e in font nullfont!
Missing character: There is no m in font nullfont!
Missing character: There is no a in font nullfont!
Missing character: There is no y in font nullfont!
Missing character: There is no e in font nullfont!
Missing character: There is no x in font nullfont!
Missing character: There is no t in font nullfont!
Missing character: There is no e in font nullfont!
Missing character: There is no n in font nullfont!
Missing character: There is no d in font nullfont!
Missing character: There is no b in font nullfont!
Missing character: There is no y in font nullfont!
Missing character: There is no a in font nullfont!
Missing character: There is no n in font nullfont!
Missing character: There is no d in font nullfont!
Missing character: There is no b in font nullfont!
Missing character: There is no y in font nullfont!
Missing character: There is no r in font nullfont!
Missing character: There is no e in font nullfont!
Missing character: There is no s in font nullfont!
Missing character: There is no p in font nullfont!
Missing character: There is no e in font nullfont!
Missing character: There is no c in font nullfont!
Missing character: There is no t in font nullfont!
Missing character: There is no i in font nullfont!
Missing character: There is no v in font nullfont!
Missing character: There is no e in font nullfont!
Missing character: There is no l in font nullfont!
Missing character: There is no y in font nullfont!
Missing character: There is no t in font nullfont!
Missing character: There is no o in font nullfont!
Missing character: There is no a in font nullfont!
Missing character: There is no l in font nullfont!
Missing character: There is no l in font nullfont!
Missing character: There is no o in font nullfont!
Missing character: There is no f in font nullfont!
Missing character: There is no . in font nullfont!

Overfull \hbox (25.27908pt too wide) in paragraph at lines 26--28
   $\OML/cmm/m/it/10 u[]$
 []


Overfull \hbox (15.15404pt too wide) in paragraph at lines 26--28
\OML/cmm/m/it/10 u[]$
 []


Overfull \hbox (15.15404pt too wide) in paragraph at lines 26--28
\OML/cmm/m/it/10 u[]$
 []


Overfull \hbox (25.39018pt too wide) in paragraph at lines 26--28
\OML/cmm/m/it/10 u[]$
 []


Overfull \hbox (7.22223pt too wide) in paragraph at lines 26--28
\OT1/cmr/m/n/10 
$ 
 []


! LaTeX Error: Missing \begin{document}.

See the LaTeX manual or LaTeX Companion for explanation.
Type  H <return>  for immediate help.
 ...                                              
                                                  
l.29 S
      ince $$-(u_1-u)''+(u_1-u)=0 \mbox{ in } \Omega_1,$$
You're in trouble here.  Try typing  <return>  to proceed.
If that doesn't work, type  X <return>  to quit.

Missing character: There is no S in font nullfont!
Missing character: There is no i in font nullfont!
Missing character: There is no n in font nullfont!
Missing character: There is no c in font nullfont!
Missing character: There is no e in font nullfont!

Overfull \hbox (20.0pt too wide) in paragraph at lines 29--29
[] 
 []

Missing character: There is no i in font nullfont!
Missing character: There is no n in font nullfont!

Overfull \hbox (116.46788pt too wide) detected at line 29
\OMS/cmsy/m/n/10 ^^@\OT1/cmr/m/n/10 (\OML/cmm/m/it/10 u[] \OMS/cmsy/m/n/10 ^^@ 
\OML/cmm/m/it/10 u\OT1/cmr/m/n/10 )[] + (\OML/cmm/m/it/10 u[] \OMS/cmsy/m/n/10 
^^@ \OML/cmm/m/it/10 u\OT1/cmr/m/n/10 ) = 0[]
[]\OML/cmm/m/it/10 ;
 []


Overfull \hbox (341.51822pt too wide) detected at line 30
[][] \OT1/cmr/m/n/10 = [][](\OML/cmm/m/it/10 u[] \OMS/cmsy/m/n/10 ^^@ \OML/cmm/
m/it/10 u\OT1/cmr/m/n/10 )[]\OML/cmm/m/it/10 ^^^[] \OT1/cmr/m/n/10 + (\OML/cmm/
m/it/10 u[] \OMS/cmsy/m/n/10 ^^@ \OML/cmm/m/it/10 u\OT1/cmr/m/n/10 )\OML/cmm/m/
it/10 ^^^dx \OT1/cmr/m/n/10 = [][] \OMS/cmsy/m/n/10 ^^@\OT1/cmr/m/n/10 (\OML/cm
m/m/it/10 u[] \OMS/cmsy/m/n/10 ^^@ \OML/cmm/m/it/10 u\OT1/cmr/m/n/10 )[]\OML/cm
m/m/it/10 ^^^ \OT1/cmr/m/n/10 + (\OML/cmm/m/it/10 u[] \OMS/cmsy/m/n/10 ^^@ \OML
/cmm/m/it/10 u\OT1/cmr/m/n/10 )\OML/cmm/m/it/10 ^^^dx \OT1/cmr/m/n/10 = 0
 []

Missing character: There is no f in font nullfont!
Missing character: There is no o in font nullfont!
Missing character: There is no r in font nullfont!
Missing character: There is no a in font nullfont!
Missing character: There is no l in font nullfont!
Missing character: There is no l in font nullfont!
Missing character: There is no . in font nullfont!
Missing character: There is no T in font nullfont!
Missing character: There is no h in font nullfont!
Missing character: There is no i in font nullfont!
Missing character: There is no s in font nullfont!
Missing character: There is no s in font nullfont!
Missing character: There is no h in font nullfont!
Missing character: There is no o in font nullfont!
Missing character: There is no w in font nullfont!
Missing character: There is no s in font nullfont!
Missing character: There is no t in font nullfont!
Missing character: There is no h in font nullfont!
Missing character: There is no a in font nullfont!
Missing character: There is no t in font nullfont!
Missing character: There is no . in font nullfont!
Missing character: There is no L in font nullfont!
Missing character: There is no e in font nullfont!
Missing character: There is no t in font nullfont!
Missing character: There is no f in font nullfont!
Missing character: There is no o in font nullfont!
Missing character: There is no r in font nullfont!
Missing character: There is no , in font nullfont!
Missing character: There is no t in font nullfont!
Missing character: There is no h in font nullfont!
Missing character: There is no e in font nullfont!
Missing character: There is no n in font nullfont!
Missing character: There is no . in font nullfont!

Overfull \hbox (15.40274pt too wide) in paragraph at lines 30--31
  $\OML/cmm/m/it/10 ^^^ \OMS/cmsy/m/n/10 2
 []


Overfull \hbox (10.29169pt too wide) in paragraph at lines 30--31
\OML/cmm/m/it/10 Y[]$
 []


Overfull \hbox (17.98851pt too wide) in paragraph at lines 30--31
\OML/cmm/m/it/10 u[] \OMS/cmsy/m/n/10 ^^@
 []


Overfull \hbox (16.28009pt too wide) in paragraph at lines 30--31
\OML/cmm/m/it/10 u \OMS/cmsy/m/n/10 ?
 []


Overfull \hbox (10.29169pt too wide) in paragraph at lines 30--31
\OML/cmm/m/it/10 Y[]$
 []


Overfull \hbox (23.5862pt too wide) in paragraph at lines 30--31
\OML/cmm/m/it/10 M[] \OT1/cmr/m/n/10 =
 []


Overfull \hbox (14.7778pt too wide) in paragraph at lines 30--31
\OML/cmm/m/it/10 Y[]$
 []


Overfull \hbox (14.00064pt too wide) in paragraph at lines 30--31
\OML/cmm/m/it/10 i \OT1/cmr/m/n/10 =
 []


Overfull \hbox (14.44444pt too wide) in paragraph at lines 30--31
\OT1/cmr/m/n/10 1\OML/cmm/m/it/10 ; \OT1/cmr/m/n/10 2$
 []


Overfull \hbox (17.98851pt too wide) in paragraph at lines 30--31
\OML/cmm/m/it/10 u[] \OMS/cmsy/m/n/10 ^^@
 []


Overfull \hbox (15.16898pt too wide) in paragraph at lines 30--31
\OML/cmm/m/it/10 u \OMS/cmsy/m/n/10 2
 []


Overfull \hbox (14.18753pt too wide) in paragraph at lines 30--31
\OML/cmm/m/it/10 M[]$ 
 []


! LaTeX Error: Missing \begin{document}.

See the LaTeX manual or LaTeX Companion for explanation.
Type  H <return>  for immediate help.
 ...                                              
                                                  
l.32 I
      f we take $w=u_1-u$, then $w$ satisfies
You're in trouble here.  Try typing  <return>  to proceed.
If that doesn't work, type  X <return>  to quit.

Missing character: There is no I in font nullfont!
Missing character: There is no f in font nullfont!
Missing character: There is no w in font nullfont!
Missing character: There is no e in font nullfont!
Missing character: There is no t in font nullfont!
Missing character: There is no a in font nullfont!
Missing character: There is no k in font nullfont!
Missing character: There is no e in font nullfont!
Missing character: There is no , in font nullfont!
Missing character: There is no t in font nullfont!
Missing character: There is no h in font nullfont!
Missing character: There is no e in font nullfont!
Missing character: There is no n in font nullfont!
Missing character: There is no s in font nullfont!
Missing character: There is no a in font nullfont!
Missing character: There is no t in font nullfont!
Missing character: There is no i in font nullfont!
Missing character: There is no s in font nullfont!
Missing character: There is no f in font nullfont!
Missing character: There is no i in font nullfont!
Missing character: There is no e in font nullfont!
Missing character: There is no s in font nullfont!

Overfull \hbox (20.0pt too wide) in paragraph at lines 32--33
[]
 []


Overfull \hbox (17.98376pt too wide) in paragraph at lines 32--33
\OML/cmm/m/it/10 w \OT1/cmr/m/n/10 =
 []


Overfull \hbox (17.98851pt too wide) in paragraph at lines 32--33
\OML/cmm/m/it/10 u[] \OMS/cmsy/m/n/10 ^^@
 []


Overfull \hbox (5.72458pt too wide) in paragraph at lines 32--33
\OML/cmm/m/it/10 u$
 []


Overfull \hbox (7.42825pt too wide) in paragraph at lines 32--33
\OML/cmm/m/it/10 w$
 []

Missing character: There is no i in font nullfont!
Missing character: There is no n in font nullfont!

Overfull \hbox (123.66515pt too wide) detected at line 36
[] \OML/cmm/m/it/10 w[] \OT1/cmr/m/n/10 + \OML/cmm/m/it/10 w \OT1/cmr/m/n/10 = 
0[]
[]\OML/cmm/m/it/10 ; [] w[]\OT1/cmr/m/n/10 (0) = 0\OML/cmm/m/it/10 :[] 
 []

Missing character: There is no B in font nullfont!
Missing character: There is no y in font nullfont!
Missing character: There is no s in font nullfont!
Missing character: There is no o in font nullfont!
Missing character: There is no l in font nullfont!
Missing character: There is no v in font nullfont!
Missing character: There is no i in font nullfont!
Missing character: There is no n in font nullfont!
Missing character: There is no g in font nullfont!
Missing character: There is no t in font nullfont!
Missing character: There is no h in font nullfont!
Missing character: There is no e in font nullfont!
Missing character: There is no a in font nullfont!
Missing character: There is no b in font nullfont!
Missing character: There is no o in font nullfont!
Missing character: There is no v in font nullfont!
Missing character: There is no e in font nullfont!
Missing character: There is no s in font nullfont!
Missing character: There is no e in font nullfont!
Missing character: There is no c in font nullfont!
Missing character: There is no o in font nullfont!
Missing character: There is no n in font nullfont!
Missing character: There is no d in font nullfont!
Missing character: There is no o in font nullfont!
Missing character: There is no r in font nullfont!
Missing character: There is no d in font nullfont!
Missing character: There is no e in font nullfont!
Missing character: There is no r in font nullfont!
Missing character: There is no o in font nullfont!
Missing character: There is no r in font nullfont!
Missing character: There is no d in font nullfont!
Missing character: There is no i in font nullfont!
Missing character: There is no n in font nullfont!
Missing character: There is no a in font nullfont!
Missing character: There is no r in font nullfont!
Missing character: There is no y in font nullfont!
Missing character: There is no d in font nullfont!
Missing character: There is no i in font nullfont!
Missing character: There is no f in font nullfont!
Missing character: There is no f in font nullfont!
Missing character: There is no e in font nullfont!
Missing character: There is no r in font nullfont!
Missing character: There is no e in font nullfont!
Missing character: There is no n in font nullfont!
Missing character: There is no t in font nullfont!
Missing character: There is no i in font nullfont!
Missing character: There is no a in font nullfont!
Missing character: There is no l in font nullfont!
Missing character: There is no e in font nullfont!
Missing character: There is no q in font nullfont!
Missing character: There is no u in font nullfont!
Missing character: There is no a in font nullfont!
Missing character: There is no t in font nullfont!
Missing character: There is no i in font nullfont!
Missing character: There is no o in font nullfont!
Missing character: There is no n in font nullfont!
Missing character: There is no ( in font nullfont!
Missing character: There is no O in font nullfont!
Missing character: There is no D in font nullfont!
Missing character: There is no E in font nullfont!
Missing character: There is no ) in font nullfont!
Missing character: There is no , in font nullfont!
Missing character: There is no w in font nullfont!
Missing character: There is no e in font nullfont!
Missing character: There is no h in font nullfont!
Missing character: There is no a in font nullfont!
Missing character: There is no v in font nullfont!
Missing character: There is no e in font nullfont!
Missing character: There is no f in font nullfont!
Missing character: There is no o in font nullfont!
Missing character: There is no r in font nullfont!
Missing character: There is no s in font nullfont!
Missing character: There is no o in font nullfont!
Missing character: There is no m in font nullfont!
Missing character: There is no e in font nullfont!
Missing character: There is no c in font nullfont!
Missing character: There is no o in font nullfont!
Missing character: There is no n in font nullfont!
Missing character: There is no s in font nullfont!
Missing character: There is no t in font nullfont!
Missing character: There is no a in font nullfont!
Missing character: There is no n in font nullfont!
Missing character: There is no t in font nullfont!
Missing character: There is no . in font nullfont!
Missing character: There is no S in font nullfont!
Missing character: There is no o in font nullfont!
Missing character: There is no . in font nullfont!

Overfull \hbox (17.98376pt too wide) in paragraph at lines 36--38
            $\OML/cmm/m/it/10 w \OT1/cmr/m/n/10 =
 []


Overfull \hbox (29.22018pt too wide) in paragraph at lines 36--38
\OML/cmm/m/it/10 C\OT1/cmr/m/n/10 (\OML/cmm/m/it/10 e[] \OT1/cmr/m/n/10 +
 []


Overfull \hbox (19.82991pt too wide) in paragraph at lines 36--38
\OML/cmm/m/it/10 e[]\OT1/cmr/m/n/10 )$
 []


Overfull \hbox (7.86249pt too wide) in paragraph at lines 36--38
\OML/cmm/m/it/10 C$
 []


Overfull \hbox (24.74304pt too wide) in paragraph at lines 36--38
\OML/cmm/m/it/10 M[] \OT1/cmr/m/n/10 =
 []


Overfull \hbox (41.89091pt too wide) in paragraph at lines 36--38
[]\OMS/cmsy/m/n/10 f\OML/cmm/m/it/10 e[] \OT1/cmr/m/n/10 +
 []


Overfull \hbox (20.94102pt too wide) in paragraph at lines 36--38
\OML/cmm/m/it/10 e[]\OMS/cmsy/m/n/10 g$ 
 []


! LaTeX Error: Missing \begin{document}.

See the LaTeX manual or LaTeX Companion for explanation.
Type  H <return>  for immediate help.
 ...                                              
                                                  
l.39 S
      imilarly, $v:=u_2-u\in M_2$ and satisfies
You're in trouble here.  Try typing  <return>  to proceed.
If that doesn't work, type  X <return>  to quit.

Missing character: There is no S in font nullfont!
Missing character: There is no i in font nullfont!
Missing character: There is no m in font nullfont!
Missing character: There is no i in font nullfont!
Missing character: There is no l in font nullfont!
Missing character: There is no a in font nullfont!
Missing character: There is no r in font nullfont!
Missing character: There is no l in font nullfont!
Missing character: There is no y in font nullfont!
Missing character: There is no , in font nullfont!
Missing character: There is no a in font nullfont!
Missing character: There is no n in font nullfont!
Missing character: There is no d in font nullfont!
Missing character: There is no s in font nullfont!
Missing character: There is no a in font nullfont!
Missing character: There is no t in font nullfont!
Missing character: There is no i in font nullfont!
Missing character: There is no s in font nullfont!
Missing character: There is no f in font nullfont!
Missing character: There is no i in font nullfont!
Missing character: There is no e in font nullfont!
Missing character: There is no s in font nullfont!

Overfull \hbox (20.0pt too wide) in paragraph at lines 39--40
[]
 []


Overfull \hbox (18.5393pt too wide) in paragraph at lines 39--40
\OML/cmm/m/it/10 v \OT1/cmr/m/n/10 :=
 []


Overfull \hbox (17.98851pt too wide) in paragraph at lines 39--40
\OML/cmm/m/it/10 u[] \OMS/cmsy/m/n/10 ^^@
 []


Overfull \hbox (15.16898pt too wide) in paragraph at lines 39--40
\OML/cmm/m/it/10 u \OMS/cmsy/m/n/10 2
 []


Overfull \hbox (14.18753pt too wide) in paragraph at lines 39--40
\OML/cmm/m/it/10 M[]$
 []

Missing character: There is no i in font nullfont!
Missing character: There is no n in font nullfont!

Overfull \hbox (116.99841pt too wide) detected at line 43
[] \OML/cmm/m/it/10 v[] \OT1/cmr/m/n/10 + \OML/cmm/m/it/10 v \OT1/cmr/m/n/10 = 
0[]
[]\OML/cmm/m/it/10 ; [] v[]\OT1/cmr/m/n/10 (1) = 0\OML/cmm/m/it/10 :[] 
 []


! LaTeX Error: Missing \begin{document}.

See the LaTeX manual or LaTeX Companion for explanation.
Type  H <return>  for immediate help.
 ...                                              
                                                  
l.45 T
      he above ODE is solved by $v=D(e^x+e^{2-x})$ for some constant $D$, so...

You're in trouble here.  Try typing  <return>  to proceed.
If that doesn't work, type  X <return>  to quit.

Missing character: There is no T in font nullfont!
Missing character: There is no h in font nullfont!
Missing character: There is no e in font nullfont!
Missing character: There is no a in font nullfont!
Missing character: There is no b in font nullfont!
Missing character: There is no o in font nullfont!
Missing character: There is no v in font nullfont!
Missing character: There is no e in font nullfont!
Missing character: There is no O in font nullfont!
Missing character: There is no D in font nullfont!
Missing character: There is no E in font nullfont!
Missing character: There is no i in font nullfont!
Missing character: There is no s in font nullfont!
Missing character: There is no s in font nullfont!
Missing character: There is no o in font nullfont!
Missing character: There is no l in font nullfont!
Missing character: There is no v in font nullfont!
Missing character: There is no e in font nullfont!
Missing character: There is no d in font nullfont!
Missing character: There is no b in font nullfont!
Missing character: There is no y in font nullfont!
Missing character: There is no f in font nullfont!
Missing character: There is no o in font nullfont!
Missing character: There is no r in font nullfont!
Missing character: There is no s in font nullfont!
Missing character: There is no o in font nullfont!
Missing character: There is no m in font nullfont!
Missing character: There is no e in font nullfont!
Missing character: There is no c in font nullfont!
Missing character: There is no o in font nullfont!
Missing character: There is no n in font nullfont!
Missing character: There is no s in font nullfont!
Missing character: There is no t in font nullfont!
Missing character: There is no a in font nullfont!
Missing character: There is no n in font nullfont!
Missing character: There is no t in font nullfont!
Missing character: There is no , in font nullfont!
Missing character: There is no s in font nullfont!
Missing character: There is no o in font nullfont!
Missing character: There is no . in font nullfont!

Overfull \hbox (20.0pt too wide) in paragraph at lines 45--46
[]
 []


Overfull \hbox (15.76152pt too wide) in paragraph at lines 45--46
\OML/cmm/m/it/10 v \OT1/cmr/m/n/10 =
 []


Overfull \hbox (29.91464pt too wide) in paragraph at lines 45--46
\OML/cmm/m/it/10 D\OT1/cmr/m/n/10 (\OML/cmm/m/it/10 e[] \OT1/cmr/m/n/10 +
 []


Overfull \hbox (23.81604pt too wide) in paragraph at lines 45--46
\OML/cmm/m/it/10 e[]\OT1/cmr/m/n/10 )$
 []


Overfull \hbox (8.55695pt too wide) in paragraph at lines 45--46
\OML/cmm/m/it/10 D$
 []


Overfull \hbox (24.74304pt too wide) in paragraph at lines 45--46
\OML/cmm/m/it/10 M[] \OT1/cmr/m/n/10 =
 []


Overfull \hbox (41.89091pt too wide) in paragraph at lines 45--46
[]\OMS/cmsy/m/n/10 f\OML/cmm/m/it/10 e[] \OT1/cmr/m/n/10 +
 []


Overfull \hbox (24.92715pt too wide) in paragraph at lines 45--46
\OML/cmm/m/it/10 e[]\OMS/cmsy/m/n/10 g$ 
 []


! LaTeX Error: Missing \begin{document}.

See the LaTeX manual or LaTeX Companion for explanation.
Type  H <return>  for immediate help.
 ...                                              
                                                  
l.47 N
      ote that $u_0-u=(u_0-u_1)+(u_1-u)$ where $u_0-u_1\in Y_1=M_{1}^{\perp}...

You're in trouble here.  Try typing  <return>  to proceed.
If that doesn't work, type  X <return>  to quit.

Missing character: There is no N in font nullfont!
Missing character: There is no o in font nullfont!
Missing character: There is no t in font nullfont!
Missing character: There is no e in font nullfont!
Missing character: There is no t in font nullfont!
Missing character: There is no h in font nullfont!
Missing character: There is no a in font nullfont!
Missing character: There is no t in font nullfont!
Missing character: There is no w in font nullfont!
Missing character: There is no h in font nullfont!
Missing character: There is no e in font nullfont!
Missing character: There is no r in font nullfont!
Missing character: There is no e in font nullfont!
Missing character: There is no a in font nullfont!
Missing character: There is no n in font nullfont!
Missing character: There is no d in font nullfont!
Missing character: There is no , in font nullfont!
Missing character: There is no s in font nullfont!
Missing character: There is no o in font nullfont!
Missing character: There is no w in font nullfont!
Missing character: There is no h in font nullfont!
Missing character: There is no e in font nullfont!
Missing character: There is no r in font nullfont!
Missing character: There is no e in font nullfont!
Missing character: There is no i in font nullfont!
Missing character: There is no s in font nullfont!
Missing character: There is no t in font nullfont!
Missing character: There is no h in font nullfont!
Missing character: There is no e in font nullfont!
Missing character: There is no o in font nullfont!
Missing character: There is no r in font nullfont!
Missing character: There is no t in font nullfont!
Missing character: There is no h in font nullfont!
Missing character: There is no o in font nullfont!
Missing character: There is no g in font nullfont!
Missing character: There is no o in font nullfont!
Missing character: There is no n in font nullfont!
Missing character: There is no a in font nullfont!
Missing character: There is no l in font nullfont!
Missing character: There is no p in font nullfont!
Missing character: There is no r in font nullfont!
Missing character: There is no o in font nullfont!
Missing character: There is no j in font nullfont!
Missing character: There is no e in font nullfont!
Missing character: There is no c in font nullfont!
Missing character: There is no t in font nullfont!
Missing character: There is no i in font nullfont!
Missing character: There is no o in font nullfont!
Missing character: There is no n in font nullfont!
Missing character: There is no o in font nullfont!
Missing character: There is no n in font nullfont!
Missing character: There is no t in font nullfont!
Missing character: There is no o in font nullfont!
Missing character: There is no f in font nullfont!
Missing character: There is no o in font nullfont!
Missing character: There is no r in font nullfont!
Missing character: There is no . in font nullfont!
Missing character: There is no S in font nullfont!
Missing character: There is no i in font nullfont!
Missing character: There is no m in font nullfont!
Missing character: There is no i in font nullfont!
Missing character: There is no l in font nullfont!
Missing character: There is no a in font nullfont!
Missing character: There is no r in font nullfont!
Missing character: There is no l in font nullfont!
Missing character: There is no y in font nullfont!
Missing character: There is no , in font nullfont!
Missing character: There is no a in font nullfont!
Missing character: There is no s in font nullfont!
Missing character: There is no w in font nullfont!
Missing character: There is no h in font nullfont!
Missing character: There is no e in font nullfont!
Missing character: There is no r in font nullfont!
Missing character: There is no e in font nullfont!
Missing character: There is no a in font nullfont!
Missing character: There is no n in font nullfont!
Missing character: There is no d in font nullfont!
Missing character: There is no . in font nullfont!

Overfull \hbox (20.0pt too wide) in paragraph at lines 47--48
[]
 []


Overfull \hbox (17.98851pt too wide) in paragraph at lines 47--48
\OML/cmm/m/it/10 u[] \OMS/cmsy/m/n/10 ^^@
 []


Overfull \hbox (16.28009pt too wide) in paragraph at lines 47--48
\OML/cmm/m/it/10 u \OT1/cmr/m/n/10 =
 []


Overfull \hbox (21.87741pt too wide) in paragraph at lines 47--48
\OT1/cmr/m/n/10 (\OML/cmm/m/it/10 u[] \OMS/cmsy/m/n/10 ^^@
 []


Overfull \hbox (21.87741pt too wide) in paragraph at lines 47--48
\OML/cmm/m/it/10 u[]\OT1/cmr/m/n/10 ) +
 []


Overfull \hbox (21.87741pt too wide) in paragraph at lines 47--48
\OT1/cmr/m/n/10 (\OML/cmm/m/it/10 u[] \OMS/cmsy/m/n/10 ^^@
 []


Overfull \hbox (9.61348pt too wide) in paragraph at lines 47--48
\OML/cmm/m/it/10 u\OT1/cmr/m/n/10 )$
 []


Overfull \hbox (17.98851pt too wide) in paragraph at lines 47--48
\OML/cmm/m/it/10 u[] \OMS/cmsy/m/n/10 ^^@
 []


Overfull \hbox (19.6551pt too wide) in paragraph at lines 47--48
\OML/cmm/m/it/10 u[] \OMS/cmsy/m/n/10 2
 []


Overfull \hbox (20.8472pt too wide) in paragraph at lines 47--48
\OML/cmm/m/it/10 Y[] \OT1/cmr/m/n/10 =
 []


Overfull \hbox (17.54167pt too wide) in paragraph at lines 47--48
\OML/cmm/m/it/10 M[]$
 []


Overfull \hbox (13.50238pt too wide) in paragraph at lines 47--48
\OML/cmm/m/it/10 u \OMS/cmsy/m/n/10 ^^@
 []


Overfull \hbox (19.6551pt too wide) in paragraph at lines 47--48
\OML/cmm/m/it/10 u[] \OMS/cmsy/m/n/10 2
 []


Overfull \hbox (14.18753pt too wide) in paragraph at lines 47--48
\OML/cmm/m/it/10 M[]$
 []


Overfull \hbox (17.98851pt too wide) in paragraph at lines 47--48
\OML/cmm/m/it/10 u[] \OMS/cmsy/m/n/10 ^^@
 []


Overfull \hbox (16.28009pt too wide) in paragraph at lines 47--48
\OML/cmm/m/it/10 u \OT1/cmr/m/n/10 =
 []


Overfull \hbox (32.78368pt too wide) in paragraph at lines 47--48
\OML/cmm/m/it/10 P[]\OT1/cmr/m/n/10 (\OML/cmm/m/it/10 u[] \OMS/cmsy/m/n/10 ^^@
 []


Overfull \hbox (9.61348pt too wide) in paragraph at lines 47--48
\OML/cmm/m/it/10 u\OT1/cmr/m/n/10 )$
 []


Overfull \hbox (9.74942pt too wide) in paragraph at lines 47--48
\OML/cmm/m/it/10 P[]$
 []


Overfull \hbox (13.03069pt too wide) in paragraph at lines 47--48
\OML/cmm/m/it/10 M[]$
 []


Overfull \hbox (14.00064pt too wide) in paragraph at lines 47--48
\OML/cmm/m/it/10 i \OT1/cmr/m/n/10 =
 []


Overfull \hbox (14.44444pt too wide) in paragraph at lines 47--48
\OT1/cmr/m/n/10 1\OML/cmm/m/it/10 ; \OT1/cmr/m/n/10 2$
 []


Overfull \hbox (17.98851pt too wide) in paragraph at lines 47--48
\OML/cmm/m/it/10 u[] \OMS/cmsy/m/n/10 ^^@
 []


Overfull \hbox (16.28009pt too wide) in paragraph at lines 47--48
\OML/cmm/m/it/10 u \OT1/cmr/m/n/10 =
 []


Overfull \hbox (32.78368pt too wide) in paragraph at lines 47--48
\OML/cmm/m/it/10 P[]\OT1/cmr/m/n/10 (\OML/cmm/m/it/10 u[] \OMS/cmsy/m/n/10 ^^@
 []


Overfull \hbox (9.61348pt too wide) in paragraph at lines 47--48
\OML/cmm/m/it/10 u\OT1/cmr/m/n/10 )$
 []


Overfull \hbox (17.98851pt too wide) in paragraph at lines 47--48
\OML/cmm/m/it/10 u[] \OMS/cmsy/m/n/10 ^^@
 []


Overfull \hbox (16.28009pt too wide) in paragraph at lines 47--48
\OML/cmm/m/it/10 u \OT1/cmr/m/n/10 =
 []


Overfull \hbox (21.87741pt too wide) in paragraph at lines 47--48
\OT1/cmr/m/n/10 (\OML/cmm/m/it/10 u[] \OMS/cmsy/m/n/10 ^^@
 []


Overfull \hbox (21.87741pt too wide) in paragraph at lines 47--48
\OML/cmm/m/it/10 u[]\OT1/cmr/m/n/10 ) +
 []


Overfull \hbox (21.87741pt too wide) in paragraph at lines 47--48
\OT1/cmr/m/n/10 (\OML/cmm/m/it/10 u[] \OMS/cmsy/m/n/10 ^^@
 []


Overfull \hbox (9.61348pt too wide) in paragraph at lines 47--48
\OML/cmm/m/it/10 u\OT1/cmr/m/n/10 )$
 []


Overfull \hbox (17.98851pt too wide) in paragraph at lines 47--48
\OML/cmm/m/it/10 u[] \OMS/cmsy/m/n/10 ^^@
 []


Overfull \hbox (15.16898pt too wide) in paragraph at lines 47--48
\OML/cmm/m/it/10 u \OMS/cmsy/m/n/10 2
 []


Overfull \hbox (14.18753pt too wide) in paragraph at lines 47--48
\OML/cmm/m/it/10 M[]$
 []


Overfull \hbox (17.98851pt too wide) in paragraph at lines 47--48
\OML/cmm/m/it/10 u[] \OMS/cmsy/m/n/10 ^^@
 []


Overfull \hbox (19.6551pt too wide) in paragraph at lines 47--48
\OML/cmm/m/it/10 u[] \OMS/cmsy/m/n/10 2
 []


Overfull \hbox (17.54167pt too wide) in paragraph at lines 47--48
\OML/cmm/m/it/10 M[]$ 
 []


! LaTeX Error: Missing \begin{document}.

See the LaTeX manual or LaTeX Companion for explanation.
Type  H <return>  for immediate help.
 ...                                              
                                                  
l.49 I
      teratively, $$u_{2n+1}-u=P_{1}(u_{2n}-u)$$ and $$u_{2n}-u=P_{2}(u_{2n-...

You're in trouble here.  Try typing  <return>  to proceed.
If that doesn't work, type  X <return>  to quit.

Missing character: There is no I in font nullfont!
Missing character: There is no t in font nullfont!
Missing character: There is no e in font nullfont!
Missing character: There is no r in font nullfont!
Missing character: There is no a in font nullfont!
Missing character: There is no t in font nullfont!
Missing character: There is no i in font nullfont!
Missing character: There is no v in font nullfont!
Missing character: There is no e in font nullfont!
Missing character: There is no l in font nullfont!
Missing character: There is no y in font nullfont!
Missing character: There is no , in font nullfont!

Overfull \hbox (20.0pt too wide) in paragraph at lines 49--49
[] 
 []


Overfull \hbox (99.45517pt too wide) detected at line 49
\OML/cmm/m/it/10 u[] \OMS/cmsy/m/n/10 ^^@ \OML/cmm/m/it/10 u \OT1/cmr/m/n/10 = 
\OML/cmm/m/it/10 P[]\OT1/cmr/m/n/10 (\OML/cmm/m/it/10 u[] \OMS/cmsy/m/n/10 ^^@ 
\OML/cmm/m/it/10 u\OT1/cmr/m/n/10 )
 []

Missing character: There is no a in font nullfont!
Missing character: There is no n in font nullfont!
Missing character: There is no d in font nullfont!

Overfull \hbox (99.56627pt too wide) detected at line 49
\OML/cmm/m/it/10 u[] \OMS/cmsy/m/n/10 ^^@ \OML/cmm/m/it/10 u \OT1/cmr/m/n/10 = 
\OML/cmm/m/it/10 P[]\OT1/cmr/m/n/10 (\OML/cmm/m/it/10 u[] \OMS/cmsy/m/n/10 ^^@ 
\OML/cmm/m/it/10 u\OT1/cmr/m/n/10 )
 []

Missing character: There is no f in font nullfont!
Missing character: There is no o in font nullfont!
Missing character: There is no r in font nullfont!
Missing character: There is no . in font nullfont!

Overfull \hbox (16.55786pt too wide) in paragraph at lines 49--50
 $\OML/cmm/m/it/10 n \OMS/cmsy/m/n/10 ^^U
 []


Overfull \hbox (5.00002pt too wide) in paragraph at lines 49--50
\OT1/cmr/m/n/10 1$ 
 []


! LaTeX Error: Missing \begin{document}.

See the LaTeX manual or LaTeX Companion for explanation.
Type  H <return>  for immediate help.
 ...                                              
                                                  
l.51 L
      et $T=P_{2}P_{1}$. If $x_{2n}:=u_{2n}-u$, $x_0:=u_0-u$, then $x_{2n}=T...

You're in trouble here.  Try typing  <return>  to proceed.
If that doesn't work, type  X <return>  to quit.

Missing character: There is no L in font nullfont!
Missing character: There is no e in font nullfont!
Missing character: There is no t in font nullfont!
Missing character: There is no . in font nullfont!
Missing character: There is no I in font nullfont!
Missing character: There is no f in font nullfont!
Missing character: There is no , in font nullfont!
Missing character: There is no , in font nullfont!
Missing character: There is no t in font nullfont!
Missing character: There is no h in font nullfont!
Missing character: There is no e in font nullfont!
Missing character: There is no n in font nullfont!
Missing character: There is no . in font nullfont!

Overfull \hbox (20.0pt too wide) in paragraph at lines 51--52
[]
 []


Overfull \hbox (17.78816pt too wide) in paragraph at lines 51--52
\OML/cmm/m/it/10 T \OT1/cmr/m/n/10 =
 []


Overfull \hbox (21.81253pt too wide) in paragraph at lines 51--52
\OML/cmm/m/it/10 P[]P[]$
 []


Overfull \hbox (28.47803pt too wide) in paragraph at lines 51--52
\OML/cmm/m/it/10 x[] \OT1/cmr/m/n/10 :=
 []


Overfull \hbox (22.93184pt too wide) in paragraph at lines 51--52
\OML/cmm/m/it/10 u[] \OMS/cmsy/m/n/10 ^^@
 []


Overfull \hbox (5.72458pt too wide) in paragraph at lines 51--52
\OML/cmm/m/it/10 u$
 []


Overfull \hbox (23.5347pt too wide) in paragraph at lines 51--52
\OML/cmm/m/it/10 x[] \OT1/cmr/m/n/10 :=
 []


Overfull \hbox (17.98851pt too wide) in paragraph at lines 51--52
\OML/cmm/m/it/10 u[] \OMS/cmsy/m/n/10 ^^@
 []


Overfull \hbox (5.72458pt too wide) in paragraph at lines 51--52
\OML/cmm/m/it/10 u$
 []


Overfull \hbox (25.70024pt too wide) in paragraph at lines 51--52
\OML/cmm/m/it/10 x[] \OT1/cmr/m/n/10 =
 []


Overfull \hbox (22.87738pt too wide) in paragraph at lines 51--52
\OML/cmm/m/it/10 T[]x[]$ 
 []


! LaTeX Error: Missing \begin{document}.

See the LaTeX manual or LaTeX Companion for explanation.
Type  H <return>  for immediate help.
 ...                                              
                                                  
l.53 B
      y \emph{Von-Neumann Halperin Theorem}, $$\lim_{n\rightarrow \infty}\|T...

You're in trouble here.  Try typing  <return>  to proceed.
If that doesn't work, type  X <return>  to quit.

Missing character: There is no B in font nullfont!
Missing character: There is no y in font nullfont!
Missing character: There is no , in font nullfont!

Overfull \hbox (20.0pt too wide) in paragraph at lines 53--53
[]
 []


Overfull \hbox (20.97765pt too wide) in paragraph at lines 53--53
\OT1/cmr/m/it/10 Von-
 []


Overfull \hbox (41.93309pt too wide) in paragraph at lines 53--53
\OT1/cmr/m/it/10 Neumann
 []


Overfull \hbox (37.2053pt too wide) in paragraph at lines 53--53
\OT1/cmr/m/it/10 Halperin
 []


Overfull \hbox (20.44429pt too wide) in paragraph at lines 53--53
\OT1/cmr/m/it/10 The-
 []


Overfull \hbox (8.68883pt too wide) in paragraph at lines 53--53
\OT1/cmr/m/it/10 o-
 []


Overfull \hbox (16.4832pt too wide) in paragraph at lines 53--53
\OT1/cmr/m/it/10 rem 
 []


! LaTeX Error: The font size command \normalsize is not defined:
               there is probably something wrong with the class file.

See the LaTeX manual or LaTeX Companion for explanation.
Type  H <return>  for immediate help.
 ...                                              
                                                  
l.53 By \emph{Von-Neumann Halperin Theorem}, $$
                                               \lim_{n\rightarrow \infty}\|T...

Your command was ignored.
Type  I <command> <return>  to replace it with another command,
or  <return>  to continue without it.

[1
! Undefined control sequence.
<write> \newlabel{sec:SAM}{{}{\thepage 
                                       }}
l.53 By \emph{Von-Neumann Halperin Theorem}, $$
                                               \lim_{n\rightarrow \infty}\|T...
The control sequence at the end of the top line
of your error message was never \def'ed. If you have
misspelled it (e.g., `\hobx'), type `I' and the correct
spelling (e.g., `I\hbox'). Otherwise just continue,
and I'll forget about whatever was undefined.

\newlabel{sec:SAM}{{}{}}
{/usr/local/texlive/2015/texmf-var/fonts/map/pdftex/updmap/pdftex.map}]
Overfull \hbox (107.04083pt too wide) detected at line 53
[] \OMS/cmsy/m/n/10 k\OML/cmm/m/it/10 T[]x[] \OMS/cmsy/m/n/10 ^^@ \OML/cmm/m/it
/10 P[]x[]\OMS/cmsy/m/n/10 k \OT1/cmr/m/n/10 = 0
 []

Missing character: There is no w in font nullfont!
Missing character: There is no h in font nullfont!
Missing character: There is no e in font nullfont!
Missing character: There is no r in font nullfont!
Missing character: There is no e in font nullfont!
Missing character: There is no . in font nullfont!
Missing character: There is no I in font nullfont!
Missing character: There is no n in font nullfont!
Missing character: There is no t in font nullfont!
Missing character: There is no h in font nullfont!
Missing character: There is no i in font nullfont!
Missing character: There is no s in font nullfont!
Missing character: There is no c in font nullfont!
Missing character: There is no a in font nullfont!
Missing character: There is no s in font nullfont!
Missing character: There is no e in font nullfont!
Missing character: There is no , in font nullfont!
Missing character: There is no s in font nullfont!
Missing character: There is no o in font nullfont!
Missing character: There is no . in font nullfont!
Missing character: There is no T in font nullfont!
Missing character: There is no h in font nullfont!
Missing character: There is no e in font nullfont!
Missing character: There is no n in font nullfont!
Missing character: There is no , in font nullfont!
Missing character: There is no t in font nullfont!
Missing character: There is no h in font nullfont!
Missing character: There is no a in font nullfont!
Missing character: There is no t in font nullfont!
Missing character: There is no i in font nullfont!
Missing character: There is no s in font nullfont!
Missing character: There is no , in font nullfont!
Missing character: There is no c in font nullfont!
Missing character: There is no o in font nullfont!
Missing character: There is no n in font nullfont!
Missing character: There is no v in font nullfont!
Missing character: There is no e in font nullfont!
Missing character: There is no r in font nullfont!
Missing character: There is no g in font nullfont!
Missing character: There is no e in font nullfont!
Missing character: There is no s in font nullfont!
Missing character: There is no t in font nullfont!
Missing character: There is no o in font nullfont!
Missing character: There is no . in font nullfont!

Overfull \hbox (21.34717pt too wide) in paragraph at lines 53--54
 $\OML/cmm/m/it/10 M \OT1/cmr/m/n/10 =
 []


Overfull \hbox (20.85422pt too wide) in paragraph at lines 53--54
\OML/cmm/m/it/10 M[] \OMS/cmsy/m/n/10 \
 []


Overfull \hbox (14.18753pt too wide) in paragraph at lines 53--54
\OML/cmm/m/it/10 M[]$
 []


Overfull \hbox (21.34717pt too wide) in paragraph at lines 53--54
\OML/cmm/m/it/10 M \OT1/cmr/m/n/10 =
 []


Overfull \hbox (20.85422pt too wide) in paragraph at lines 53--54
\OML/cmm/m/it/10 M[] \OMS/cmsy/m/n/10 \
 []


Overfull \hbox (24.74304pt too wide) in paragraph at lines 53--54
\OML/cmm/m/it/10 M[] \OT1/cmr/m/n/10 =
 []


Overfull \hbox (15.00005pt too wide) in paragraph at lines 53--54
\OMS/cmsy/m/n/10 f\OT1/cmr/m/n/10 0\OMS/cmsy/m/n/10 g$
 []


Overfull \hbox (36.05345pt too wide) in paragraph at lines 53--54
\OML/cmm/m/it/10 P[]x[] \OT1/cmr/m/n/10 =
 []


Overfull \hbox (5.00002pt too wide) in paragraph at lines 53--54
\OT1/cmr/m/n/10 0$
 []


Overfull \hbox (72.64365pt too wide) in paragraph at lines 53--54
[][] \OMS/cmsy/m/n/10 k\OML/cmm/m/it/10 x[]\OMS/cmsy/m/n/10 k \OT1/cmr/m/n/10 =

 []


Overfull \hbox (5.00002pt too wide) in paragraph at lines 53--54
\OT1/cmr/m/n/10 0$
 []


Overfull \hbox (15.15404pt too wide) in paragraph at lines 53--54
\OML/cmm/m/it/10 u[]$
 []


Overfull \hbox (5.72458pt too wide) in paragraph at lines 53--54
\OML/cmm/m/it/10 u$ 
 []


! LaTeX Error: Missing \begin{document}.

See the LaTeX manual or LaTeX Companion for explanation.
Type  H <return>  for immediate help.
 ...                                              
                                                  
l.55 N
      ote that $$x_{2n+1}=u_{2n+1}-u=P_{1}(u_{2n}-u)=P_{1}T^n x_0.$$
You're in trouble here.  Try typing  <return>  to proceed.
If that doesn't work, type  X <return>  to quit.

Missing character: There is no N in font nullfont!
Missing character: There is no o in font nullfont!
Missing character: There is no t in font nullfont!
Missing character: There is no e in font nullfont!
Missing character: There is no t in font nullfont!
Missing character: There is no h in font nullfont!
Missing character: There is no a in font nullfont!
Missing character: There is no t in font nullfont!

Overfull \hbox (20.0pt too wide) in paragraph at lines 55--55
[]
 []


Overfull \hbox (187.95282pt too wide) detected at line 55
\OML/cmm/m/it/10 x[] \OT1/cmr/m/n/10 = \OML/cmm/m/it/10 u[] \OMS/cmsy/m/n/10 ^^
@ \OML/cmm/m/it/10 u \OT1/cmr/m/n/10 = \OML/cmm/m/it/10 P[]\OT1/cmr/m/n/10 (\OM
L/cmm/m/it/10 u[] \OMS/cmsy/m/n/10 ^^@ \OML/cmm/m/it/10 u\OT1/cmr/m/n/10 ) = \O
ML/cmm/m/it/10 P[]T[]x[]:
 []

Missing character: There is no B in font nullfont!
Missing character: There is no y in font nullfont!
Missing character: There is no d in font nullfont!
Missing character: There is no e in font nullfont!
Missing character: There is no f in font nullfont!
Missing character: There is no i in font nullfont!
Missing character: There is no n in font nullfont!
Missing character: There is no i in font nullfont!
Missing character: There is no t in font nullfont!
Missing character: There is no i in font nullfont!
Missing character: There is no o in font nullfont!
Missing character: There is no n in font nullfont!
Missing character: There is no o in font nullfont!
Missing character: There is no f in font nullfont!
Missing character: There is no o in font nullfont!
Missing character: There is no r in font nullfont!
Missing character: There is no t in font nullfont!
Missing character: There is no h in font nullfont!
Missing character: There is no o in font nullfont!
Missing character: There is no g in font nullfont!
Missing character: There is no o in font nullfont!
Missing character: There is no n in font nullfont!
Missing character: There is no a in font nullfont!
Missing character: There is no l in font nullfont!
Missing character: There is no p in font nullfont!
Missing character: There is no r in font nullfont!
Missing character: There is no o in font nullfont!
Missing character: There is no j in font nullfont!
Missing character: There is no e in font nullfont!
Missing character: There is no c in font nullfont!
Missing character: There is no t in font nullfont!
Missing character: There is no i in font nullfont!
Missing character: There is no o in font nullfont!
Missing character: There is no n in font nullfont!
Missing character: There is no s in font nullfont!
Missing character: There is no , in font nullfont!
Missing character: There is no , in font nullfont!
Missing character: There is no s in font nullfont!
Missing character: There is no o in font nullfont!
Missing character: There is no . in font nullfont!
Missing character: There is no I in font nullfont!
Missing character: There is no t in font nullfont!
Missing character: There is no f in font nullfont!
Missing character: There is no o in font nullfont!
Missing character: There is no l in font nullfont!
Missing character: There is no l in font nullfont!
Missing character: There is no o in font nullfont!
Missing character: There is no w in font nullfont!
Missing character: There is no s in font nullfont!
Missing character: There is no t in font nullfont!
Missing character: There is no h in font nullfont!
Missing character: There is no a in font nullfont!
Missing character: There is no t in font nullfont!

Overfull \hbox (32.32178pt too wide) in paragraph at lines 55--58
     $\OML/cmm/m/it/10 T[]x[] \OMS/cmsy/m/n/10 2
 []


Overfull \hbox (14.18753pt too wide) in paragraph at lines 55--58
\OML/cmm/m/it/10 M[]$
 []


Overfull \hbox (44.33916pt too wide) in paragraph at lines 55--58
\OML/cmm/m/it/10 P[]T[]x[] \OT1/cmr/m/n/10 =
 []


Overfull \hbox (22.87738pt too wide) in paragraph at lines 55--58
\OML/cmm/m/it/10 T[]x[]$
 []


Overfull \hbox (248.00742pt too wide) detected at line 58
[] \OMS/cmsy/m/n/10 k\OML/cmm/m/it/10 x[] \OMS/cmsy/m/n/10 ^^@ \OML/cmm/m/it/10
 x[]\OMS/cmsy/m/n/10 k ^^T []\OT1/cmr/m/n/10 (\OMS/cmsy/m/n/10 k\OML/cmm/m/it/1
0 x[] \OMS/cmsy/m/n/10 ^^@ \OML/cmm/m/it/10 x[]\OMS/cmsy/m/n/10 k \OT1/cmr/m/n/
10 + \OMS/cmsy/m/n/10 k\OML/cmm/m/it/10 x[] \OMS/cmsy/m/n/10 ^^@ \OML/cmm/m/it/
10 x[]\OMS/cmsy/m/n/10 k\OT1/cmr/m/n/10 ) = 0\OML/cmm/m/it/10 :
 []

Missing character: There is no T in font nullfont!
Missing character: There is no h in font nullfont!
Missing character: There is no a in font nullfont!
Missing character: There is no t in font nullfont!
Missing character: There is no i in font nullfont!
Missing character: There is no s in font nullfont!
Missing character: There is no , in font nullfont!
Missing character: There is no c in font nullfont!
Missing character: There is no o in font nullfont!
Missing character: There is no n in font nullfont!
Missing character: There is no v in font nullfont!
Missing character: There is no e in font nullfont!
Missing character: There is no r in font nullfont!
Missing character: There is no g in font nullfont!
Missing character: There is no e in font nullfont!
Missing character: There is no s in font nullfont!
Missing character: There is no t in font nullfont!
Missing character: There is no o in font nullfont!
Missing character: There is no a in font nullfont!
Missing character: There is no s in font nullfont!
Missing character: There is no w in font nullfont!
Missing character: There is no e in font nullfont!
Missing character: There is no l in font nullfont!
Missing character: There is no l in font nullfont!
Missing character: There is no . in font nullfont!

Overfull \hbox (25.27908pt too wide) in paragraph at lines 58--59
  $\OML/cmm/m/it/10 u[]$
 []


Overfull \hbox (5.72458pt too wide) in paragraph at lines 58--59
\OML/cmm/m/it/10 u$
 []


! LaTeX Error: Missing \begin{document}.

See the LaTeX manual or LaTeX Companion for explanation.
Type  H <return>  for immediate help.
 ...                                              
                                                  
l.60 T
      hus, the \emph{Schwarz Alternating Method} generates a sequence of sol...

You're in trouble here.  Try typing  <return>  to proceed.
If that doesn't work, type  X <return>  to quit.

Missing character: There is no T in font nullfont!
Missing character: There is no h in font nullfont!
Missing character: There is no u in font nullfont!
Missing character: There is no s in font nullfont!
Missing character: There is no , in font nullfont!
Missing character: There is no t in font nullfont!
Missing character: There is no h in font nullfont!
Missing character: There is no e in font nullfont!
Missing character: There is no g in font nullfont!
Missing character: There is no e in font nullfont!
Missing character: There is no n in font nullfont!
Missing character: There is no e in font nullfont!
Missing character: There is no r in font nullfont!
Missing character: There is no a in font nullfont!
Missing character: There is no t in font nullfont!
Missing character: There is no e in font nullfont!
Missing character: There is no s in font nullfont!
Missing character: There is no a in font nullfont!
Missing character: There is no s in font nullfont!
Missing character: There is no e in font nullfont!
Missing character: There is no q in font nullfont!
Missing character: There is no u in font nullfont!
Missing character: There is no e in font nullfont!
Missing character: There is no n in font nullfont!
Missing character: There is no c in font nullfont!
Missing character: There is no e in font nullfont!
Missing character: There is no o in font nullfont!
Missing character: There is no f in font nullfont!
Missing character: There is no s in font nullfont!
Missing character: There is no o in font nullfont!
Missing character: There is no l in font nullfont!
Missing character: There is no u in font nullfont!
Missing character: There is no t in font nullfont!
Missing character: There is no i in font nullfont!
Missing character: There is no o in font nullfont!
Missing character: There is no n in font nullfont!
Missing character: There is no s in font nullfont!
Missing character: There is no c in font nullfont!
Missing character: There is no o in font nullfont!
Missing character: There is no n in font nullfont!
Missing character: There is no v in font nullfont!
Missing character: There is no e in font nullfont!
Missing character: There is no r in font nullfont!
Missing character: There is no g in font nullfont!
Missing character: There is no i in font nullfont!
Missing character: There is no n in font nullfont!
Missing character: There is no g in font nullfont!
Missing character: There is no t in font nullfont!
Missing character: There is no o in font nullfont!
Missing character: There is no t in font nullfont!
Missing character: There is no h in font nullfont!
Missing character: There is no e in font nullfont!
Missing character: There is no r in font nullfont!
Missing character: There is no e in font nullfont!
Missing character: There is no a in font nullfont!
Missing character: There is no l in font nullfont!
Missing character: There is no s in font nullfont!
Missing character: There is no o in font nullfont!
Missing character: There is no l in font nullfont!
Missing character: There is no u in font nullfont!
Missing character: There is no t in font nullfont!
Missing character: There is no i in font nullfont!
Missing character: There is no o in font nullfont!
Missing character: There is no n in font nullfont!
Missing character: There is no . in font nullfont!
)
! Emergency stop.
<*> 4_1_1_the_schwarz_alternating_method.tex
                                            
*** (job aborted, no legal \end found)

 
Here is how much of TeX's memory you used:
 13 strings out of 493089
 354 string characters out of 6134841
 61199 words of memory out of 5000000
 3595 multiletter control sequences out of 15000+600000
 3986 words of font info for 15 fonts, out of 8000000 for 9000
 1141 hyphenation exceptions out of 8191
 18i,6n,12p,340b,119s stack positions out of 5000i,500n,10000p,200000b,80000s
!  ==> Fatal error occurred, no output PDF file produced!
