This is pdfTeX, Version 3.14159265-2.6-1.40.16 (TeX Live 2015) (preloaded format=pdflatex 2015.12.20)  28 SEP 2016 12:47
entering extended mode
 restricted \write18 enabled.
 %&-line parsing enabled.
**4_1_2_Friedrichs_angles.tex
(./4_1_2_Friedrichs_angles.tex
LaTeX2e <2015/01/01>
Babel <3.9l> and hyphenation patterns for 79 languages loaded.
! Undefined control sequence.
l.1 \subsection
               {Calculation of the Friedrichs Angles}\label{sec:friedrichs_1...
The control sequence at the end of the top line
of your error message was never \def'ed. If you have
misspelled it (e.g., `\hobx'), type `I' and the correct
spelling (e.g., `I\hbox'). Otherwise just continue,
and I'll forget about whatever was undefined.


! LaTeX Error: Missing \begin{document}.

See the LaTeX manual or LaTeX Companion for explanation.
Type  H <return>  for immediate help.
 ...                                              
                                                  
l.1 \subsection{C
                 alculation of the Friedrichs Angles}\label{sec:friedrichs_1...

You're in trouble here.  Try typing  <return>  to proceed.
If that doesn't work, type  X <return>  to quit.

Missing character: There is no C in font nullfont!
Missing character: There is no a in font nullfont!
Missing character: There is no l in font nullfont!
Missing character: There is no c in font nullfont!
Missing character: There is no u in font nullfont!
Missing character: There is no l in font nullfont!
Missing character: There is no a in font nullfont!
Missing character: There is no t in font nullfont!
Missing character: There is no i in font nullfont!
Missing character: There is no o in font nullfont!
Missing character: There is no n in font nullfont!
Missing character: There is no o in font nullfont!
Missing character: There is no f in font nullfont!
Missing character: There is no t in font nullfont!
Missing character: There is no h in font nullfont!
Missing character: There is no e in font nullfont!
Missing character: There is no F in font nullfont!
Missing character: There is no r in font nullfont!
Missing character: There is no i in font nullfont!
Missing character: There is no e in font nullfont!
Missing character: There is no d in font nullfont!
Missing character: There is no r in font nullfont!
Missing character: There is no i in font nullfont!
Missing character: There is no c in font nullfont!
Missing character: There is no h in font nullfont!
Missing character: There is no s in font nullfont!
Missing character: There is no A in font nullfont!
Missing character: There is no n in font nullfont!
Missing character: There is no g in font nullfont!
Missing character: There is no l in font nullfont!
Missing character: There is no e in font nullfont!
Missing character: There is no s in font nullfont!

Overfull \hbox (20.0pt too wide) in paragraph at lines 1--2
[]
 []


! LaTeX Error: Missing \begin{document}.

See the LaTeX manual or LaTeX Companion for explanation.
Type  H <return>  for immediate help.
 ...                                              
                                                  
l.3 N
     ote that $Y=Y_1+Y_2$ is closed, and $Y=X$ if $s<r$ while $Y=\mathrm{Ker...

You're in trouble here.  Try typing  <return>  to proceed.
If that doesn't work, type  X <return>  to quit.

Missing character: There is no N in font nullfont!
Missing character: There is no o in font nullfont!
Missing character: There is no t in font nullfont!
Missing character: There is no e in font nullfont!
Missing character: There is no t in font nullfont!
Missing character: There is no h in font nullfont!
Missing character: There is no a in font nullfont!
Missing character: There is no t in font nullfont!
LaTeX Font Info:    External font `cmex10' loaded for size
(Font)              <7> on input line 3.
LaTeX Font Info:    External font `cmex10' loaded for size
(Font)              <5> on input line 3.
Missing character: There is no i in font nullfont!
Missing character: There is no s in font nullfont!
Missing character: There is no c in font nullfont!
Missing character: There is no l in font nullfont!
Missing character: There is no o in font nullfont!
Missing character: There is no s in font nullfont!
Missing character: There is no e in font nullfont!
Missing character: There is no d in font nullfont!
Missing character: There is no , in font nullfont!
Missing character: There is no a in font nullfont!
Missing character: There is no n in font nullfont!
Missing character: There is no d in font nullfont!
Missing character: There is no i in font nullfont!
Missing character: There is no f in font nullfont!
Missing character: There is no w in font nullfont!
Missing character: There is no h in font nullfont!
Missing character: There is no i in font nullfont!
Missing character: There is no l in font nullfont!
Missing character: There is no e in font nullfont!
Missing character: There is no i in font nullfont!
Missing character: There is no f in font nullfont!
Missing character: There is no , in font nullfont!
Missing character: There is no w in font nullfont!
Missing character: There is no h in font nullfont!
Missing character: There is no e in font nullfont!
Missing character: There is no r in font nullfont!
Missing character: There is no e in font nullfont!
Missing character: There is no i in font nullfont!
Missing character: There is no s in font nullfont!
Missing character: There is no d in font nullfont!
Missing character: There is no e in font nullfont!
Missing character: There is no f in font nullfont!
Missing character: There is no i in font nullfont!
Missing character: There is no n in font nullfont!
Missing character: There is no e in font nullfont!
Missing character: There is no d in font nullfont!
Missing character: There is no b in font nullfont!
Missing character: There is no y in font nullfont!
Missing character: There is no f in font nullfont!
Missing character: There is no o in font nullfont!
Missing character: There is no r in font nullfont!
Missing character: There is no . in font nullfont!
Missing character: There is no B in font nullfont!
Missing character: There is no y in font nullfont!
Missing character: There is no , in font nullfont!
Missing character: There is no t in font nullfont!
Missing character: There is no h in font nullfont!
Missing character: There is no e in font nullfont!
Missing character: There is no r in font nullfont!
Missing character: There is no e in font nullfont!
Missing character: There is no e in font nullfont!
Missing character: There is no x in font nullfont!
Missing character: There is no i in font nullfont!
Missing character: There is no s in font nullfont!
Missing character: There is no t in font nullfont!
Missing character: There is no s in font nullfont!
Missing character: There is no u in font nullfont!
Missing character: There is no n in font nullfont!
Missing character: There is no i in font nullfont!
Missing character: There is no q in font nullfont!
Missing character: There is no u in font nullfont!
Missing character: There is no e in font nullfont!
Missing character: There is no s in font nullfont!
Missing character: There is no u in font nullfont!
Missing character: There is no c in font nullfont!
Missing character: There is no h in font nullfont!
Missing character: There is no t in font nullfont!
Missing character: There is no h in font nullfont!
Missing character: There is no a in font nullfont!
Missing character: There is no t in font nullfont!
Missing character: There is no , in font nullfont!
Missing character: There is no t in font nullfont!
Missing character: There is no h in font nullfont!
Missing character: There is no a in font nullfont!
Missing character: There is no t in font nullfont!
Missing character: There is no i in font nullfont!
Missing character: There is no s in font nullfont!

Overfull \hbox (20.0pt too wide) in paragraph at lines 3--5
[]
 []


Overfull \hbox (18.5833pt too wide) in paragraph at lines 3--5
\OML/cmm/m/it/10 Y \OT1/cmr/m/n/10 =
 []


Overfull \hbox (18.06949pt too wide) in paragraph at lines 3--5
\OML/cmm/m/it/10 Y[] \OT1/cmr/m/n/10 +
 []


Overfull \hbox (10.29169pt too wide) in paragraph at lines 3--5
\OML/cmm/m/it/10 Y[]$
 []


Overfull \hbox (18.5833pt too wide) in paragraph at lines 3--5
\OML/cmm/m/it/10 Y \OT1/cmr/m/n/10 =
 []


Overfull \hbox (9.06943pt too wide) in paragraph at lines 3--5
\OML/cmm/m/it/10 X$
 []


Overfull \hbox (15.24301pt too wide) in paragraph at lines 3--5
\OML/cmm/m/it/10 s <
 []


Overfull \hbox (4.78937pt too wide) in paragraph at lines 3--5
\OML/cmm/m/it/10 r$
 []


Overfull \hbox (18.5833pt too wide) in paragraph at lines 3--5
\OML/cmm/m/it/10 Y \OT1/cmr/m/n/10 =
 []


Overfull \hbox (26.52551pt too wide) in paragraph at lines 3--5
[]\OML/cmm/m/it/10 ^^^[]$
 []


Overfull \hbox (15.34488pt too wide) in paragraph at lines 3--5
\OML/cmm/m/it/10 r \OT1/cmr/m/n/10 =
 []


Overfull \hbox (4.6875pt too wide) in paragraph at lines 3--5
\OML/cmm/m/it/10 s$
 []


Overfull \hbox (19.831pt too wide) in paragraph at lines 3--5
\OML/cmm/m/it/10 ^^^[] \OMS/cmsy/m/n/10 2
 []


Overfull \hbox (13.66666pt too wide) in paragraph at lines 3--5
\OML/cmm/m/it/10 X[]$
 []


Overfull \hbox (34.44449pt too wide) in paragraph at lines 3--5
\OML/cmm/m/it/10 ^^^[]\OT1/cmr/m/n/10 (\OML/cmm/m/it/10 u\OT1/cmr/m/n/10 ) =
 []


Overfull \hbox (18.29175pt too wide) in paragraph at lines 3--5
\OML/cmm/m/it/10 u\OT1/cmr/m/n/10 (\OML/cmm/m/it/10 r\OT1/cmr/m/n/10 )$
 []


Overfull \hbox (15.16898pt too wide) in paragraph at lines 3--5
\OML/cmm/m/it/10 u \OMS/cmsy/m/n/10 2
 []


Overfull \hbox (9.06943pt too wide) in paragraph at lines 3--5
\OML/cmm/m/it/10 X$
 []


Overfull \hbox (22.88318pt too wide) in paragraph at lines 3--5
\OT1/cmr/m/it/10 Riesz
 []


Overfull \hbox (20.07207pt too wide) in paragraph at lines 3--5
\OT1/cmr/m/it/10 Rep-
 []


Overfull \hbox (11.88321pt too wide) in paragraph at lines 3--5
\OT1/cmr/m/it/10 re-
 []


Overfull \hbox (17.88876pt too wide) in paragraph at lines 3--5
\OT1/cmr/m/it/10 sen-
 []


Overfull \hbox (12.01102pt too wide) in paragraph at lines 3--5
\OT1/cmr/m/it/10 ta-
 []


Overfull \hbox (17.12212pt too wide) in paragraph at lines 3--5
\OT1/cmr/m/it/10 tion
 []


Overfull \hbox (20.44429pt too wide) in paragraph at lines 3--5
\OT1/cmr/m/it/10 The-
 []


Overfull \hbox (8.68883pt too wide) in paragraph at lines 3--5
\OT1/cmr/m/it/10 o-
 []


Overfull \hbox (16.4832pt too wide) in paragraph at lines 3--5
\OT1/cmr/m/it/10 rem
 []


Overfull \hbox (9.27548pt too wide) in paragraph at lines 3--5
\OML/cmm/m/it/10 v[]$
 []


Overfull \hbox (34.44449pt too wide) in paragraph at lines 3--5
\OML/cmm/m/it/10 ^^^[]\OT1/cmr/m/n/10 (\OML/cmm/m/it/10 u\OT1/cmr/m/n/10 ) =
 []


Overfull \hbox (38.70984pt too wide) in paragraph at lines 3--5
[][]$
 []


! LaTeX Error: Environment align* undefined.

See the LaTeX manual or LaTeX Companion for explanation.
Type  H <return>  for immediate help.
 ...                                              
                                                  
l.6 \begin{align*}
                  
Your command was ignored.
Type  I <command> <return>  to replace it with another command,
or  <return>  to continue without it.


! LaTeX Error: Missing \begin{document}.

See the LaTeX manual or LaTeX Companion for explanation.
Type  H <return>  for immediate help.
 ...                                              
                                                  
l.7 u
     (r)&=\int_{0}^{1} u{v_r}+ u'{v_r}' dx\\
You're in trouble here.  Try typing  <return>  to proceed.
If that doesn't work, type  X <return>  to quit.

Missing character: There is no u in font nullfont!
Missing character: There is no ( in font nullfont!
Missing character: There is no r in font nullfont!
Missing character: There is no ) in font nullfont!
! Misplaced alignment tab character &.
l.7 u(r)&
         =\int_{0}^{1} u{v_r}+ u'{v_r}' dx\\
I can't figure out why you would want to use a tab mark
here. If you just want an ampersand, the remedy is
simple: Just type `I\&' now. But if some right brace
up above has ended a previous alignment prematurely,
you're probably due for more error messages, and you
might try typing `S' now just to see what is salvageable.

Missing character: There is no = in font nullfont!
! Missing $ inserted.
<inserted text> 
                $
l.7 u(r)&=\int
              _{0}^{1} u{v_r}+ u'{v_r}' dx\\
I've inserted a begin-math/end-math symbol since I think
you left one out. Proceed, with fingers crossed.

! Misplaced alignment tab character &.
l.8 {}&
       =\int_{0}^{1} u{v_r} dx+\left[u{v_r}'\right]_{0}^{1}-\int_{0}^{1} u {...
I can't figure out why you would want to use a tab mark
here. If you just want an ampersand, the remedy is
simple: Just type `I\&' now. But if some right brace
up above has ended a previous alignment prematurely,
you're probably due for more error messages, and you
might try typing `S' now just to see what is salvageable.

! Misplaced alignment tab character &.
l.9 {}&
       =\int_{0}^{1} u({v_r}-{v_r}'')dx+\left[u{v_r}'\right]_{r^{+}}^{1}+\le...
I can't figure out why you would want to use a tab mark
here. If you just want an ampersand, the remedy is
simple: Just type `I\&' now. But if some right brace
up above has ended a previous alignment prematurely,
you're probably due for more error messages, and you
might try typing `S' now just to see what is salvageable.


! LaTeX Error: \begin{document} ended by \end{align*}.

See the LaTeX manual or LaTeX Companion for explanation.
Type  H <return>  for immediate help.
 ...                                              
                                                  
l.10 \end{align*}
                 
Your command was ignored.
Type  I <command> <return>  to replace it with another command,
or  <return>  to continue without it.

! Missing $ inserted.
<inserted text> 
                $
l.10 \end{align*}
                 
I've inserted something that you may have forgotten.
(See the <inserted text> above.)
With luck, this will get me unwedged. But if you
really didn't forget anything, try typing `2' now; then
my insertion and my current dilemma will both disappear.


Overfull \hbox (55.59729pt too wide) in paragraph at lines 7--11
[]$[][] \OML/cmm/m/it/10 u[] \OT1/cmr/m/n/10 +
 []


Overfull \hbox (31.53131pt too wide) in paragraph at lines 7--11
\OML/cmm/m/it/10 u[][][]dx[] 
 []


Overfull \hbox (10.55551pt too wide) in paragraph at lines 7--11
[] \OT1/cmr/m/n/10 =
 []


Overfull \hbox (46.51743pt too wide) in paragraph at lines 7--11
[][] \OML/cmm/m/it/10 u[]dx \OT1/cmr/m/n/10 +
 []


Overfull \hbox (35.62512pt too wide) in paragraph at lines 7--11
[][] \OMS/cmsy/m/n/10 ^^@
 []


Overfull \hbox (43.85074pt too wide) in paragraph at lines 7--11
[][] \OML/cmm/m/it/10 u[][]dx[] 
 []


Overfull \hbox (10.55551pt too wide) in paragraph at lines 7--11
[] \OT1/cmr/m/n/10 =
 []


Overfull \hbox (39.48619pt too wide) in paragraph at lines 7--11
[][] \OML/cmm/m/it/10 u\OT1/cmr/m/n/10 ([] \OMS/cmsy/m/n/10 ^^@
 []


Overfull \hbox (36.97343pt too wide) in paragraph at lines 7--11
[][]\OT1/cmr/m/n/10 )\OML/cmm/m/it/10 dx \OT1/cmr/m/n/10 +
 []


Overfull \hbox (41.20622pt too wide) in paragraph at lines 7--11
[][] \OT1/cmr/m/n/10 +
 []


Overfull \hbox (38.15059pt too wide) in paragraph at lines 7--11
[][] \OML/cmm/m/it/10 :[] 
 []


! LaTeX Error: Missing \begin{document}.

See the LaTeX manual or LaTeX Companion for explanation.
Type  H <return>  for immediate help.
 ...                                              
                                                  
l.12 W
      e require that
You're in trouble here.  Try typing  <return>  to proceed.
If that doesn't work, type  X <return>  to quit.

Missing character: There is no W in font nullfont!
Missing character: There is no e in font nullfont!
Missing character: There is no r in font nullfont!
Missing character: There is no e in font nullfont!
Missing character: There is no q in font nullfont!
Missing character: There is no u in font nullfont!
Missing character: There is no i in font nullfont!
Missing character: There is no r in font nullfont!
Missing character: There is no e in font nullfont!
Missing character: There is no t in font nullfont!
Missing character: There is no h in font nullfont!
Missing character: There is no a in font nullfont!
Missing character: There is no t in font nullfont!

Overfull \hbox (20.0pt too wide) in paragraph at lines 12--13
[]
 []


Overfull \hbox (301.56097pt too wide) detected at line 18
[][] \OT1/cmr/m/n/10 = \OML/cmm/m/it/10 v[]; [] [][]\OT1/cmr/m/n/10 (\OML/cmm/m
/it/10 r[]\OT1/cmr/m/n/10 ) \OMS/cmsy/m/n/10 ^^@ [][]\OT1/cmr/m/n/10 (\OML/cmm/
m/it/10 r[]\OT1/cmr/m/n/10 ) = 1\OML/cmm/m/it/10 ; [] v[]\OT1/cmr/m/n/10 (\OML/
cmm/m/it/10 r[]\OT1/cmr/m/n/10 ) = \OML/cmm/m/it/10 v[]\OT1/cmr/m/n/10 (\OML/cm
m/m/it/10 r[]\OT1/cmr/m/n/10 )\OML/cmm/m/it/10 ; [] [][]\OT1/cmr/m/n/10 (1) = [
][](0) = 0\OML/cmm/m/it/10 :[] 
 []


! LaTeX Error: Missing \begin{document}.

See the LaTeX manual or LaTeX Companion for explanation.
Type  H <return>  for immediate help.
 ...                                              
                                                  
l.20 B
      y solving the above equations, we have
You're in trouble here.  Try typing  <return>  to proceed.
If that doesn't work, type  X <return>  to quit.

Missing character: There is no B in font nullfont!
Missing character: There is no y in font nullfont!
Missing character: There is no s in font nullfont!
Missing character: There is no o in font nullfont!
Missing character: There is no l in font nullfont!
Missing character: There is no v in font nullfont!
Missing character: There is no i in font nullfont!
Missing character: There is no n in font nullfont!
Missing character: There is no g in font nullfont!
Missing character: There is no t in font nullfont!
Missing character: There is no h in font nullfont!
Missing character: There is no e in font nullfont!
Missing character: There is no a in font nullfont!
Missing character: There is no b in font nullfont!
Missing character: There is no o in font nullfont!
Missing character: There is no v in font nullfont!
Missing character: There is no e in font nullfont!
Missing character: There is no e in font nullfont!
Missing character: There is no q in font nullfont!
Missing character: There is no u in font nullfont!
Missing character: There is no a in font nullfont!
Missing character: There is no t in font nullfont!
Missing character: There is no i in font nullfont!
Missing character: There is no o in font nullfont!
Missing character: There is no n in font nullfont!
Missing character: There is no s in font nullfont!
Missing character: There is no , in font nullfont!
Missing character: There is no w in font nullfont!
Missing character: There is no e in font nullfont!
Missing character: There is no h in font nullfont!
Missing character: There is no a in font nullfont!
Missing character: There is no v in font nullfont!
Missing character: There is no e in font nullfont!

Overfull \hbox (20.0pt too wide) in paragraph at lines 20--21
[]
 []

! Argument of \frac has an extra }.
<inserted text> 
                \par 
l.22 \frac
          {\cosh(1-r)}{\sinh(1)}\cosh x, \mbox{ for } 0<x<r,\\
I've run across a `}' that doesn't seem to match anything.
For example, `\def\a#1{...}' and `\a}' would produce
this error. If you simply proceed now, the `\par' that
I've just inserted will cause me to report a runaway
argument that might be the root of the problem. But if
your `}' was spurious, just type `2' and it will go away.

Runaway argument?
! Paragraph ended before \frac was complete.
<to be read again> 
                   \par 
l.22 \frac
          {\cosh(1-r)}{\sinh(1)}\cosh x, \mbox{ for } 0<x<r,\\
I suspect you've forgotten a `}', causing me to apply this
control sequence to too much text. How can we recover?
My plan is to forget the whole thing and hope for the best.

! Missing $ inserted.
<inserted text> 
                $
l.22 \frac
          {\cosh(1-r)}{\sinh(1)}\cosh x, \mbox{ for } 0<x<r,\\
I've inserted a begin-math/end-math symbol since I think
you left one out. Proceed, with fingers crossed.

! Missing \cr inserted.
<inserted text> 
                \cr 
l.22 \frac
          {\cosh(1-r)}{\sinh(1)}\cosh x, \mbox{ for } 0<x<r,\\
I'm guessing that you meant to end an alignment here.

! Missing $ inserted.
<inserted text> 
                $
l.22 \frac
          {\cosh(1-r)}{\sinh(1)}\cosh x, \mbox{ for } 0<x<r,\\
I've inserted a begin-math/end-math symbol since I think
you left one out. Proceed, with fingers crossed.

Missing character: There is no f in font nullfont!
Missing character: There is no o in font nullfont!
Missing character: There is no r in font nullfont!
Missing character: There is no f in font nullfont!
Missing character: There is no o in font nullfont!
Missing character: There is no r in font nullfont!

Overfull \hbox (320.17123pt too wide) detected at line 24
[] \OT1/cmr/m/n/10 = [] [][] [] \OML/cmm/m/it/10 x; []\OT1/cmr/m/n/10 0 \OML/cm
m/m/it/10 < x < r; [] [] []\OT1/cmr/m/n/10 (1 \OMS/cmsy/m/n/10 ^^@ \OML/cmm/m/i
t/10 x\OT1/cmr/m/n/10 )\OML/cmm/m/it/10 ; []r < x < \OT1/cmr/m/n/10 1\OML/cmm/m
/it/10 :[] 
 []


! LaTeX Error: Missing \begin{document}.

See the LaTeX manual or LaTeX Companion for explanation.
Type  H <return>  for immediate help.
 ...                                              
                                                  
l.26 T
      hen we know that $$\|\phi_r\|^2=\|v_r\|^2=\left\langle v_r,v_r\right\r...

You're in trouble here.  Try typing  <return>  to proceed.
If that doesn't work, type  X <return>  to quit.

Missing character: There is no T in font nullfont!
Missing character: There is no h in font nullfont!
Missing character: There is no e in font nullfont!
Missing character: There is no n in font nullfont!
Missing character: There is no w in font nullfont!
Missing character: There is no e in font nullfont!
Missing character: There is no k in font nullfont!
Missing character: There is no n in font nullfont!
Missing character: There is no o in font nullfont!
Missing character: There is no w in font nullfont!
Missing character: There is no t in font nullfont!
Missing character: There is no h in font nullfont!
Missing character: There is no a in font nullfont!
Missing character: There is no t in font nullfont!

Overfull \hbox (20.0pt too wide) in paragraph at lines 26--26
[]
 []


Overfull \hbox (217.98465pt too wide) detected at line 26
\OMS/cmsy/m/n/10 k\OML/cmm/m/it/10 ^^^[]\OMS/cmsy/m/n/10 k[] \OT1/cmr/m/n/10 = 
\OMS/cmsy/m/n/10 k\OML/cmm/m/it/10 v[]\OMS/cmsy/m/n/10 k[] \OT1/cmr/m/n/10 = []
[] = []\OML/cmm/m/it/10 :
 []


! LaTeX Error: Missing \begin{document}.

See the LaTeX manual or LaTeX Companion for explanation.
Type  H <return>  for immediate help.
 ...                                              
                                                  
l.28 S
      imiliar as before, we let $M_i=Y_{i}^{\perp}$ for $i=1,2$. If $s<r$, $...

You're in trouble here.  Try typing  <return>  to proceed.
If that doesn't work, type  X <return>  to quit.

Missing character: There is no S in font nullfont!
Missing character: There is no i in font nullfont!
Missing character: There is no m in font nullfont!
Missing character: There is no i in font nullfont!
Missing character: There is no l in font nullfont!
Missing character: There is no i in font nullfont!
Missing character: There is no a in font nullfont!
Missing character: There is no r in font nullfont!
Missing character: There is no a in font nullfont!
Missing character: There is no s in font nullfont!
Missing character: There is no b in font nullfont!
Missing character: There is no e in font nullfont!
Missing character: There is no f in font nullfont!
Missing character: There is no o in font nullfont!
Missing character: There is no r in font nullfont!
Missing character: There is no e in font nullfont!
Missing character: There is no , in font nullfont!
Missing character: There is no w in font nullfont!
Missing character: There is no e in font nullfont!
Missing character: There is no l in font nullfont!
Missing character: There is no e in font nullfont!
Missing character: There is no t in font nullfont!
Missing character: There is no f in font nullfont!
Missing character: There is no o in font nullfont!
Missing character: There is no r in font nullfont!
Missing character: There is no . in font nullfont!
Missing character: There is no I in font nullfont!
Missing character: There is no f in font nullfont!
Missing character: There is no , in font nullfont!

Overfull \hbox (20.0pt too wide) in paragraph at lines 28--28
[]
 []


Overfull \hbox (23.5862pt too wide) in paragraph at lines 28--28
\OML/cmm/m/it/10 M[] \OT1/cmr/m/n/10 =
 []


Overfull \hbox (14.7778pt too wide) in paragraph at lines 28--28
\OML/cmm/m/it/10 Y[]$
 []


Overfull \hbox (14.00064pt too wide) in paragraph at lines 28--28
\OML/cmm/m/it/10 i \OT1/cmr/m/n/10 =
 []


Overfull \hbox (14.44444pt too wide) in paragraph at lines 28--28
\OT1/cmr/m/n/10 1\OML/cmm/m/it/10 ; \OT1/cmr/m/n/10 2$
 []


Overfull \hbox (15.24301pt too wide) in paragraph at lines 28--28
\OML/cmm/m/it/10 s <
 []


Overfull \hbox (4.78937pt too wide) in paragraph at lines 28--28
\OML/cmm/m/it/10 r$ 
 []


Overfull \hbox (190.77754pt too wide) detected at line 28
\OML/cmm/m/it/10 M[] \OT1/cmr/m/n/10 = (\OML/cmm/m/it/10 Y[] \OMS/cmsy/m/n/10 \
 \OML/cmm/m/it/10 Y[]\OT1/cmr/m/n/10 )[] = \OML/cmm/m/it/10 Y[] \OT1/cmr/m/n/10
 + \OML/cmm/m/it/10 Y[] \OT1/cmr/m/n/10 = \OML/cmm/m/it/10 Y \OT1/cmr/m/n/10 = 
\OML/cmm/m/it/10 X;
 []

Missing character: There is no s in font nullfont!
Missing character: There is no o in font nullfont!
Missing character: There is no . in font nullfont!
Missing character: There is no I in font nullfont!
Missing character: There is no f in font nullfont!
Missing character: There is no , in font nullfont!
Missing character: There is no w in font nullfont!
Missing character: There is no e in font nullfont!
Missing character: There is no h in font nullfont!
Missing character: There is no a in font nullfont!
Missing character: There is no v in font nullfont!
Missing character: There is no e in font nullfont!

Overfull \hbox (21.34717pt too wide) in paragraph at lines 28--30
 $\OML/cmm/m/it/10 M \OT1/cmr/m/n/10 =
 []


Overfull \hbox (5.00002pt too wide) in paragraph at lines 28--30
\OT1/cmr/m/n/10 0$
 []


Overfull \hbox (15.24301pt too wide) in paragraph at lines 28--30
\OML/cmm/m/it/10 s \OT1/cmr/m/n/10 =
 []


Overfull \hbox (4.78937pt too wide) in paragraph at lines 28--30
\OML/cmm/m/it/10 r$
 []


Overfull \hbox (160.80064pt too wide) detected at line 30
\OML/cmm/m/it/10 M \OT1/cmr/m/n/10 = \OML/cmm/m/it/10 M[] \OT1/cmr/m/n/10 = \OM
L/cmm/m/it/10 Y[] \OT1/cmr/m/n/10 = ([]\OML/cmm/m/it/10 ^^^[]\OT1/cmr/m/n/10 )[
] = []
 []

Missing character: There is no . in font nullfont!

! LaTeX Error: Missing \begin{document}.

See the LaTeX manual or LaTeX Companion for explanation.
Type  H <return>  for immediate help.
 ...                                              
                                                  
l.32 W
      e now calculate the \emph{Friedrichs number} $c(M_1,M_2)$.
You're in trouble here.  Try typing  <return>  to proceed.
If that doesn't work, type  X <return>  to quit.

Missing character: There is no W in font nullfont!
Missing character: There is no e in font nullfont!
Missing character: There is no n in font nullfont!
Missing character: There is no o in font nullfont!
Missing character: There is no w in font nullfont!
Missing character: There is no c in font nullfont!
Missing character: There is no a in font nullfont!
Missing character: There is no l in font nullfont!
Missing character: There is no c in font nullfont!
Missing character: There is no u in font nullfont!
Missing character: There is no l in font nullfont!
Missing character: There is no a in font nullfont!
Missing character: There is no t in font nullfont!
Missing character: There is no e in font nullfont!
Missing character: There is no t in font nullfont!
Missing character: There is no h in font nullfont!
Missing character: There is no e in font nullfont!
Missing character: There is no . in font nullfont!

Overfull \hbox (20.0pt too wide) in paragraph at lines 32--33
[]
 []


Overfull \hbox (43.32745pt too wide) in paragraph at lines 32--33
\OT1/cmr/m/it/10 Friedrichs
 []


Overfull \hbox (22.74431pt too wide) in paragraph at lines 32--33
\OT1/cmr/m/it/10 num-
 []


Overfull \hbox (12.90543pt too wide) in paragraph at lines 32--33
\OT1/cmr/m/it/10 ber
 []


Overfull \hbox (44.92484pt too wide) in paragraph at lines 32--33
\OML/cmm/m/it/10 c\OT1/cmr/m/n/10 (\OML/cmm/m/it/10 M[]; M[]\OT1/cmr/m/n/10 )$ 

 []


! LaTeX Error: Missing \begin{document}.

See the LaTeX manual or LaTeX Companion for explanation.
Type  H <return>  for immediate help.
 ...                                              
                                                  
l.34 N
      ote that for $u\in H^1(0,1)$, $u-P_1 u$ is orthogonal to $M_1$, that i...

You're in trouble here.  Try typing  <return>  to proceed.
If that doesn't work, type  X <return>  to quit.

Missing character: There is no N in font nullfont!
Missing character: There is no o in font nullfont!
Missing character: There is no t in font nullfont!
Missing character: There is no e in font nullfont!
Missing character: There is no t in font nullfont!
Missing character: There is no h in font nullfont!
Missing character: There is no a in font nullfont!
Missing character: There is no t in font nullfont!
Missing character: There is no f in font nullfont!
Missing character: There is no o in font nullfont!
Missing character: There is no r in font nullfont!
Missing character: There is no , in font nullfont!
Missing character: There is no i in font nullfont!
Missing character: There is no s in font nullfont!
Missing character: There is no o in font nullfont!
Missing character: There is no r in font nullfont!
Missing character: There is no t in font nullfont!
Missing character: There is no h in font nullfont!
Missing character: There is no o in font nullfont!
Missing character: There is no g in font nullfont!
Missing character: There is no o in font nullfont!
Missing character: There is no n in font nullfont!
Missing character: There is no a in font nullfont!
Missing character: There is no l in font nullfont!
Missing character: There is no t in font nullfont!
Missing character: There is no o in font nullfont!
Missing character: There is no , in font nullfont!
Missing character: There is no t in font nullfont!
Missing character: There is no h in font nullfont!
Missing character: There is no a in font nullfont!
Missing character: There is no t in font nullfont!
Missing character: There is no i in font nullfont!
Missing character: There is no s in font nullfont!
Missing character: There is no , in font nullfont!
Missing character: There is no , in font nullfont!
Missing character: There is no t in font nullfont!
Missing character: There is no h in font nullfont!
Missing character: There is no e in font nullfont!
Missing character: There is no n in font nullfont!
Missing character: There is no f in font nullfont!
Missing character: There is no o in font nullfont!
Missing character: There is no r in font nullfont!
Missing character: There is no , in font nullfont!
Missing character: There is no . in font nullfont!
Missing character: There is no B in font nullfont!
Missing character: There is no y in font nullfont!
Missing character: There is no p in font nullfont!
Missing character: There is no r in font nullfont!
Missing character: There is no e in font nullfont!
Missing character: There is no v in font nullfont!
Missing character: There is no i in font nullfont!
Missing character: There is no o in font nullfont!
Missing character: There is no u in font nullfont!
Missing character: There is no s in font nullfont!
Missing character: There is no c in font nullfont!
Missing character: There is no a in font nullfont!
Missing character: There is no l in font nullfont!
Missing character: There is no c in font nullfont!
Missing character: There is no u in font nullfont!
Missing character: There is no l in font nullfont!
Missing character: There is no a in font nullfont!
Missing character: There is no t in font nullfont!
Missing character: There is no i in font nullfont!
Missing character: There is no o in font nullfont!
Missing character: There is no n in font nullfont!
Missing character: There is no , in font nullfont!
Missing character: There is no w in font nullfont!
Missing character: There is no e in font nullfont!
Missing character: There is no k in font nullfont!
Missing character: There is no n in font nullfont!
Missing character: There is no o in font nullfont!
Missing character: There is no w in font nullfont!
Missing character: There is no t in font nullfont!
Missing character: There is no h in font nullfont!
Missing character: There is no a in font nullfont!
Missing character: There is no t in font nullfont!
Missing character: There is no , in font nullfont!
Missing character: There is no t in font nullfont!
Missing character: There is no h in font nullfont!
Missing character: There is no e in font nullfont!
Missing character: There is no n in font nullfont!
Missing character: There is no f in font nullfont!
Missing character: There is no o in font nullfont!
Missing character: There is no r in font nullfont!
Missing character: There is no . in font nullfont!
Missing character: There is no B in font nullfont!
Missing character: There is no y in font nullfont!
Missing character: There is no c in font nullfont!
Missing character: There is no o in font nullfont!
Missing character: There is no n in font nullfont!
Missing character: There is no t in font nullfont!
Missing character: There is no i in font nullfont!
Missing character: There is no n in font nullfont!
Missing character: There is no u in font nullfont!
Missing character: There is no i in font nullfont!
Missing character: There is no t in font nullfont!
Missing character: There is no y in font nullfont!
Missing character: There is no a in font nullfont!
Missing character: There is no t in font nullfont!
Missing character: There is no , in font nullfont!
Missing character: There is no . in font nullfont!
Missing character: There is no T in font nullfont!
Missing character: There is no h in font nullfont!
Missing character: There is no u in font nullfont!
Missing character: There is no s in font nullfont!

Overfull \hbox (20.0pt too wide) in paragraph at lines 34--35
[]
 []


Overfull \hbox (15.16898pt too wide) in paragraph at lines 34--35
\OML/cmm/m/it/10 u \OMS/cmsy/m/n/10 2
 []


Overfull \hbox (35.83334pt too wide) in paragraph at lines 34--35
\OML/cmm/m/it/10 H[]\OT1/cmr/m/n/10 (0\OML/cmm/m/it/10 ; \OT1/cmr/m/n/10 1)$
 []


Overfull \hbox (13.50238pt too wide) in paragraph at lines 34--35
\OML/cmm/m/it/10 u \OMS/cmsy/m/n/10 ^^@
 []


Overfull \hbox (16.63084pt too wide) in paragraph at lines 34--35
\OML/cmm/m/it/10 P[]u$
 []


Overfull \hbox (14.18753pt too wide) in paragraph at lines 34--35
\OML/cmm/m/it/10 M[]$
 []


Overfull \hbox (13.50238pt too wide) in paragraph at lines 34--35
\OML/cmm/m/it/10 u \OMS/cmsy/m/n/10 ^^@
 []


Overfull \hbox (26.07524pt too wide) in paragraph at lines 34--35
\OML/cmm/m/it/10 P[]u \OMS/cmsy/m/n/10 2
 []


Overfull \hbox (10.29169pt too wide) in paragraph at lines 34--35
\OML/cmm/m/it/10 Y[]$
 []


Overfull \hbox (15.15967pt too wide) in paragraph at lines 34--35
\OML/cmm/m/it/10 x \OMS/cmsy/m/n/10 2
 []


Overfull \hbox (21.45604pt too wide) in paragraph at lines 34--35
\OT1/cmr/m/n/10 (\OML/cmm/m/it/10 r; \OT1/cmr/m/n/10 1)$
 []


Overfull \hbox (40.67943pt too wide) in paragraph at lines 34--35
\OML/cmm/m/it/10 P[]u\OT1/cmr/m/n/10 (\OML/cmm/m/it/10 x\OT1/cmr/m/n/10 ) =
 []


Overfull \hbox (19.21765pt too wide) in paragraph at lines 34--35
\OML/cmm/m/it/10 u\OT1/cmr/m/n/10 (\OML/cmm/m/it/10 x\OT1/cmr/m/n/10 )$
 []


Overfull \hbox (24.74304pt too wide) in paragraph at lines 34--35
\OML/cmm/m/it/10 M[] \OT1/cmr/m/n/10 =
 []


Overfull \hbox (56.382pt too wide) in paragraph at lines 34--35
[]\OMS/cmsy/m/n/10 f[] \OML/cmm/m/it/10 x\OMS/cmsy/m/n/10 g$
 []


Overfull \hbox (40.67943pt too wide) in paragraph at lines 34--35
\OML/cmm/m/it/10 P[]u\OT1/cmr/m/n/10 (\OML/cmm/m/it/10 x\OT1/cmr/m/n/10 ) =
 []


Overfull \hbox (35.49301pt too wide) in paragraph at lines 34--35
\OML/cmm/m/it/10 A [] x$
 []


Overfull \hbox (15.15967pt too wide) in paragraph at lines 34--35
\OML/cmm/m/it/10 x \OMS/cmsy/m/n/10 2
 []


Overfull \hbox (22.0116pt too wide) in paragraph at lines 34--35
\OT1/cmr/m/n/10 (0\OML/cmm/m/it/10 ; r\OT1/cmr/m/n/10 )$
 []


Overfull \hbox (4.78937pt too wide) in paragraph at lines 34--35
\OML/cmm/m/it/10 r$
 []


Overfull \hbox (18.05553pt too wide) in paragraph at lines 34--35
\OML/cmm/m/it/10 A \OT1/cmr/m/n/10 =
 []


Overfull \hbox (22.82045pt too wide) in paragraph at lines 34--35
[]$
 []

Missing character: There is no f in font nullfont!
Missing character: There is no o in font nullfont!
Missing character: There is no r in font nullfont!
Missing character: There is no f in font nullfont!
Missing character: There is no o in font nullfont!
Missing character: There is no r in font nullfont!

Overfull \hbox (225.235pt too wide) detected at line 37
\OML/cmm/m/it/10 P[]u\OT1/cmr/m/n/10 (\OML/cmm/m/it/10 x\OT1/cmr/m/n/10 ) = [] 
(\OML/cmm/m/it/10 r\OT1/cmr/m/n/10 )[]\OML/cmm/m/it/10 ; []\OT1/cmr/m/n/10 0 \O
ML/cmm/m/it/10 < x < r; [] u\OT1/cmr/m/n/10 (\OML/cmm/m/it/10 x\OT1/cmr/m/n/10 
)\OML/cmm/m/it/10 ; []r < x < \OT1/cmr/m/n/10 1\OML/cmm/m/it/10 :[] 
 []


! LaTeX Error: Missing \begin{document}.

See the LaTeX manual or LaTeX Companion for explanation.
Type  H <return>  for immediate help.
 ...                                              
                                                  
l.39 B
      y a similar argument, we have
You're in trouble here.  Try typing  <return>  to proceed.
If that doesn't work, type  X <return>  to quit.

Missing character: There is no B in font nullfont!
Missing character: There is no y in font nullfont!
Missing character: There is no a in font nullfont!
Missing character: There is no s in font nullfont!
Missing character: There is no i in font nullfont!
Missing character: There is no m in font nullfont!
Missing character: There is no i in font nullfont!
Missing character: There is no l in font nullfont!
Missing character: There is no a in font nullfont!
Missing character: There is no r in font nullfont!
Missing character: There is no a in font nullfont!
Missing character: There is no r in font nullfont!
Missing character: There is no g in font nullfont!
Missing character: There is no u in font nullfont!
Missing character: There is no m in font nullfont!
Missing character: There is no e in font nullfont!
Missing character: There is no n in font nullfont!
Missing character: There is no t in font nullfont!
Missing character: There is no , in font nullfont!
Missing character: There is no w in font nullfont!
Missing character: There is no e in font nullfont!
Missing character: There is no h in font nullfont!
Missing character: There is no a in font nullfont!
Missing character: There is no v in font nullfont!
Missing character: There is no e in font nullfont!

Overfull \hbox (20.0pt too wide) in paragraph at lines 39--40
[]
 []

Missing character: There is no f in font nullfont!
Missing character: There is no o in font nullfont!
Missing character: There is no r in font nullfont!
Missing character: There is no f in font nullfont!
Missing character: There is no o in font nullfont!
Missing character: There is no r in font nullfont!

Overfull \hbox (244.37373pt too wide) detected at line 42
\OML/cmm/m/it/10 P[]u\OT1/cmr/m/n/10 (\OML/cmm/m/it/10 x\OT1/cmr/m/n/10 ) = [] 
(\OML/cmm/m/it/10 x\OT1/cmr/m/n/10 )\OML/cmm/m/it/10 ; []\OT1/cmr/m/n/10 0 \OML
/cmm/m/it/10 < x < s; [] u\OT1/cmr/m/n/10 (\OML/cmm/m/it/10 s\OT1/cmr/m/n/10 )[
]\OML/cmm/m/it/10 ; []s < x < \OT1/cmr/m/n/10 1\OML/cmm/m/it/10 ; [] 
 []

Missing character: There is no f in font nullfont!
Missing character: There is no o in font nullfont!
Missing character: There is no r in font nullfont!
Missing character: There is no a in font nullfont!
Missing character: There is no l in font nullfont!
Missing character: There is no l in font nullfont!
Missing character: There is no . in font nullfont!
Missing character: There is no F in font nullfont!
Missing character: There is no o in font nullfont!
Missing character: There is no r in font nullfont!
Missing character: There is no , in font nullfont!
Missing character: There is no w in font nullfont!
Missing character: There is no e in font nullfont!
Missing character: There is no h in font nullfont!
Missing character: There is no a in font nullfont!
Missing character: There is no v in font nullfont!
Missing character: There is no e in font nullfont!

Overfull \hbox (15.16898pt too wide) in paragraph at lines 42--44
  $\OML/cmm/m/it/10 u \OMS/cmsy/m/n/10 2
 []


Overfull \hbox (9.06943pt too wide) in paragraph at lines 42--44
\OML/cmm/m/it/10 X$
 []


Overfull \hbox (17.78816pt too wide) in paragraph at lines 42--44
\OML/cmm/m/it/10 T \OT1/cmr/m/n/10 =
 []


Overfull \hbox (21.81253pt too wide) in paragraph at lines 42--44
\OML/cmm/m/it/10 P[]P[]$
 []


! LaTeX Error: Missing \begin{document}.

See the LaTeX manual or LaTeX Companion for explanation.
Type  H <return>  for immediate help.
 ...                                              
                                                  
l.45 $
      $Tu(x)=\begin{cases} u(r)\frac{\cosh x}{\cosh r}, \mbox{ for } 0<x<s,\\
You're in trouble here.  Try typing  <return>  to proceed.
If that doesn't work, type  X <return>  to quit.


Overfull \hbox (20.0pt too wide) in paragraph at lines 45--45
[] 
 []

Missing character: There is no f in font nullfont!
Missing character: There is no o in font nullfont!
Missing character: There is no r in font nullfont!
Missing character: There is no f in font nullfont!
Missing character: There is no o in font nullfont!
Missing character: There is no r in font nullfont!

Overfull \hbox (300.01222pt too wide) detected at line 47
\OML/cmm/m/it/10 Tu\OT1/cmr/m/n/10 (\OML/cmm/m/it/10 x\OT1/cmr/m/n/10 ) = [] (\
OML/cmm/m/it/10 r\OT1/cmr/m/n/10 )[]\OML/cmm/m/it/10 ; []\OT1/cmr/m/n/10 0 \OML
/cmm/m/it/10 < x < s; [] u\OT1/cmr/m/n/10 (\OML/cmm/m/it/10 r\OT1/cmr/m/n/10 )[
]\OML/cmm/m/it/10 ; []s < x < \OT1/cmr/m/n/10 1\OML/cmm/m/it/10 :[] 
 []


! LaTeX Error: Missing \begin{document}.

See the LaTeX manual or LaTeX Companion for explanation.
Type  H <return>  for immediate help.
 ...                                              
                                                  
l.49 T
      hus
You're in trouble here.  Try typing  <return>  to proceed.
If that doesn't work, type  X <return>  to quit.

Missing character: There is no T in font nullfont!
Missing character: There is no h in font nullfont!
Missing character: There is no u in font nullfont!
Missing character: There is no s in font nullfont!

Overfull \hbox (20.0pt too wide) in paragraph at lines 49--50
[] 
 []


Overfull \hbox (113.51102pt too wide) detected at line 50
\OML/cmm/m/it/10 Tu \OT1/cmr/m/n/10 = []\OML/cmm/m/it/10 v[]
 []

Missing character: There is no f in font nullfont!
Missing character: There is no o in font nullfont!
Missing character: There is no r in font nullfont!
Missing character: There is no a in font nullfont!
Missing character: There is no l in font nullfont!
Missing character: There is no l in font nullfont!
Missing character: There is no . in font nullfont!
Missing character: There is no I in font nullfont!
Missing character: There is no f in font nullfont!
Missing character: There is no , in font nullfont!
Missing character: There is no , in font nullfont!
Missing character: There is no t in font nullfont!
Missing character: There is no h in font nullfont!
Missing character: There is no e in font nullfont!
Missing character: There is no n in font nullfont!
Missing character: There is no . in font nullfont!

Overfull \hbox (15.16898pt too wide) in paragraph at lines 50--53
  $\OML/cmm/m/it/10 u \OMS/cmsy/m/n/10 2
 []


Overfull \hbox (9.06943pt too wide) in paragraph at lines 50--53
\OML/cmm/m/it/10 X$
 []


Overfull \hbox (15.24301pt too wide) in paragraph at lines 50--53
\OML/cmm/m/it/10 s <
 []


Overfull \hbox (4.78937pt too wide) in paragraph at lines 50--53
\OML/cmm/m/it/10 r$
 []


Overfull \hbox (21.34717pt too wide) in paragraph at lines 50--53
\OML/cmm/m/it/10 M \OT1/cmr/m/n/10 =
 []


Overfull \hbox (5.00002pt too wide) in paragraph at lines 50--53
\OT1/cmr/m/n/10 0$
 []


Overfull \hbox (25.85205pt too wide) in paragraph at lines 50--53
\OML/cmm/m/it/10 P[] \OT1/cmr/m/n/10 =
 []


Overfull \hbox (5.00002pt too wide) in paragraph at lines 50--53
\OT1/cmr/m/n/10 0$ 
 []


Overfull \hbox (330.88443pt too wide) detected at line 53
\OML/cmm/m/it/10 c\OT1/cmr/m/n/10 (\OML/cmm/m/it/10 M[]; M[]\OT1/cmr/m/n/10 ) =
 \OMS/cmsy/m/n/10 k\OML/cmm/m/it/10 T \OMS/cmsy/m/n/10 ^^@ \OML/cmm/m/it/10 P[]
\OMS/cmsy/m/n/10 k \OT1/cmr/m/n/10 = \OMS/cmsy/m/n/10 k\OML/cmm/m/it/10 T\OMS/c
msy/m/n/10 k \OT1/cmr/m/n/10 = [] = []\OML/cmm/m/it/10 :
 []

Missing character: There is no I in font nullfont!
Missing character: There is no f in font nullfont!
Missing character: There is no , in font nullfont!
Missing character: There is no t in font nullfont!
Missing character: There is no h in font nullfont!
Missing character: There is no e in font nullfont!
Missing character: There is no n in font nullfont!
Missing character: There is no . in font nullfont!
Missing character: There is no S in font nullfont!
Missing character: There is no i in font nullfont!
Missing character: There is no n in font nullfont!
Missing character: There is no c in font nullfont!
Missing character: There is no e in font nullfont!
Missing character: There is no , in font nullfont!
Missing character: There is no a in font nullfont!
Missing character: There is no n in font nullfont!
Missing character: There is no d in font nullfont!
Missing character: There is no . in font nullfont!
)
! Emergency stop.
<*> 4_1_2_Friedrichs_angles.tex
                               
*** (job aborted, no legal \end found)

 
Here is how much of TeX's memory you used:
 13 strings out of 493089
 267 string characters out of 6134841
 62199 words of memory out of 5000000
 3597 multiletter control sequences out of 15000+600000
 3986 words of font info for 15 fonts, out of 8000000 for 9000
 1141 hyphenation exceptions out of 8191
 18i,6n,12p,332b,67s stack positions out of 5000i,500n,10000p,200000b,80000s
!  ==> Fatal error occurred, no output PDF file produced!
