This is pdfTeX, Version 3.14159265-2.6-1.40.16 (TeX Live 2015) (preloaded format=pdflatex 2015.12.20)  26 SEP 2016 18:55
entering extended mode
 restricted \write18 enabled.
 %&-line parsing enabled.
**6_1_appA.tex
(./6_1_appA.tex
LaTeX2e <2015/01/01>
Babel <3.9l> and hyphenation patterns for 79 languages loaded.
! Undefined control sequence.
l.1 \section
            {Appendix A}\label{sec:appA}
The control sequence at the end of the top line
of your error message was never \def'ed. If you have
misspelled it (e.g., `\hobx'), type `I' and the correct
spelling (e.g., `I\hbox'). Otherwise just continue,
and I'll forget about whatever was undefined.


! LaTeX Error: Missing \begin{document}.

See the LaTeX manual or LaTeX Companion for explanation.
Type  H <return>  for immediate help.
 ...                                              
                                                  
l.1 \section{A
              ppendix A}\label{sec:appA}
You're in trouble here.  Try typing  <return>  to proceed.
If that doesn't work, type  X <return>  to quit.

Missing character: There is no A in font nullfont!
Missing character: There is no p in font nullfont!
Missing character: There is no p in font nullfont!
Missing character: There is no e in font nullfont!
Missing character: There is no n in font nullfont!
Missing character: There is no d in font nullfont!
Missing character: There is no i in font nullfont!
Missing character: There is no x in font nullfont!
Missing character: There is no A in font nullfont!

Overfull \hbox (20.0pt too wide) in paragraph at lines 1--2
[]
 []


Overfull \hbox (20.99982pt too wide) in paragraph at lines 35--35
[]\OT1/cmtt/m/n/10 tic;[] 
 []


Overfull \hbox (194.2483pt too wide) in paragraph at lines 35--35
[]\OT1/cmtt/m/n/10 Nsteps = 80;   % Number of iterations[] 
 []


Overfull \hbox (178.49844pt too wide) in paragraph at lines 35--35
[]\OT1/cmtt/m/n/10 Nplot = 101;   % Fineness of plots[] 
 []


Overfull \hbox (136.49881pt too wide) in paragraph at lines 35--35
[]\OT1/cmtt/m/n/10 T = 10*eps;   % Time delay[] 
 []


Overfull \hbox (178.49844pt too wide) in paragraph at lines 35--35
[]\OT1/cmtt/m/n/10 az = 13;      % Plot viewing angle[] 
 []


Overfull \hbox (183.7484pt too wide) in paragraph at lines 35--35
[]\OT1/cmtt/m/n/10 el = 48;      % Plot viewing height[] 
 []


Overfull \hbox (146.99872pt too wide) in paragraph at lines 35--35
[]\OT1/cmtt/m/n/10 v = 0.0;      % Camera speed[] 
 []


Overfull \hbox (278.24757pt too wide) in paragraph at lines 35--35
[]\OT1/cmtt/m/n/10 fix_axes = 0;               % Set to 1 for fixed axes[] 
 []


Overfull \hbox (267.74767pt too wide) in paragraph at lines 35--35
[]\OT1/cmtt/m/n/10 plot_range = [-0.1 1.1];    % z-axis range if fixed[] 
 []


Overfull \hbox (251.9978pt too wide) in paragraph at lines 35--35
[]\OT1/cmtt/m/n/10 % col_range = plot_range;   % Fixed colour range[] 
 []


Overfull \hbox (125.9989pt too wide) in paragraph at lines 35--35
[]\OT1/cmtt/m/n/10 % col_range = [-.7 1.1];[] 
 []


Overfull \hbox (262.49771pt too wide) in paragraph at lines 35--35
[]\OT1/cmtt/m/n/10 col_range = 'manual';       % Varying colour range[] 
 []


Overfull \hbox (225.74803pt too wide) in paragraph at lines 35--35
[]\OT1/cmtt/m/n/10 rec = 0;                    % record on/off[] 
 []


Overfull \hbox (136.49881pt too wide) in paragraph at lines 35--35
[]\OT1/cmtt/m/n/10 xg = linspace(-1,1,Nplot);[] 
 []


Overfull \hbox (136.49881pt too wide) in paragraph at lines 35--35
[]\OT1/cmtt/m/n/10 yg = linspace(-1,1,Nplot);[] 
 []


Overfull \hbox (136.49881pt too wide) in paragraph at lines 35--35
[]\OT1/cmtt/m/n/10 [XX,YY] = meshgrid(xg,yg);[] 
 []


Overfull \hbox (99.74913pt too wide) in paragraph at lines 35--35
[]\OT1/cmtt/m/n/10 ZZ = NaN(size(XX));[] 
 []


Overfull \hbox (157.49863pt too wide) in paragraph at lines 35--35
[]\OT1/cmtt/m/n/10 [indy_up,indx_up]=find(XX>=0);[] 
 []


Overfull \hbox (136.49881pt too wide) in paragraph at lines 35--35
[]\OT1/cmtt/m/n/10 indx_up = unique(indx_up);[] 
 []


Overfull \hbox (136.49881pt too wide) in paragraph at lines 35--35
[]\OT1/cmtt/m/n/10 indy_up = unique(indy_up);[] 
 []


Overfull \hbox (157.49863pt too wide) in paragraph at lines 35--35
[]\OT1/cmtt/m/n/10 [indy_lo,indx_lo]=find(YY<=0);[] 
 []


Overfull \hbox (136.49881pt too wide) in paragraph at lines 35--35
[]\OT1/cmtt/m/n/10 indx_lo = unique(indx_lo);[] 
 []


Overfull \hbox (136.49881pt too wide) in paragraph at lines 35--35
[]\OT1/cmtt/m/n/10 indy_lo = unique(indy_lo);[] 
 []


Overfull \hbox (157.49863pt too wide) in paragraph at lines 35--35
[]\OT1/cmtt/m/n/10 indices_all=find(XX>=0|YY<=0);[] 
 []


Overfull \hbox (94.49918pt too wide) in paragraph at lines 35--35
[]\OT1/cmtt/m/n/10 ZZ(indices_all)=1;[] 
 []


Overfull \hbox (199.49826pt too wide) in paragraph at lines 35--35
[]\OT1/cmtt/m/n/10 Du_dy=(ZZ(1:Nplot-2,:)-ZZ(3:Nplot,:));[] 
 []


Overfull \hbox (199.49826pt too wide) in paragraph at lines 35--35
[]\OT1/cmtt/m/n/10 Du_dx=(ZZ(:,3:Nplot)-ZZ(:,1:Nplot-2));[] 
 []


Overfull \hbox (125.9989pt too wide) in paragraph at lines 35--35
[]\OT1/cmtt/m/n/10 diffy_ind=~isnan(Du_dy);[] 
 []


Overfull \hbox (125.9989pt too wide) in paragraph at lines 35--35
[]\OT1/cmtt/m/n/10 diffx_ind=~isnan(Du_dx);[] 
 []

! Undefined control sequence.
l.38 \subsection
                *{Export geometry}
The control sequence at the end of the top line
of your error message was never \def'ed. If you have
misspelled it (e.g., `\hobx'), type `I' and the correct
spelling (e.g., `I\hbox'). Otherwise just continue,
and I'll forget about whatever was undefined.

Missing character: There is no * in font nullfont!
Missing character: There is no E in font nullfont!
Missing character: There is no x in font nullfont!
Missing character: There is no p in font nullfont!
Missing character: There is no o in font nullfont!
Missing character: There is no r in font nullfont!
Missing character: There is no t in font nullfont!
Missing character: There is no g in font nullfont!
Missing character: There is no e in font nullfont!
Missing character: There is no o in font nullfont!
Missing character: There is no m in font nullfont!
Missing character: There is no e in font nullfont!
Missing character: There is no t in font nullfont!
Missing character: There is no r in font nullfont!
Missing character: There is no y in font nullfont!

Overfull \hbox (20.0pt too wide) in paragraph at lines 38--39
[]
 []


Overfull \hbox (20.0pt too wide) in paragraph at lines 40--40
[] 
 []


Overfull \hbox (120.74895pt too wide) in paragraph at lines 43--43
[]\OT1/cmtt/m/n/10 load('upper_rectangle')[] 
 []


Overfull \hbox (120.74895pt too wide) in paragraph at lines 43--43
[]\OT1/cmtt/m/n/10 load('lower_rectangle')[] 
 []

! Undefined control sequence.
l.46 \subsection
                *{Define the problem}
The control sequence at the end of the top line
of your error message was never \def'ed. If you have
misspelled it (e.g., `\hobx'), type `I' and the correct
spelling (e.g., `I\hbox'). Otherwise just continue,
and I'll forget about whatever was undefined.

Missing character: There is no * in font nullfont!
Missing character: There is no D in font nullfont!
Missing character: There is no e in font nullfont!
Missing character: There is no f in font nullfont!
Missing character: There is no i in font nullfont!
Missing character: There is no n in font nullfont!
Missing character: There is no e in font nullfont!
Missing character: There is no t in font nullfont!
Missing character: There is no h in font nullfont!
Missing character: There is no e in font nullfont!
Missing character: There is no p in font nullfont!
Missing character: There is no r in font nullfont!
Missing character: There is no o in font nullfont!
Missing character: There is no b in font nullfont!
Missing character: There is no l in font nullfont!
Missing character: There is no e in font nullfont!
Missing character: There is no m in font nullfont!

Overfull \hbox (20.0pt too wide) in paragraph at lines 46--47
[]
 []


Overfull \hbox (20.0pt too wide) in paragraph at lines 48--48
[] 
 []


Overfull \hbox (31.49973pt too wide) in paragraph at lines 65--65
[]\OT1/cmtt/m/n/10 a = 1;[] 
 []


Overfull \hbox (152.24867pt too wide) in paragraph at lines 65--65
[]\OT1/cmtt/m/n/10 c = 1;        % Coeffs in PDE[] 
 []


Overfull \hbox (136.49881pt too wide) in paragraph at lines 65--65
[]\OT1/cmtt/m/n/10 f = 1;        % RHS of PDE[] 
 []


Overfull \hbox (125.9989pt too wide) in paragraph at lines 65--65
[]\OT1/cmtt/m/n/10 % f = '1+x.^2+12*(y+1)';[] 
 []


Overfull \hbox (262.49771pt too wide) in paragraph at lines 65--65
[]\OT1/cmtt/m/n/10 % f = '1./(x.^2+(y+1/2).^2)-1./((x-1/2).^2+y.^2)';[] 
 []


Overfull \hbox (362.24684pt too wide) in paragraph at lines 65--65
[]\OT1/cmtt/m/n/10 initguess=@(x,y) abs(log(1./((x.^2+y.^2).^.5))).^0.4999 % u0
=infinity[] 
 []


Overfull \hbox (110.24904pt too wide) in paragraph at lines 65--65
[]\OT1/cmtt/m/n/10 % initguess=@(x,y) 1;[] 
 []


Overfull \hbox (199.49826pt too wide) in paragraph at lines 65--65
[]\OT1/cmtt/m/n/10 % initguess = @(x,y) 0; % u0~=1 @(0,0)[] 
 []


Overfull \hbox (236.24794pt too wide) in paragraph at lines 65--65
[]\OT1/cmtt/m/n/10 % initguess = @(x,y) -1-sin(22*x).*sin(10*y);[] 
 []


Overfull \hbox (230.99799pt too wide) in paragraph at lines 65--65
[]\OT1/cmtt/m/n/10 % initguess = @(x,y) 1-sin(22*x).*sin(10*y);[] 
 []


Overfull \hbox (351.74693pt too wide) in paragraph at lines 65--65
[]\OT1/cmtt/m/n/10 % initguess = @(x,y) 0.0+(min(x.^2+(y+.5).^2,(x-.5).^2+y.^2)
<.005);[] 
 []


Overfull \hbox (325.49716pt too wide) in paragraph at lines 65--65
[]\OT1/cmtt/m/n/10 % initguess = @(x,y) (min(x.^2+(y+.5).^2,(x-.5).^2+y.^2)>.05
);[] 
 []


Overfull \hbox (257.24776pt too wide) in paragraph at lines 65--65
[]\OT1/cmtt/m/n/10 % initguess = @(x,y) -3+4*(x.^2+(y+1/2).^2>.001);[] 
 []


Overfull \hbox (446.24611pt too wide) in paragraph at lines 65--65
[]\OT1/cmtt/m/n/10 % initguess = @(x,y) 1-.001./(x.^2+(y+1/2).^2).^(1/3)-.001./
((x-1/2).^2+y.^2).^(1/3);[] 
 []


Overfull \hbox (330.74712pt too wide) in paragraph at lines 65--65
[]\OT1/cmtt/m/n/10 %initguess = @(x,y) 10-7.*(abs(log(-x.^2-(y+1/2).^2))).^0.49
99;[] 
 []

! Undefined control sequence.
l.66 \subsection
                *{Generate the mesh}
The control sequence at the end of the top line
of your error message was never \def'ed. If you have
misspelled it (e.g., `\hobx'), type `I' and the correct
spelling (e.g., `I\hbox'). Otherwise just continue,
and I'll forget about whatever was undefined.

Missing character: There is no * in font nullfont!
Missing character: There is no G in font nullfont!
Missing character: There is no e in font nullfont!
Missing character: There is no n in font nullfont!
Missing character: There is no e in font nullfont!
Missing character: There is no r in font nullfont!
Missing character: There is no a in font nullfont!
Missing character: There is no t in font nullfont!
Missing character: There is no e in font nullfont!
Missing character: There is no t in font nullfont!
Missing character: There is no h in font nullfont!
Missing character: There is no e in font nullfont!
Missing character: There is no m in font nullfont!
Missing character: There is no e in font nullfont!
Missing character: There is no s in font nullfont!
Missing character: There is no h in font nullfont!

Overfull \hbox (20.0pt too wide) in paragraph at lines 68--68
[] 
 []


Overfull \hbox (152.24867pt too wide) in paragraph at lines 73--73
[]\OT1/cmtt/m/n/10 errvals_inf= zeros(4,Nsteps);[] 
 []


Overfull \hbox (141.74876pt too wide) in paragraph at lines 73--73
[]\OT1/cmtt/m/n/10 errvals_H1=zeros(4,Nsteps);[] 
 []


Overfull \hbox (104.99908pt too wide) in paragraph at lines 73--73
[]\OT1/cmtt/m/n/10 for Nmesh=25:25:100;[] 
 []


Overfull \hbox (367.4968pt too wide) in paragraph at lines 87--87
[]\OT1/cmtt/m/n/10 meshgenfun = '1./(x.^2+y.^2)'; % function for adaptive mesh 
generation[] 
 []


Overfull \hbox (362.24684pt too wide) in paragraph at lines 87--87
[]\OT1/cmtt/m/n/10 [~,p_up,e_up,t_up]=adaptmesh(g_up,b_up,c,a,meshgenfun,'Ngen'
, Nmesh);[] 
 []


Overfull \hbox (362.24684pt too wide) in paragraph at lines 87--87
[]\OT1/cmtt/m/n/10 [~,p_lo,e_lo,t_lo]=adaptmesh(g_lo,b_lo,c,a,meshgenfun,'Ngen'
, Nmesh);[] 
 []


Overfull \hbox (52.49954pt too wide) in paragraph at lines 87--87
[]\OT1/cmtt/m/n/10 figure(1);[] 
 []


Overfull \hbox (125.9989pt too wide) in paragraph at lines 87--87
[]\OT1/cmtt/m/n/10 pdemesh(p_up,e_up,t_up);[] 
 []


Overfull \hbox (94.49918pt too wide) in paragraph at lines 87--87
[]\OT1/cmtt/m/n/10 xlim ([-1.5,1.5]);[] 
 []


Overfull \hbox (57.7495pt too wide) in paragraph at lines 87--87
[]\OT1/cmtt/m/n/10 axis equal;[] 
 []


Overfull \hbox (52.49954pt too wide) in paragraph at lines 87--87
[]\OT1/cmtt/m/n/10 figure(2);[] 
 []


Overfull \hbox (125.9989pt too wide) in paragraph at lines 87--87
[]\OT1/cmtt/m/n/10 pdemesh(p_lo,e_lo,t_lo);[] 
 []


Overfull \hbox (94.49918pt too wide) in paragraph at lines 87--87
[]\OT1/cmtt/m/n/10 xlim ([-1.5,1.5]);[] 
 []


Overfull \hbox (57.7495pt too wide) in paragraph at lines 87--87
[]\OT1/cmtt/m/n/10 axis equal;[] 
 []

! Undefined control sequence.
l.92 \includegraphics
                      [width=4in]{lshape_neumann_meshsize2_01.eps}
The control sequence at the end of the top line
of your error message was never \def'ed. If you have
misspelled it (e.g., `\hobx'), type `I' and the correct
spelling (e.g., `I\hbox'). Otherwise just continue,
and I'll forget about whatever was undefined.

Missing character: There is no [ in font nullfont!
Missing character: There is no w in font nullfont!
Missing character: There is no i in font nullfont!
Missing character: There is no d in font nullfont!
Missing character: There is no t in font nullfont!
Missing character: There is no h in font nullfont!
Missing character: There is no = in font nullfont!
Missing character: There is no 4 in font nullfont!
Missing character: There is no i in font nullfont!
Missing character: There is no n in font nullfont!
Missing character: There is no ] in font nullfont!
Missing character: There is no l in font nullfont!
Missing character: There is no s in font nullfont!
Missing character: There is no h in font nullfont!
Missing character: There is no a in font nullfont!
Missing character: There is no p in font nullfont!
Missing character: There is no e in font nullfont!
! Missing $ inserted.
<inserted text> 
                $
l.92 \includegraphics [width=4in]{lshape_
                                         neumann_meshsize2_01.eps}
I've inserted a begin-math/end-math symbol since I think
you left one out. Proceed, with fingers crossed.

LaTeX Font Info:    External font `cmex10' loaded for size
(Font)              <7> on input line 92.
LaTeX Font Info:    External font `cmex10' loaded for size
(Font)              <5> on input line 92.
! Extra }, or forgotten $.
l.92 ...idth=4in]{lshape_neumann_meshsize2_01.eps}
                                                  
I've deleted a group-closing symbol because it seems to be
spurious, as in `$x}$'. But perhaps the } is legitimate and
you forgot something else, as in `\hbox{$x}'. In such cases
the way to recover is to insert both the forgotten and the
deleted material, e.g., by typing `I$}'.

! Missing $ inserted.
<inserted text> 
                $
l.93 
     
I've inserted a begin-math/end-math symbol since I think
you left one out. Proceed, with fingers crossed.


Overfull \hbox (134.11452pt too wide) in paragraph at lines 92--93
[]$[]\OML/cmm/m/it/10 eumann[]eshsize\OT1/cmr/m/n/10 2[]1\OML/cmm/m/it/10 :eps$
 
 []

! Undefined control sequence.
l.94 \includegraphics
                      [width=4in]{lshape_neumann_meshsize2_02.eps}
The control sequence at the end of the top line
of your error message was never \def'ed. If you have
misspelled it (e.g., `\hobx'), type `I' and the correct
spelling (e.g., `I\hbox'). Otherwise just continue,
and I'll forget about whatever was undefined.

Missing character: There is no [ in font nullfont!
Missing character: There is no w in font nullfont!
Missing character: There is no i in font nullfont!
Missing character: There is no d in font nullfont!
Missing character: There is no t in font nullfont!
Missing character: There is no h in font nullfont!
Missing character: There is no = in font nullfont!
Missing character: There is no 4 in font nullfont!
Missing character: There is no i in font nullfont!
Missing character: There is no n in font nullfont!
Missing character: There is no ] in font nullfont!
Missing character: There is no l in font nullfont!
Missing character: There is no s in font nullfont!
Missing character: There is no h in font nullfont!
Missing character: There is no a in font nullfont!
Missing character: There is no p in font nullfont!
Missing character: There is no e in font nullfont!
! Missing $ inserted.
<inserted text> 
                $
l.94 \includegraphics [width=4in]{lshape_
                                         neumann_meshsize2_02.eps}
I've inserted a begin-math/end-math symbol since I think
you left one out. Proceed, with fingers crossed.

! Extra }, or forgotten $.
l.94 ...idth=4in]{lshape_neumann_meshsize2_02.eps}
                                                  
I've deleted a group-closing symbol because it seems to be
spurious, as in `$x}$'. But perhaps the } is legitimate and
you forgot something else, as in `\hbox{$x}'. In such cases
the way to recover is to insert both the forgotten and the
deleted material, e.g., by typing `I$}'.

! Missing $ inserted.
<inserted text> 
                $
l.95 
     
I've inserted a begin-math/end-math symbol since I think
you left one out. Proceed, with fingers crossed.


Overfull \hbox (134.11452pt too wide) in paragraph at lines 94--95
[]$[]\OML/cmm/m/it/10 eumann[]eshsize\OT1/cmr/m/n/10 2[]2\OML/cmm/m/it/10 :eps$
 
 []

! Undefined control sequence.
l.96 \includegraphics
                      [width=4in]{lshape_neumann_meshsize2_04.eps}
The control sequence at the end of the top line
of your error message was never \def'ed. If you have
misspelled it (e.g., `\hobx'), type `I' and the correct
spelling (e.g., `I\hbox'). Otherwise just continue,
and I'll forget about whatever was undefined.

Missing character: There is no [ in font nullfont!
Missing character: There is no w in font nullfont!
Missing character: There is no i in font nullfont!
Missing character: There is no d in font nullfont!
Missing character: There is no t in font nullfont!
Missing character: There is no h in font nullfont!
Missing character: There is no = in font nullfont!
Missing character: There is no 4 in font nullfont!
Missing character: There is no i in font nullfont!
Missing character: There is no n in font nullfont!
Missing character: There is no ] in font nullfont!
Missing character: There is no l in font nullfont!
Missing character: There is no s in font nullfont!
Missing character: There is no h in font nullfont!
Missing character: There is no a in font nullfont!
Missing character: There is no p in font nullfont!
Missing character: There is no e in font nullfont!
! Missing $ inserted.
<inserted text> 
                $
l.96 \includegraphics [width=4in]{lshape_
                                         neumann_meshsize2_04.eps}
I've inserted a begin-math/end-math symbol since I think
you left one out. Proceed, with fingers crossed.

! Extra }, or forgotten $.
l.96 ...idth=4in]{lshape_neumann_meshsize2_04.eps}
                                                  
I've deleted a group-closing symbol because it seems to be
spurious, as in `$x}$'. But perhaps the } is legitimate and
you forgot something else, as in `\hbox{$x}'. In such cases
the way to recover is to insert both the forgotten and the
deleted material, e.g., by typing `I$}'.

! Missing $ inserted.
<inserted text> 
                $
l.97 
     
I've inserted a begin-math/end-math symbol since I think
you left one out. Proceed, with fingers crossed.


Overfull \hbox (134.11452pt too wide) in paragraph at lines 96--97
[]$[]\OML/cmm/m/it/10 eumann[]eshsize\OT1/cmr/m/n/10 2[]4\OML/cmm/m/it/10 :eps$
 
 []

! Undefined control sequence.
l.98 \includegraphics
                      [width=4in]{lshape_neumann_meshsize2_05.eps}
The control sequence at the end of the top line
of your error message was never \def'ed. If you have
misspelled it (e.g., `\hobx'), type `I' and the correct
spelling (e.g., `I\hbox'). Otherwise just continue,
and I'll forget about whatever was undefined.

Missing character: There is no [ in font nullfont!
Missing character: There is no w in font nullfont!
Missing character: There is no i in font nullfont!
Missing character: There is no d in font nullfont!
Missing character: There is no t in font nullfont!
Missing character: There is no h in font nullfont!
Missing character: There is no = in font nullfont!
Missing character: There is no 4 in font nullfont!
Missing character: There is no i in font nullfont!
Missing character: There is no n in font nullfont!
Missing character: There is no ] in font nullfont!
Missing character: There is no l in font nullfont!
Missing character: There is no s in font nullfont!
Missing character: There is no h in font nullfont!
Missing character: There is no a in font nullfont!
Missing character: There is no p in font nullfont!
Missing character: There is no e in font nullfont!
! Missing $ inserted.
<inserted text> 
                $
l.98 \includegraphics [width=4in]{lshape_
                                         neumann_meshsize2_05.eps}
I've inserted a begin-math/end-math symbol since I think
you left one out. Proceed, with fingers crossed.

! Extra }, or forgotten $.
l.98 ...idth=4in]{lshape_neumann_meshsize2_05.eps}
                                                  
I've deleted a group-closing symbol because it seems to be
spurious, as in `$x}$'. But perhaps the } is legitimate and
you forgot something else, as in `\hbox{$x}'. In such cases
the way to recover is to insert both the forgotten and the
deleted material, e.g., by typing `I$}'.

! Missing $ inserted.
<inserted text> 
                $
l.99 
     
I've inserted a begin-math/end-math symbol since I think
you left one out. Proceed, with fingers crossed.


Overfull \hbox (134.11452pt too wide) in paragraph at lines 98--99
[]$[]\OML/cmm/m/it/10 eumann[]eshsize\OT1/cmr/m/n/10 2[]5\OML/cmm/m/it/10 :eps$
 
 []

! Undefined control sequence.
l.100 \includegraphics
                       [width=4in]{lshape_neumann_meshsize2_07.eps}
The control sequence at the end of the top line
of your error message was never \def'ed. If you have
misspelled it (e.g., `\hobx'), type `I' and the correct
spelling (e.g., `I\hbox'). Otherwise just continue,
and I'll forget about whatever was undefined.

Missing character: There is no [ in font nullfont!
Missing character: There is no w in font nullfont!
Missing character: There is no i in font nullfont!
Missing character: There is no d in font nullfont!
Missing character: There is no t in font nullfont!
Missing character: There is no h in font nullfont!
Missing character: There is no = in font nullfont!
Missing character: There is no 4 in font nullfont!
Missing character: There is no i in font nullfont!
Missing character: There is no n in font nullfont!
Missing character: There is no ] in font nullfont!
Missing character: There is no l in font nullfont!
Missing character: There is no s in font nullfont!
Missing character: There is no h in font nullfont!
Missing character: There is no a in font nullfont!
Missing character: There is no p in font nullfont!
Missing character: There is no e in font nullfont!
! Missing $ inserted.
<inserted text> 
                $
l.100 \includegraphics [width=4in]{lshape_
                                          neumann_meshsize2_07.eps}
I've inserted a begin-math/end-math symbol since I think
you left one out. Proceed, with fingers crossed.

! Extra }, or forgotten $.
l.100 ...dth=4in]{lshape_neumann_meshsize2_07.eps}
                                                  
I've deleted a group-closing symbol because it seems to be
spurious, as in `$x}$'. But perhaps the } is legitimate and
you forgot something else, as in `\hbox{$x}'. In such cases
the way to recover is to insert both the forgotten and the
deleted material, e.g., by typing `I$}'.

! Missing $ inserted.
<inserted text> 
                $
l.101 
      
I've inserted a begin-math/end-math symbol since I think
you left one out. Proceed, with fingers crossed.


Overfull \hbox (134.11452pt too wide) in paragraph at lines 100--101
[]$[]\OML/cmm/m/it/10 eumann[]eshsize\OT1/cmr/m/n/10 2[]7\OML/cmm/m/it/10 :eps$
 
 []

! Undefined control sequence.
l.102 \includegraphics
                       [width=4in]{lshape_neumann_meshsize2_08.eps}
The control sequence at the end of the top line
of your error message was never \def'ed. If you have
misspelled it (e.g., `\hobx'), type `I' and the correct
spelling (e.g., `I\hbox'). Otherwise just continue,
and I'll forget about whatever was undefined.

Missing character: There is no [ in font nullfont!
Missing character: There is no w in font nullfont!
Missing character: There is no i in font nullfont!
Missing character: There is no d in font nullfont!
Missing character: There is no t in font nullfont!
Missing character: There is no h in font nullfont!
Missing character: There is no = in font nullfont!
Missing character: There is no 4 in font nullfont!
Missing character: There is no i in font nullfont!
Missing character: There is no n in font nullfont!
Missing character: There is no ] in font nullfont!
Missing character: There is no l in font nullfont!
Missing character: There is no s in font nullfont!
Missing character: There is no h in font nullfont!
Missing character: There is no a in font nullfont!
Missing character: There is no p in font nullfont!
Missing character: There is no e in font nullfont!
! Missing $ inserted.
<inserted text> 
                $
l.102 \includegraphics [width=4in]{lshape_
                                          neumann_meshsize2_08.eps}
I've inserted a begin-math/end-math symbol since I think
you left one out. Proceed, with fingers crossed.

! Extra }, or forgotten $.
l.102 ...dth=4in]{lshape_neumann_meshsize2_08.eps}
                                                  
I've deleted a group-closing symbol because it seems to be
spurious, as in `$x}$'. But perhaps the } is legitimate and
you forgot something else, as in `\hbox{$x}'. In such cases
the way to recover is to insert both the forgotten and the
deleted material, e.g., by typing `I$}'.

! Missing $ inserted.
<inserted text> 
                $
l.103 
      
I've inserted a begin-math/end-math symbol since I think
you left one out. Proceed, with fingers crossed.


Overfull \hbox (134.11452pt too wide) in paragraph at lines 102--103
[]$[]\OML/cmm/m/it/10 eumann[]eshsize\OT1/cmr/m/n/10 2[]8\OML/cmm/m/it/10 :eps$
 
 []

! Undefined control sequence.
l.104 \includegraphics
                       [width=4in]{lshape_neumann_meshsize2_10.eps}
The control sequence at the end of the top line
of your error message was never \def'ed. If you have
misspelled it (e.g., `\hobx'), type `I' and the correct
spelling (e.g., `I\hbox'). Otherwise just continue,
and I'll forget about whatever was undefined.

Missing character: There is no [ in font nullfont!
Missing character: There is no w in font nullfont!
Missing character: There is no i in font nullfont!
Missing character: There is no d in font nullfont!
Missing character: There is no t in font nullfont!
Missing character: There is no h in font nullfont!
Missing character: There is no = in font nullfont!
Missing character: There is no 4 in font nullfont!
Missing character: There is no i in font nullfont!
Missing character: There is no n in font nullfont!
Missing character: There is no ] in font nullfont!
Missing character: There is no l in font nullfont!
Missing character: There is no s in font nullfont!
Missing character: There is no h in font nullfont!
Missing character: There is no a in font nullfont!
Missing character: There is no p in font nullfont!
Missing character: There is no e in font nullfont!
! Missing $ inserted.
<inserted text> 
                $
l.104 \includegraphics [width=4in]{lshape_
                                          neumann_meshsize2_10.eps}
I've inserted a begin-math/end-math symbol since I think
you left one out. Proceed, with fingers crossed.

! Extra }, or forgotten $.
l.104 ...dth=4in]{lshape_neumann_meshsize2_10.eps}
                                                  
I've deleted a group-closing symbol because it seems to be
spurious, as in `$x}$'. But perhaps the } is legitimate and
you forgot something else, as in `\hbox{$x}'. In such cases
the way to recover is to insert both the forgotten and the
deleted material, e.g., by typing `I$}'.

! Missing $ inserted.
<inserted text> 
                $
l.105 
      
I've inserted a begin-math/end-math symbol since I think
you left one out. Proceed, with fingers crossed.


Overfull \hbox (134.11452pt too wide) in paragraph at lines 104--105
[]$[]\OML/cmm/m/it/10 eumann[]eshsize\OT1/cmr/m/n/10 2[]0\OML/cmm/m/it/10 :eps$
 
 []

! Undefined control sequence.
l.106 \includegraphics
                       [width=4in]{lshape_neumann_meshsize2_11.eps}
The control sequence at the end of the top line
of your error message was never \def'ed. If you have
misspelled it (e.g., `\hobx'), type `I' and the correct
spelling (e.g., `I\hbox'). Otherwise just continue,
and I'll forget about whatever was undefined.

Missing character: There is no [ in font nullfont!
Missing character: There is no w in font nullfont!
Missing character: There is no i in font nullfont!
Missing character: There is no d in font nullfont!
Missing character: There is no t in font nullfont!
Missing character: There is no h in font nullfont!
Missing character: There is no = in font nullfont!
Missing character: There is no 4 in font nullfont!
Missing character: There is no i in font nullfont!
Missing character: There is no n in font nullfont!
Missing character: There is no ] in font nullfont!
Missing character: There is no l in font nullfont!
Missing character: There is no s in font nullfont!
Missing character: There is no h in font nullfont!
Missing character: There is no a in font nullfont!
Missing character: There is no p in font nullfont!
Missing character: There is no e in font nullfont!
! Missing $ inserted.
<inserted text> 
                $
l.106 \includegraphics [width=4in]{lshape_
                                          neumann_meshsize2_11.eps}
I've inserted a begin-math/end-math symbol since I think
you left one out. Proceed, with fingers crossed.

! Extra }, or forgotten $.
l.106 ...dth=4in]{lshape_neumann_meshsize2_11.eps}
                                                  
I've deleted a group-closing symbol because it seems to be
spurious, as in `$x}$'. But perhaps the } is legitimate and
you forgot something else, as in `\hbox{$x}'. In such cases
the way to recover is to insert both the forgotten and the
deleted material, e.g., by typing `I$}'.

! Missing $ inserted.
<inserted text> 
                $
l.107 
      
I've inserted a begin-math/end-math symbol since I think
you left one out. Proceed, with fingers crossed.


Overfull \hbox (134.11452pt too wide) in paragraph at lines 106--107
[]$[]\OML/cmm/m/it/10 eumann[]eshsize\OT1/cmr/m/n/10 2[]1\OML/cmm/m/it/10 :eps$
 
 []

! Undefined control sequence.
l.109 \subsection
                 *{Obtain relative matrices}
The control sequence at the end of the top line
of your error message was never \def'ed. If you have
misspelled it (e.g., `\hobx'), type `I' and the correct
spelling (e.g., `I\hbox'). Otherwise just continue,
and I'll forget about whatever was undefined.

Missing character: There is no * in font nullfont!
Missing character: There is no O in font nullfont!
Missing character: There is no b in font nullfont!
Missing character: There is no t in font nullfont!
Missing character: There is no a in font nullfont!
Missing character: There is no i in font nullfont!
Missing character: There is no n in font nullfont!
Missing character: There is no r in font nullfont!
Missing character: There is no e in font nullfont!
Missing character: There is no l in font nullfont!
Missing character: There is no a in font nullfont!
Missing character: There is no t in font nullfont!
Missing character: There is no i in font nullfont!
Missing character: There is no v in font nullfont!
Missing character: There is no e in font nullfont!
Missing character: There is no m in font nullfont!
Missing character: There is no a in font nullfont!
Missing character: There is no t in font nullfont!
Missing character: There is no r in font nullfont!
Missing character: There is no i in font nullfont!
Missing character: There is no c in font nullfont!
Missing character: There is no e in font nullfont!
Missing character: There is no s in font nullfont!

Overfull \hbox (20.0pt too wide) in paragraph at lines 109--110
[]
 []


Overfull \hbox (20.0pt too wide) in paragraph at lines 111--111
[] 
 []


Overfull \hbox (383.24666pt too wide) in paragraph at lines 114--114
[]\OT1/cmtt/m/n/10 [K_up,M_up,F_up,Q_up,G_up,H_up,R_up]=assempde(b_up,p_up,e_up
,t_up,c,a,f);[] 
 []


Overfull \hbox (383.24666pt too wide) in paragraph at lines 114--114
[]\OT1/cmtt/m/n/10 [K_lo,M_lo,F_lo,Q_lo,G_lo,H_lo,R_lo]=assempde(b_lo,p_lo,e_lo
,t_lo,c,a,f);[] 
 []

! Undefined control sequence.
l.117 \subsection
                 *{Assign true solution}
The control sequence at the end of the top line
of your error message was never \def'ed. If you have
misspelled it (e.g., `\hobx'), type `I' and the correct
spelling (e.g., `I\hbox'). Otherwise just continue,
and I'll forget about whatever was undefined.

Missing character: There is no * in font nullfont!
Missing character: There is no A in font nullfont!
Missing character: There is no s in font nullfont!
Missing character: There is no s in font nullfont!
Missing character: There is no i in font nullfont!
Missing character: There is no g in font nullfont!
Missing character: There is no n in font nullfont!
Missing character: There is no t in font nullfont!
Missing character: There is no r in font nullfont!
Missing character: There is no u in font nullfont!
Missing character: There is no e in font nullfont!
Missing character: There is no s in font nullfont!
Missing character: There is no o in font nullfont!
Missing character: There is no l in font nullfont!
Missing character: There is no u in font nullfont!
Missing character: There is no t in font nullfont!
Missing character: There is no i in font nullfont!
Missing character: There is no o in font nullfont!
Missing character: There is no n in font nullfont!

Overfull \hbox (20.0pt too wide) in paragraph at lines 117--118
[]
 []


Overfull \hbox (20.0pt too wide) in paragraph at lines 119--119
[] 
 []


Overfull \hbox (173.24849pt too wide) in paragraph at lines 122--122
[]\OT1/cmtt/m/n/10 u_up_true = ones(1,length(p_up));[] 
 []


Overfull \hbox (173.24849pt too wide) in paragraph at lines 122--122
[]\OT1/cmtt/m/n/10 u_lo_true = ones(1,length(p_lo));[] 
 []

! Undefined control sequence.
l.125 \subsection
                 *{Iterations}
The control sequence at the end of the top line
of your error message was never \def'ed. If you have
misspelled it (e.g., `\hobx'), type `I' and the correct
spelling (e.g., `I\hbox'). Otherwise just continue,
and I'll forget about whatever was undefined.

Missing character: There is no * in font nullfont!
Missing character: There is no I in font nullfont!
Missing character: There is no t in font nullfont!
Missing character: There is no e in font nullfont!
Missing character: There is no r in font nullfont!
Missing character: There is no a in font nullfont!
Missing character: There is no t in font nullfont!
Missing character: There is no i in font nullfont!
Missing character: There is no o in font nullfont!
Missing character: There is no n in font nullfont!
Missing character: There is no s in font nullfont!

Overfull \hbox (20.0pt too wide) in paragraph at lines 125--126
[] 
 []


Overfull \hbox (20.0pt too wide) in paragraph at lines 127--127
[] 
 []


Overfull \hbox (62.99945pt too wide) in paragraph at lines 250--250
[]\OT1/cmtt/m/n/10 counter = 0;[] 
 []


Overfull \hbox (57.7495pt too wide) in paragraph at lines 250--250
[]\OT1/cmtt/m/n/10 if rec == 1[] 
 []


Overfull \hbox (241.4979pt too wide) in paragraph at lines 250--250
[]    \OT1/cmtt/m/n/10 Vid = VideoWriter('Temp_video', 'MPEG-4');[] 
 []


Overfull \hbox (115.499pt too wide) in paragraph at lines 250--250
[]    \OT1/cmtt/m/n/10 Vid.FrameRate = 3;[] 
 []


Overfull \hbox (115.499pt too wide) in paragraph at lines 250--250
[]    \OT1/cmtt/m/n/10 Vid.Quality = 100;[] 
 []


Overfull \hbox (73.49936pt too wide) in paragraph at lines 250--250
[]    \OT1/cmtt/m/n/10 open(Vid);[] 
 []


Overfull \hbox (15.74986pt too wide) in paragraph at lines 250--250
[]\OT1/cmtt/m/n/10 end[] 
 []


Overfull \hbox (225.74803pt too wide) in paragraph at lines 250--250
[]\OT1/cmtt/m/n/10 ZZ(XX>=0) = initguess(XX(XX>=0),YY(XX>=0));[] 
 []


Overfull \hbox (225.74803pt too wide) in paragraph at lines 250--250
[]\OT1/cmtt/m/n/10 ZZ(YY<=0) = initguess(XX(YY<=0),YY(YY<=0));[] 
 []


Overfull \hbox (52.49954pt too wide) in paragraph at lines 250--250
[]\OT1/cmtt/m/n/10 figure(3);[] 
 []


Overfull \hbox (335.99707pt too wide) in paragraph at lines 250--250
[]\OT1/cmtt/m/n/10 my_plot_new(XX,YY,ZZ,az,el,v, plot_range, col_range,0,fix_ax
es);[] 
 []


Overfull \hbox (57.7495pt too wide) in paragraph at lines 250--250
[]\OT1/cmtt/m/n/10 if rec == 1[] 
 []


Overfull \hbox (136.49881pt too wide) in paragraph at lines 250--250
[]    \OT1/cmtt/m/n/10 frame = getframe(gcf);[] 
 []


Overfull \hbox (136.49881pt too wide) in paragraph at lines 250--250
[]    \OT1/cmtt/m/n/10 writeVideo(Vid,frame);[] 
 []


Overfull \hbox (15.74986pt too wide) in paragraph at lines 250--250
[]\OT1/cmtt/m/n/10 end[] 
 []


Overfull \hbox (26.24977pt too wide) in paragraph at lines 250--250
[]\OT1/cmtt/m/n/10 pause[] 
 []


Overfull \hbox (446.24611pt too wide) in paragraph at lines 250--250
[]\OT1/cmtt/m/n/10 % Note that pind_up2 represents the indices of the mesh poin
ts at the boundary in the[] 
 []


Overfull \hbox (73.49936pt too wide) in paragraph at lines 250--250
[]\OT1/cmtt/m/n/10 % upper domain[] 
 []


Overfull \hbox (162.74858pt too wide) in paragraph at lines 250--250
[]\OT1/cmtt/m/n/10 [pind_up1,pind_up2]=find(H_up);[] 
 []


! LaTeX Error: The font size command \normalsize is not defined:
               there is probably something wrong with the class file.

See the LaTeX manual or LaTeX Companion for explanation.
Type  H <return>  for immediate help.
 ...                                              
                                                  
l.250 \end{verbatim}
                    
Your command was ignored.
Type  I <command> <return>  to replace it with another command,
or  <return>  to continue without it.

[1
! Undefined control sequence.
<write> \newlabel{sec:appA}{{}{\thepage 
                                        }}
l.250 \end{verbatim}
                    
The control sequence at the end of the top line
of your error message was never \def'ed. If you have
misspelled it (e.g., `\hobx'), type `I' and the correct
spelling (e.g., `I\hbox'). Otherwise just continue,
and I'll forget about whatever was undefined.

\newlabel{sec:appA}{{}{}}
{/usr/local/texlive/2015/texmf-var/fonts/map/pdftex/updmap/pdftex.map}]
Overfull \hbox (157.49863pt too wide) in paragraph at lines 250--250
[]\OT1/cmtt/m/n/10 % Remove the problematic point[] 
 []


Overfull \hbox (409.49643pt too wide) in paragraph at lines 250--250
[]\OT1/cmtt/m/n/10 ind=find((abs(p_up(1,pind_up2) -0)<1e-10) & (abs(p_up(2,pind
_up2) -0)<1e-10));[] 
 []


Overfull \hbox (89.24922pt too wide) in paragraph at lines 250--250
[]\OT1/cmtt/m/n/10 pind_up1(ind)=[];[] 
 []


Overfull \hbox (89.24922pt too wide) in paragraph at lines 250--250
[]\OT1/cmtt/m/n/10 pind_up2(ind)=[];[] 
 []


Overfull \hbox (230.99799pt too wide) in paragraph at lines 250--250
[]\OT1/cmtt/m/n/10 % Update the Dirichlet condition matrix H_up[] 
 []


Overfull \hbox (115.499pt too wide) in paragraph at lines 250--250
[]\OT1/cmtt/m/n/10 H_up=H_up(pind_up1,:);[] 
 []


Overfull \hbox (162.74858pt too wide) in paragraph at lines 250--250
[]\OT1/cmtt/m/n/10 [pind_lo1,pind_lo2]=find(H_lo);[] 
 []


Overfull \hbox (157.49863pt too wide) in paragraph at lines 250--250
[]\OT1/cmtt/m/n/10 % Remove the problematic point[] 
 []


Overfull \hbox (409.49643pt too wide) in paragraph at lines 250--250
[]\OT1/cmtt/m/n/10 ind=find((abs(p_lo(1,pind_lo2) -0)<1e-10) & (abs(p_lo(2,pind
_lo2) -0)<1e-10));[] 
 []


Overfull \hbox (89.24922pt too wide) in paragraph at lines 250--250
[]\OT1/cmtt/m/n/10 pind_lo1(ind)=[];[] 
 []


Overfull \hbox (89.24922pt too wide) in paragraph at lines 250--250
[]\OT1/cmtt/m/n/10 pind_lo2(ind)=[];[] 
 []


Overfull \hbox (230.99799pt too wide) in paragraph at lines 250--250
[]\OT1/cmtt/m/n/10 % Update the Dirichlet condition matrix H_lo[] 
 []


Overfull \hbox (115.499pt too wide) in paragraph at lines 250--250
[]\OT1/cmtt/m/n/10 H_lo=H_lo(pind_lo1,:);[] 
 []


Overfull \hbox (178.49844pt too wide) in paragraph at lines 250--250
[]\OT1/cmtt/m/n/10 bnew_up=zeros(length(pind_up2),1);[] 
 []


Overfull \hbox (178.49844pt too wide) in paragraph at lines 250--250
[]\OT1/cmtt/m/n/10 bnew_lo=zeros(length(pind_lo2),1);[] 
 []


Overfull \hbox (104.99908pt too wide) in paragraph at lines 250--250
[]\OT1/cmtt/m/n/10 for step = 1:Nsteps;[] 
 []


Overfull \hbox (83.99927pt too wide) in paragraph at lines 250--250
[]    \OT1/cmtt/m/n/10 if step == 1[] 
 []


Overfull \hbox (209.99817pt too wide) in paragraph at lines 250--250
[]        \OT1/cmtt/m/n/10 bfun_up = @(x,y) initguess(x,y);[] 
 []


Overfull \hbox (41.99963pt too wide) in paragraph at lines 250--250
[]    \OT1/cmtt/m/n/10 else[] 
 []


Overfull \hbox (283.49753pt too wide) in paragraph at lines 250--250
[]        \OT1/cmtt/m/n/10 bfun_up = @(x,y) tri2grid(p_lo,t_lo,u_lo,x,y);[] 
 []


Overfull \hbox (36.74968pt too wide) in paragraph at lines 250--250
[]    \OT1/cmtt/m/n/10 end[] 
 []


Overfull \hbox (152.24867pt too wide) in paragraph at lines 250--250
[]\OT1/cmtt/m/n/10 % Update  boundary conditions[] 
 []


Overfull \hbox (131.24886pt too wide) in paragraph at lines 250--250
[]\OT1/cmtt/m/n/10 for i=1:length(pind_up2);[] 
 []


Overfull \hbox (335.99707pt too wide) in paragraph at lines 250--250
[]    \OT1/cmtt/m/n/10 bnew_up(i)=bfun_up(p_up(1,pind_up2(i)),p_up(2,pind_up2(i
)));[] 
 []


Overfull \hbox (15.74986pt too wide) in paragraph at lines 250--250
[]\OT1/cmtt/m/n/10 end[] 
 []


Overfull \hbox (225.74803pt too wide) in paragraph at lines 250--250
[]\OT1/cmtt/m/n/10 % Update the Dirichlet condtion vector R_up[] 
 []


Overfull \hbox (173.24849pt too wide) in paragraph at lines 250--250
[] \OT1/cmtt/m/n/10 R_up = H_up(:,pind_up2)*bnew_up;[] 
 []


Overfull \hbox (183.7484pt too wide) in paragraph at lines 250--250
[]\OT1/cmtt/m/n/10 % Solve the pde in the upper domain[] 
 []


Overfull \hbox (262.49771pt too wide) in paragraph at lines 250--250
[]\OT1/cmtt/m/n/10 u_up=assempde(K_up,M_up,F_up,Q_up,G_up,H_up,R_up);[] 
 []


Overfull \hbox (99.74913pt too wide) in paragraph at lines 250--250
[]\OT1/cmtt/m/n/10 % Plot the solution[] 
 []


Overfull \hbox (320.24721pt too wide) in paragraph at lines 250--250
[]\OT1/cmtt/m/n/10 ZZ(XX>=0) = tri2grid(p_up,t_up,u_up,xg(indx_up),yg(indy_up))
;[] 
 []


Overfull \hbox (52.49954pt too wide) in paragraph at lines 250--250
[]\OT1/cmtt/m/n/10 figure(3);[] 
 []


Overfull \hbox (372.74675pt too wide) in paragraph at lines 250--250
[]\OT1/cmtt/m/n/10 my_plot_new(XX,YY,ZZ,az,el,v, plot_range, col_range, counter
,fix_axes);[] 
 []


Overfull \hbox (57.7495pt too wide) in paragraph at lines 250--250
[]\OT1/cmtt/m/n/10 if rec == 1[] 
 []


Overfull \hbox (136.49881pt too wide) in paragraph at lines 250--250
[]    \OT1/cmtt/m/n/10 frame = getframe(gcf);[] 
 []


Overfull \hbox (136.49881pt too wide) in paragraph at lines 250--250
[]    \OT1/cmtt/m/n/10 writeVideo(Vid,frame);[] 
 []


Overfull \hbox (15.74986pt too wide) in paragraph at lines 250--250
[]\OT1/cmtt/m/n/10 end[] 
 []


Overfull \hbox (41.99963pt too wide) in paragraph at lines 250--250
[]\OT1/cmtt/m/n/10 pause(T)[] 
 []


Overfull \hbox (104.99908pt too wide) in paragraph at lines 250--250
[]\OT1/cmtt/m/n/10 counter = counter+1;[] 
 []


Overfull \hbox (241.4979pt too wide) in paragraph at lines 250--250
[]\OT1/cmtt/m/n/10 bfun_lo = @(x,y) tri2grid(p_up,t_up,u_up,x,y);[] 
 []


Overfull \hbox (167.99854pt too wide) in paragraph at lines 250--250
[]\OT1/cmtt/m/n/10 % Update the boundary conditions[] 
 []


Overfull \hbox (131.24886pt too wide) in paragraph at lines 250--250
[]\OT1/cmtt/m/n/10 for i=1:length(pind_lo2);[] 
 []


Overfull \hbox (335.99707pt too wide) in paragraph at lines 250--250
[]    \OT1/cmtt/m/n/10 bnew_lo(i)=bfun_lo(p_lo(1,pind_lo2(i)),p_lo(2,pind_lo2(i
)));[] 
 []


Overfull \hbox (15.74986pt too wide) in paragraph at lines 250--250
[]\OT1/cmtt/m/n/10 end[] 
 []


Overfull \hbox (204.74821pt too wide) in paragraph at lines 250--250
[]\OT1/cmtt/m/n/10 % Update the Dirichlet condition vector[] 
 []


Overfull \hbox (167.99854pt too wide) in paragraph at lines 250--250
[]\OT1/cmtt/m/n/10 R_lo = H_lo(:,pind_lo2)*bnew_lo;[] 
 []


Overfull \hbox (183.7484pt too wide) in paragraph at lines 250--250
[]\OT1/cmtt/m/n/10 % Solve the pde in the lower domain[] 
 []


Overfull \hbox (262.49771pt too wide) in paragraph at lines 250--250
[]\OT1/cmtt/m/n/10 u_lo=assempde(K_lo,M_lo,F_lo,Q_lo,G_lo,H_lo,R_lo);[] 
 []


Overfull \hbox (94.49918pt too wide) in paragraph at lines 250--250
[]\OT1/cmtt/m/n/10 %Plot the solution[] 
 []


Overfull \hbox (320.24721pt too wide) in paragraph at lines 250--250
[]\OT1/cmtt/m/n/10 ZZ(YY<=0) = tri2grid(p_lo,t_lo,u_lo,xg(indx_lo),yg(indy_lo))
;[] 
 []


Overfull \hbox (47.24959pt too wide) in paragraph at lines 250--250
[]\OT1/cmtt/m/n/10 figure(3)[] 
 []


Overfull \hbox (377.9967pt too wide) in paragraph at lines 250--250
[]\OT1/cmtt/m/n/10 my_plot_new(XX,YY,ZZ,az,el, v, plot_range, col_range, counte
r,fix_axes);[] 
 []


Overfull \hbox (57.7495pt too wide) in paragraph at lines 250--250
[]\OT1/cmtt/m/n/10 if rec == 1[] 
 []


Overfull \hbox (136.49881pt too wide) in paragraph at lines 250--250
[]    \OT1/cmtt/m/n/10 frame = getframe(gcf);[] 
 []


Overfull \hbox (136.49881pt too wide) in paragraph at lines 250--250
[]    \OT1/cmtt/m/n/10 writeVideo(Vid,frame);[] 
 []


Overfull \hbox (15.74986pt too wide) in paragraph at lines 250--250
[]\OT1/cmtt/m/n/10 end[] 
 []


Overfull \hbox (41.99963pt too wide) in paragraph at lines 250--250
[]\OT1/cmtt/m/n/10 pause(T)[] 
 []


Overfull \hbox (104.99908pt too wide) in paragraph at lines 250--250
[]\OT1/cmtt/m/n/10 counter = counter+1;[] 
 []


Overfull \hbox (272.99762pt too wide) in paragraph at lines 250--250
[]\OT1/cmtt/m/n/10 % The error calculated with respect to infinity norm[] 
 []


Overfull \hbox (472.49588pt too wide) in paragraph at lines 250--250
[]\OT1/cmtt/m/n/10 errvals_inf(Nmesh/25,step)=max(max(abs([u_up(:); u_lo(:)]-[u
_up_true(:); u_lo_true(:)])));[] 
 []


Overfull \hbox (241.4979pt too wide) in paragraph at lines 250--250
[]\OT1/cmtt/m/n/10 % The error calculated with respect to H1 norm[] 
 []


Overfull \hbox (356.99689pt too wide) in paragraph at lines 250--250
[]\OT1/cmtt/m/n/10 % The difference between the solution from ASM and the true 
solution[] 
 []


Overfull \hbox (131.24886pt too wide) in paragraph at lines 250--250
[]\OT1/cmtt/m/n/10 u_diff=ZZ-ones(size(ZZ));[] 
 []


Overfull \hbox (120.74895pt too wide) in paragraph at lines 250--250
[]\OT1/cmtt/m/n/10 % Square the difference[] 
 []


Overfull \hbox (152.24867pt too wide) in paragraph at lines 250--250
[]\OT1/cmtt/m/n/10 u_diff_square=u_diff.*u_diff;[] 
 []


Overfull \hbox (110.24904pt too wide) in paragraph at lines 250--250
[]\OT1/cmtt/m/n/10 %  stepsize on x-axis[] 
 []


Overfull \hbox (115.499pt too wide) in paragraph at lines 250--250
[]\OT1/cmtt/m/n/10 dx=(1-(-1))/(Nplot-1);[] 
 []


Overfull \hbox (104.99908pt too wide) in paragraph at lines 250--250
[]\OT1/cmtt/m/n/10 % stepsize on y-axis[] 
 []


Overfull \hbox (115.499pt too wide) in paragraph at lines 250--250
[]\OT1/cmtt/m/n/10 dy=(1-(-1))/(Nplot-1);[] 
 []


Overfull \hbox (288.74748pt too wide) in paragraph at lines 250--250
[]\OT1/cmtt/m/n/10 integral_1=sum(sum (dx*dy*u_diff_square(indices_all)));[] 
 []


Overfull \hbox (304.49734pt too wide) in paragraph at lines 250--250
[]\OT1/cmtt/m/n/10 % Approximate the derivatives by Central Difference Method[]
 
 []


Overfull \hbox (236.24794pt too wide) in paragraph at lines 250--250
[]\OT1/cmtt/m/n/10 Du_dy=(ZZ(3:Nplot,:)-ZZ(1:Nplot-2,:))/(2*dy);[] 
 []


Overfull \hbox (236.24794pt too wide) in paragraph at lines 250--250
[]\OT1/cmtt/m/n/10 Du_dx=(ZZ(:,3:Nplot)-ZZ(:,1:Nplot-2))/(2*dx);[] 
 []


Overfull \hbox (157.49863pt too wide) in paragraph at lines 250--250
[]\OT1/cmtt/m/n/10 % Integrate on the y-direction[] 
 []


Overfull \hbox (162.74858pt too wide) in paragraph at lines 250--250
[]\OT1/cmtt/m/n/10 integrand_y=Du_dy.*Du_dy*dx*dy;[] 
 []


Overfull \hbox (157.49863pt too wide) in paragraph at lines 250--250
[]\OT1/cmtt/m/n/10 % Integrate on the x-direction[] 
 []


Overfull \hbox (162.74858pt too wide) in paragraph at lines 250--250
[]\OT1/cmtt/m/n/10 integrand_x=Du_dx.*Du_dx*dx*dy;[] 
 []


Overfull \hbox (467.24593pt too wide) in paragraph at lines 250--250
[]\OT1/cmtt/m/n/10 integrals=[integral_1,sum(sum(integrand_y(diffy_ind))),sum(s
um(integrand_x(diffx_ind)))];[] 
 []


Overfull \hbox (246.74785pt too wide) in paragraph at lines 250--250
[]\OT1/cmtt/m/n/10 errvals_H1(Nmesh/25,step)=sqrt(sum(integrals));[] 
 []


Overfull \hbox (15.74986pt too wide) in paragraph at lines 250--250
[]\OT1/cmtt/m/n/10 end[] 
 []

! Undefined control sequence.
l.252 \includegraphics
                       [width=4in]{lshape_neumann_meshsize2_03.eps}
The control sequence at the end of the top line
of your error message was never \def'ed. If you have
misspelled it (e.g., `\hobx'), type `I' and the correct
spelling (e.g., `I\hbox'). Otherwise just continue,
and I'll forget about whatever was undefined.

Missing character: There is no [ in font nullfont!
Missing character: There is no w in font nullfont!
Missing character: There is no i in font nullfont!
Missing character: There is no d in font nullfont!
Missing character: There is no t in font nullfont!
Missing character: There is no h in font nullfont!
Missing character: There is no = in font nullfont!
Missing character: There is no 4 in font nullfont!
Missing character: There is no i in font nullfont!
Missing character: There is no n in font nullfont!
Missing character: There is no ] in font nullfont!
Missing character: There is no l in font nullfont!
Missing character: There is no s in font nullfont!
Missing character: There is no h in font nullfont!
Missing character: There is no a in font nullfont!
Missing character: There is no p in font nullfont!
Missing character: There is no e in font nullfont!
! Missing $ inserted.
<inserted text> 
                $
l.252 \includegraphics [width=4in]{lshape_
                                          neumann_meshsize2_03.eps}
I've inserted a begin-math/end-math symbol since I think
you left one out. Proceed, with fingers crossed.

! Extra }, or forgotten $.
l.252 ...dth=4in]{lshape_neumann_meshsize2_03.eps}
                                                  
I've deleted a group-closing symbol because it seems to be
spurious, as in `$x}$'. But perhaps the } is legitimate and
you forgot something else, as in `\hbox{$x}'. In such cases
the way to recover is to insert both the forgotten and the
deleted material, e.g., by typing `I$}'.

! Missing $ inserted.
<inserted text> 
                $
l.253 
      
I've inserted a begin-math/end-math symbol since I think
you left one out. Proceed, with fingers crossed.


Overfull \hbox (134.11452pt too wide) in paragraph at lines 252--253
[]$[]\OML/cmm/m/it/10 eumann[]eshsize\OT1/cmr/m/n/10 2[]3\OML/cmm/m/it/10 :eps$
 
 []

! Undefined control sequence.
l.254 \includegraphics
                       [width=4in]{lshape_neumann_meshsize2_06.eps}
The control sequence at the end of the top line
of your error message was never \def'ed. If you have
misspelled it (e.g., `\hobx'), type `I' and the correct
spelling (e.g., `I\hbox'). Otherwise just continue,
and I'll forget about whatever was undefined.

Missing character: There is no [ in font nullfont!
Missing character: There is no w in font nullfont!
Missing character: There is no i in font nullfont!
Missing character: There is no d in font nullfont!
Missing character: There is no t in font nullfont!
Missing character: There is no h in font nullfont!
Missing character: There is no = in font nullfont!
Missing character: There is no 4 in font nullfont!
Missing character: There is no i in font nullfont!
Missing character: There is no n in font nullfont!
Missing character: There is no ] in font nullfont!
Missing character: There is no l in font nullfont!
Missing character: There is no s in font nullfont!
Missing character: There is no h in font nullfont!
Missing character: There is no a in font nullfont!
Missing character: There is no p in font nullfont!
Missing character: There is no e in font nullfont!
! Missing $ inserted.
<inserted text> 
                $
l.254 \includegraphics [width=4in]{lshape_
                                          neumann_meshsize2_06.eps}
I've inserted a begin-math/end-math symbol since I think
you left one out. Proceed, with fingers crossed.

! Extra }, or forgotten $.
l.254 ...dth=4in]{lshape_neumann_meshsize2_06.eps}
                                                  
I've deleted a group-closing symbol because it seems to be
spurious, as in `$x}$'. But perhaps the } is legitimate and
you forgot something else, as in `\hbox{$x}'. In such cases
the way to recover is to insert both the forgotten and the
deleted material, e.g., by typing `I$}'.

! Missing $ inserted.
<inserted text> 
                $
l.255 
      
I've inserted a begin-math/end-math symbol since I think
you left one out. Proceed, with fingers crossed.


Overfull \hbox (134.11452pt too wide) in paragraph at lines 254--255
[]$[]\OML/cmm/m/it/10 eumann[]eshsize\OT1/cmr/m/n/10 2[]6\OML/cmm/m/it/10 :eps$
 
 []

! Undefined control sequence.
l.256 \includegraphics
                       [width=4in]{lshape_neumann_meshsize2_09.eps}
The control sequence at the end of the top line
of your error message was never \def'ed. If you have
misspelled it (e.g., `\hobx'), type `I' and the correct
spelling (e.g., `I\hbox'). Otherwise just continue,
and I'll forget about whatever was undefined.

Missing character: There is no [ in font nullfont!
Missing character: There is no w in font nullfont!
Missing character: There is no i in font nullfont!
Missing character: There is no d in font nullfont!
Missing character: There is no t in font nullfont!
Missing character: There is no h in font nullfont!
Missing character: There is no = in font nullfont!
Missing character: There is no 4 in font nullfont!
Missing character: There is no i in font nullfont!
Missing character: There is no n in font nullfont!
Missing character: There is no ] in font nullfont!
Missing character: There is no l in font nullfont!
Missing character: There is no s in font nullfont!
Missing character: There is no h in font nullfont!
Missing character: There is no a in font nullfont!
Missing character: There is no p in font nullfont!
Missing character: There is no e in font nullfont!
! Missing $ inserted.
<inserted text> 
                $
l.256 \includegraphics [width=4in]{lshape_
                                          neumann_meshsize2_09.eps}
I've inserted a begin-math/end-math symbol since I think
you left one out. Proceed, with fingers crossed.

! Extra }, or forgotten $.
l.256 ...dth=4in]{lshape_neumann_meshsize2_09.eps}
                                                  
I've deleted a group-closing symbol because it seems to be
spurious, as in `$x}$'. But perhaps the } is legitimate and
you forgot something else, as in `\hbox{$x}'. In such cases
the way to recover is to insert both the forgotten and the
deleted material, e.g., by typing `I$}'.

! Missing $ inserted.
<inserted text> 
                $
l.257 
      
I've inserted a begin-math/end-math symbol since I think
you left one out. Proceed, with fingers crossed.


Overfull \hbox (134.11452pt too wide) in paragraph at lines 256--257
[]$[]\OML/cmm/m/it/10 eumann[]eshsize\OT1/cmr/m/n/10 2[]9\OML/cmm/m/it/10 :eps$
 
 []

! Undefined control sequence.
l.258 \includegraphics
                       [width=4in]{lshape_neumann_meshsize2_12.eps}
The control sequence at the end of the top line
of your error message was never \def'ed. If you have
misspelled it (e.g., `\hobx'), type `I' and the correct
spelling (e.g., `I\hbox'). Otherwise just continue,
and I'll forget about whatever was undefined.

Missing character: There is no [ in font nullfont!
Missing character: There is no w in font nullfont!
Missing character: There is no i in font nullfont!
Missing character: There is no d in font nullfont!
Missing character: There is no t in font nullfont!
Missing character: There is no h in font nullfont!
Missing character: There is no = in font nullfont!
Missing character: There is no 4 in font nullfont!
Missing character: There is no i in font nullfont!
Missing character: There is no n in font nullfont!
Missing character: There is no ] in font nullfont!
Missing character: There is no l in font nullfont!
Missing character: There is no s in font nullfont!
Missing character: There is no h in font nullfont!
Missing character: There is no a in font nullfont!
Missing character: There is no p in font nullfont!
Missing character: There is no e in font nullfont!
! Missing $ inserted.
<inserted text> 
                $
l.258 \includegraphics [width=4in]{lshape_
                                          neumann_meshsize2_12.eps}
I've inserted a begin-math/end-math symbol since I think
you left one out. Proceed, with fingers crossed.

! Extra }, or forgotten $.
l.258 ...dth=4in]{lshape_neumann_meshsize2_12.eps}
                                                  
I've deleted a group-closing symbol because it seems to be
spurious, as in `$x}$'. But perhaps the } is legitimate and
you forgot something else, as in `\hbox{$x}'. In such cases
the way to recover is to insert both the forgotten and the
deleted material, e.g., by typing `I$}'.

! Missing $ inserted.
<inserted text> 
                $
l.259 \begin{verbatim}
                      
I've inserted a begin-math/end-math symbol since I think
you left one out. Proceed, with fingers crossed.

! Missing \endgroup inserted.
<inserted text> 
                \endgroup 
l.259 \begin{verbatim}
                      
I've inserted something that you may have forgotten.
(See the <inserted text> above.)
With luck, this will get me unwedged. But if you
really didn't forget anything, try typing `2' now; then
my insertion and my current dilemma will both disappear.


Overfull \hbox (134.11452pt too wide) in paragraph at lines 258--259
[]$[]\OML/cmm/m/it/10 eumann[]eshsize\OT1/cmr/m/n/10 2[]2\OML/cmm/m/it/10 :eps$
 
 []


Overfull \hbox (15.74986pt too wide) in paragraph at lines 265--265
[]\OT1/cmtt/m/n/10 end[] 
 []


Overfull \hbox (57.7495pt too wide) in paragraph at lines 265--265
[]\OT1/cmtt/m/n/10 if rec == 1[] 
 []


Overfull \hbox (78.74931pt too wide) in paragraph at lines 265--265
[]    \OT1/cmtt/m/n/10 close(Vid);[] 
 []


Overfull \hbox (15.74986pt too wide) in paragraph at lines 265--265
[]\OT1/cmtt/m/n/10 end[] 
 []


! LaTeX Error: \begin{document} ended by \end{verbatim}.

See the LaTeX manual or LaTeX Companion for explanation.
Type  H <return>  for immediate help.
 ...                                              
                                                  
l.265 \end{verbatim}
                    
Your command was ignored.
Type  I <command> <return>  to replace it with another command,
or  <return>  to continue without it.

! Missing } inserted.
<inserted text> 
                }
l.265 \end{verbatim}
                    
I've inserted something that you may have forgotten.
(See the <inserted text> above.)
With luck, this will get me unwedged. But if you
really didn't forget anything, try typing `2' now; then
my insertion and my current dilemma will both disappear.

! Missing } inserted.
<inserted text> 
                }
l.265 \end{verbatim}
                    
I've inserted something that you may have forgotten.
(See the <inserted text> above.)
With luck, this will get me unwedged. But if you
really didn't forget anything, try typing `2' now; then
my insertion and my current dilemma will both disappear.

! Missing } inserted.
<inserted text> 
                }
l.265 \end{verbatim}
                    
I've inserted something that you may have forgotten.
(See the <inserted text> above.)
With luck, this will get me unwedged. But if you
really didn't forget anything, try typing `2' now; then
my insertion and my current dilemma will both disappear.

! Missing } inserted.
<inserted text> 
                }
l.265 \end{verbatim}
                    
I've inserted something that you may have forgotten.
(See the <inserted text> above.)
With luck, this will get me unwedged. But if you
really didn't forget anything, try typing `2' now; then
my insertion and my current dilemma will both disappear.

! Missing } inserted.
<inserted text> 
                }
l.265 \end{verbatim}
                    
I've inserted something that you may have forgotten.
(See the <inserted text> above.)
With luck, this will get me unwedged. But if you
really didn't forget anything, try typing `2' now; then
my insertion and my current dilemma will both disappear.

! Missing } inserted.
<inserted text> 
                }
l.265 \end{verbatim}
                    
I've inserted something that you may have forgotten.
(See the <inserted text> above.)
With luck, this will get me unwedged. But if you
really didn't forget anything, try typing `2' now; then
my insertion and my current dilemma will both disappear.

! Missing } inserted.
<inserted text> 
                }
l.265 \end{verbatim}
                    
I've inserted something that you may have forgotten.
(See the <inserted text> above.)
With luck, this will get me unwedged. But if you
really didn't forget anything, try typing `2' now; then
my insertion and my current dilemma will both disappear.

! Missing } inserted.
<inserted text> 
                }
l.265 \end{verbatim}
                    
I've inserted something that you may have forgotten.
(See the <inserted text> above.)
With luck, this will get me unwedged. But if you
really didn't forget anything, try typing `2' now; then
my insertion and my current dilemma will both disappear.

! Missing } inserted.
<inserted text> 
                }
l.265 \end{verbatim}
                    
I've inserted something that you may have forgotten.
(See the <inserted text> above.)
With luck, this will get me unwedged. But if you
really didn't forget anything, try typing `2' now; then
my insertion and my current dilemma will both disappear.

! Missing } inserted.
<inserted text> 
                }
l.265 \end{verbatim}
                    
I've inserted something that you may have forgotten.
(See the <inserted text> above.)
With luck, this will get me unwedged. But if you
really didn't forget anything, try typing `2' now; then
my insertion and my current dilemma will both disappear.

! Missing } inserted.
<inserted text> 
                }
l.265 \end{verbatim}
                    
I've inserted something that you may have forgotten.
(See the <inserted text> above.)
With luck, this will get me unwedged. But if you
really didn't forget anything, try typing `2' now; then
my insertion and my current dilemma will both disappear.

! Missing } inserted.
<inserted text> 
                }
l.265 \end{verbatim}
                    
I've inserted something that you may have forgotten.
(See the <inserted text> above.)
With luck, this will get me unwedged. But if you
really didn't forget anything, try typing `2' now; then
my insertion and my current dilemma will both disappear.

! Extra \endgroup.
<recently read> \endgroup 
                          
l.265 \end{verbatim}
                    
Things are pretty mixed up, but I think the worst is over.

! Undefined control sequence.
l.268 \subsection
                 *{Plot of \texttt{\ensuremath{|}u\_n-u\_true}\ensuremath{|}...
The control sequence at the end of the top line
of your error message was never \def'ed. If you have
misspelled it (e.g., `\hobx'), type `I' and the correct
spelling (e.g., `I\hbox'). Otherwise just continue,
and I'll forget about whatever was undefined.

Missing character: There is no * in font nullfont!
Missing character: There is no P in font nullfont!
Missing character: There is no l in font nullfont!
Missing character: There is no o in font nullfont!
Missing character: There is no t in font nullfont!
Missing character: There is no o in font nullfont!
Missing character: There is no f in font nullfont!
Missing character: There is no v in font nullfont!
Missing character: There is no e in font nullfont!
Missing character: There is no r in font nullfont!
Missing character: There is no s in font nullfont!
Missing character: There is no u in font nullfont!
Missing character: There is no s in font nullfont!
Missing character: There is no N in font nullfont!
Missing character: There is no s in font nullfont!
Missing character: There is no t in font nullfont!
Missing character: There is no e in font nullfont!
Missing character: There is no p in font nullfont!
Missing character: There is no s in font nullfont!

Overfull \hbox (20.0pt too wide) in paragraph at lines 268--269
[]
 []


Overfull \hbox (55.11511pt too wide) in paragraph at lines 268--269
\OMS/cmsy/m/n/10 j$\OT1/cmtt/m/n/10 u[]n-u[]true$\OMS/cmsy/m/n/10 j$
 []


Overfull \hbox (20.0pt too wide) in paragraph at lines 270--270
[] 
 []


Overfull \hbox (47.24959pt too wide) in paragraph at lines 285--285
[]\OT1/cmtt/m/n/10 figure(4)[] 
 []


Overfull \hbox (73.49936pt too wide) in paragraph at lines 285--285
[]\OT1/cmtt/m/n/10 nn = 1:Nsteps;[] 
 []


Overfull \hbox (435.7462pt too wide) in paragraph at lines 285--285
[]\OT1/cmtt/m/n/10 semilogy(nn,[errvals_inf(1,:);errvals_inf(2,:);errvals_inf(3
,:);errvals_inf(4,:)]);[] 
 []


Overfull \hbox (278.24757pt too wide) in paragraph at lines 285--285
[]\OT1/cmtt/m/n/10 legend('Nmesh=25','Nmesh=50', 'Nmesh=75','Nmesh=100')[] 
 []


Overfull \hbox (241.4979pt too wide) in paragraph at lines 285--285
[]\OT1/cmtt/m/n/10 xlabel('Number of Iterations'); % x-axis label[] 
 []


Overfull \hbox (251.9978pt too wide) in paragraph at lines 285--285
[]\OT1/cmtt/m/n/10 ylabel('Log(errvals_{inf})') ;    % y-axis label[] 
 []


Overfull \hbox (47.24959pt too wide) in paragraph at lines 285--285
[]\OT1/cmtt/m/n/10 figure(5)[] 
 []


Overfull \hbox (73.49936pt too wide) in paragraph at lines 285--285
[]\OT1/cmtt/m/n/10 nn = 1:Nsteps;[] 
 []


Overfull \hbox (414.74638pt too wide) in paragraph at lines 285--285
[]\OT1/cmtt/m/n/10 semilogy(nn,[errvals_H1(1,:);errvals_H1(2,:);errvals_H1(3,:)
;errvals_H1(4,:)]);[] 
 []


Overfull \hbox (283.49753pt too wide) in paragraph at lines 285--285
[]\OT1/cmtt/m/n/10 legend('Nmesh=25','Nmesh=50', 'Nmesh=75','Nmesh=100');[] 
 []


Overfull \hbox (241.4979pt too wide) in paragraph at lines 285--285
[]\OT1/cmtt/m/n/10 xlabel('Number of Iterations'); % x-axis label[] 
 []


Overfull \hbox (246.74785pt too wide) in paragraph at lines 285--285
[]\OT1/cmtt/m/n/10 ylabel('Log(errvals_{H1})');     % y-axis label[] 
 []


Overfull \hbox (15.74986pt too wide) in paragraph at lines 285--285
[]\OT1/cmtt/m/n/10 toc[] 
 []

! Undefined control sequence.
l.287         \color
                    {lightgray} \begin{verbatim}Elapsed time is 90.622654 se...
The control sequence at the end of the top line
of your error message was never \def'ed. If you have
misspelled it (e.g., `\hobx'), type `I' and the correct
spelling (e.g., `I\hbox'). Otherwise just continue,
and I'll forget about whatever was undefined.

Missing character: There is no l in font nullfont!
Missing character: There is no i in font nullfont!
Missing character: There is no g in font nullfont!
Missing character: There is no h in font nullfont!
Missing character: There is no t in font nullfont!
Missing character: There is no g in font nullfont!
Missing character: There is no r in font nullfont!
Missing character: There is no a in font nullfont!
Missing character: There is no y in font nullfont!

Overfull \hbox (20.0pt too wide) in paragraph at lines 287--287
[] 
 []


Overfull \hbox (178.49844pt too wide) in paragraph at lines 288--288
[]\OT1/cmtt/m/n/10 Elapsed time is 90.622654 seconds. 
 []

! Undefined control sequence.
l.288 \end{verbatim} \color
                           {black}
The control sequence at the end of the top line
of your error message was never \def'ed. If you have
misspelled it (e.g., `\hobx'), type `I' and the correct
spelling (e.g., `I\hbox'). Otherwise just continue,
and I'll forget about whatever was undefined.

Missing character: There is no b in font nullfont!
Missing character: There is no l in font nullfont!
Missing character: There is no a in font nullfont!
Missing character: There is no c in font nullfont!
Missing character: There is no k in font nullfont!
! Undefined control sequence.
l.290 \includegraphics
                       [width=4in]{lshape_neumann_meshsize2_13.eps}
The control sequence at the end of the top line
of your error message was never \def'ed. If you have
misspelled it (e.g., `\hobx'), type `I' and the correct
spelling (e.g., `I\hbox'). Otherwise just continue,
and I'll forget about whatever was undefined.

Missing character: There is no [ in font nullfont!
Missing character: There is no w in font nullfont!
Missing character: There is no i in font nullfont!
Missing character: There is no d in font nullfont!
Missing character: There is no t in font nullfont!
Missing character: There is no h in font nullfont!
Missing character: There is no = in font nullfont!
Missing character: There is no 4 in font nullfont!
Missing character: There is no i in font nullfont!
Missing character: There is no n in font nullfont!
Missing character: There is no ] in font nullfont!
Missing character: There is no l in font nullfont!
Missing character: There is no s in font nullfont!
Missing character: There is no h in font nullfont!
Missing character: There is no a in font nullfont!
Missing character: There is no p in font nullfont!
Missing character: There is no e in font nullfont!
! Missing $ inserted.
<inserted text> 
                $
l.290 \includegraphics [width=4in]{lshape_
                                          neumann_meshsize2_13.eps}
I've inserted a begin-math/end-math symbol since I think
you left one out. Proceed, with fingers crossed.

! Extra }, or forgotten $.
l.290 ...dth=4in]{lshape_neumann_meshsize2_13.eps}
                                                  
I've deleted a group-closing symbol because it seems to be
spurious, as in `$x}$'. But perhaps the } is legitimate and
you forgot something else, as in `\hbox{$x}'. In such cases
the way to recover is to insert both the forgotten and the
deleted material, e.g., by typing `I$}'.

! Missing $ inserted.
<inserted text> 
                $
l.291 
      
I've inserted a begin-math/end-math symbol since I think
you left one out. Proceed, with fingers crossed.


Overfull \hbox (134.11452pt too wide) in paragraph at lines 290--291
[]$[]\OML/cmm/m/it/10 eumann[]eshsize\OT1/cmr/m/n/10 2[]3\OML/cmm/m/it/10 :eps$
 
 []

! Undefined control sequence.
l.292 \includegraphics
                       [width=4in]{lshape_neumann_meshsize2_14.eps}
The control sequence at the end of the top line
of your error message was never \def'ed. If you have
misspelled it (e.g., `\hobx'), type `I' and the correct
spelling (e.g., `I\hbox'). Otherwise just continue,
and I'll forget about whatever was undefined.

Missing character: There is no [ in font nullfont!
Missing character: There is no w in font nullfont!
Missing character: There is no i in font nullfont!
Missing character: There is no d in font nullfont!
Missing character: There is no t in font nullfont!
Missing character: There is no h in font nullfont!
Missing character: There is no = in font nullfont!
Missing character: There is no 4 in font nullfont!
Missing character: There is no i in font nullfont!
Missing character: There is no n in font nullfont!
Missing character: There is no ] in font nullfont!
Missing character: There is no l in font nullfont!
Missing character: There is no s in font nullfont!
Missing character: There is no h in font nullfont!
Missing character: There is no a in font nullfont!
Missing character: There is no p in font nullfont!
Missing character: There is no e in font nullfont!
! Missing $ inserted.
<inserted text> 
                $
l.292 \includegraphics [width=4in]{lshape_
                                          neumann_meshsize2_14.eps}
I've inserted a begin-math/end-math symbol since I think
you left one out. Proceed, with fingers crossed.

! Extra }, or forgotten $.
l.292 ...dth=4in]{lshape_neumann_meshsize2_14.eps}
                                                  
I've deleted a group-closing symbol because it seems to be
spurious, as in `$x}$'. But perhaps the } is legitimate and
you forgot something else, as in `\hbox{$x}'. In such cases
the way to recover is to insert both the forgotten and the
deleted material, e.g., by typing `I$}'.

! Missing $ inserted.
<inserted text> 
                $
l.293 
      
I've inserted a begin-math/end-math symbol since I think
you left one out. Proceed, with fingers crossed.


Overfull \hbox (134.11452pt too wide) in paragraph at lines 292--293
[]$[]\OML/cmm/m/it/10 eumann[]eshsize\OT1/cmr/m/n/10 2[]4\OML/cmm/m/it/10 :eps$
 
 []

)
! Emergency stop.
<*> 6_1_appA.tex
                
*** (job aborted, no legal \end found)

 
Here is how much of TeX's memory you used:
 13 strings out of 493089
 224 string characters out of 6134841
 66016 words of memory out of 5000000
 3595 multiletter control sequences out of 15000+600000
 3808 words of font info for 15 fonts, out of 8000000 for 9000
 1141 hyphenation exceptions out of 8191
 18i,4n,14p,119b,248s stack positions out of 5000i,500n,10000p,200000b,80000s
!  ==> Fatal error occurred, no output PDF file produced!
