This is pdfTeX, Version 3.14159265-2.6-1.40.16 (TeX Live 2015) (preloaded format=pdflatex 2015.12.20)  26 SEP 2016 18:28
entering extended mode
 restricted \write18 enabled.
 %&-line parsing enabled.
**lshape_neumann_meshsize2.tex
(./lshape_neumann_meshsize2.tex
LaTeX2e <2015/01/01>
Babel <3.9l> and hyphenation patterns for 79 languages loaded.
(/usr/local/texlive/2015/texmf-dist/tex/latex/base/article.cls
Document Class: article 2014/09/29 v1.4h Standard LaTeX document class
(/usr/local/texlive/2015/texmf-dist/tex/latex/base/size10.clo
File: size10.clo 2014/09/29 v1.4h Standard LaTeX file (size option)
)
\c@part=\count79
\c@section=\count80
\c@subsection=\count81
\c@subsubsection=\count82
\c@paragraph=\count83
\c@subparagraph=\count84
\c@figure=\count85
\c@table=\count86
\abovecaptionskip=\skip41
\belowcaptionskip=\skip42
\bibindent=\dimen102
)
(/usr/local/texlive/2015/texmf-dist/tex/latex/graphics/graphicx.sty
Package: graphicx 2014/10/28 v1.0g Enhanced LaTeX Graphics (DPC,SPQR)

(/usr/local/texlive/2015/texmf-dist/tex/latex/graphics/keyval.sty
Package: keyval 2014/10/28 v1.15 key=value parser (DPC)
\KV@toks@=\toks14
)
(/usr/local/texlive/2015/texmf-dist/tex/latex/graphics/graphics.sty
Package: graphics 2014/10/28 v1.0p Standard LaTeX Graphics (DPC,SPQR)

(/usr/local/texlive/2015/texmf-dist/tex/latex/graphics/trig.sty
Package: trig 1999/03/16 v1.09 sin cos tan (DPC)
)
(/usr/local/texlive/2015/texmf-dist/tex/latex/latexconfig/graphics.cfg
File: graphics.cfg 2010/04/23 v1.9 graphics configuration of TeX Live
)
Package graphics Info: Driver file: pdftex.def on input line 94.

(/usr/local/texlive/2015/texmf-dist/tex/latex/pdftex-def/pdftex.def
File: pdftex.def 2011/05/27 v0.06d Graphics/color for pdfTeX

(/usr/local/texlive/2015/texmf-dist/tex/generic/oberdiek/infwarerr.sty
Package: infwarerr 2010/04/08 v1.3 Providing info/warning/error messages (HO)
)
(/usr/local/texlive/2015/texmf-dist/tex/generic/oberdiek/ltxcmds.sty
Package: ltxcmds 2011/11/09 v1.22 LaTeX kernel commands for general use (HO)
)
\Gread@gobject=\count87
))
\Gin@req@height=\dimen103
\Gin@req@width=\dimen104
)
(/usr/local/texlive/2015/texmf-dist/tex/latex/graphics/color.sty
Package: color 2014/10/28 v1.1a Standard LaTeX Color (DPC)

(/usr/local/texlive/2015/texmf-dist/tex/latex/latexconfig/color.cfg
File: color.cfg 2007/01/18 v1.5 color configuration of teTeX/TeXLive
)
Package color Info: Driver file: pdftex.def on input line 142.
)
No file lshape_neumann_meshsize2.aux.
\openout1 = `lshape_neumann_meshsize2.aux'.

LaTeX Font Info:    Checking defaults for OML/cmm/m/it on input line 13.
LaTeX Font Info:    ... okay on input line 13.
LaTeX Font Info:    Checking defaults for T1/cmr/m/n on input line 13.
LaTeX Font Info:    ... okay on input line 13.
LaTeX Font Info:    Checking defaults for OT1/cmr/m/n on input line 13.
LaTeX Font Info:    ... okay on input line 13.
LaTeX Font Info:    Checking defaults for OMS/cmsy/m/n on input line 13.
LaTeX Font Info:    ... okay on input line 13.
LaTeX Font Info:    Checking defaults for OMX/cmex/m/n on input line 13.
LaTeX Font Info:    ... okay on input line 13.
LaTeX Font Info:    Checking defaults for U/cmr/m/n on input line 13.
LaTeX Font Info:    ... okay on input line 13.
(/usr/local/texlive/2015/texmf-dist/tex/context/base/supp-pdf.mkii
[Loading MPS to PDF converter (version 2006.09.02).]
\scratchcounter=\count88
\scratchdimen=\dimen105
\scratchbox=\box26
\nofMPsegments=\count89
\nofMParguments=\count90
\everyMPshowfont=\toks15
\MPscratchCnt=\count91
\MPscratchDim=\dimen106
\MPnumerator=\count92
\makeMPintoPDFobject=\count93
\everyMPtoPDFconversion=\toks16
) (/usr/local/texlive/2015/texmf-dist/tex/generic/oberdiek/pdftexcmds.sty
Package: pdftexcmds 2011/11/29 v0.20 Utility functions of pdfTeX for LuaTeX (HO
)

(/usr/local/texlive/2015/texmf-dist/tex/generic/oberdiek/ifluatex.sty
Package: ifluatex 2010/03/01 v1.3 Provides the ifluatex switch (HO)
Package ifluatex Info: LuaTeX not detected.
)
(/usr/local/texlive/2015/texmf-dist/tex/generic/oberdiek/ifpdf.sty
Package: ifpdf 2011/01/30 v2.3 Provides the ifpdf switch (HO)
Package ifpdf Info: pdfTeX in PDF mode is detected.
)
Package pdftexcmds Info: LuaTeX not detected.
Package pdftexcmds Info: \pdf@primitive is available.
Package pdftexcmds Info: \pdf@ifprimitive is available.
Package pdftexcmds Info: \pdfdraftmode found.
)
(/usr/local/texlive/2015/texmf-dist/tex/latex/oberdiek/epstopdf-base.sty
Package: epstopdf-base 2010/02/09 v2.5 Base part for package epstopdf

(/usr/local/texlive/2015/texmf-dist/tex/latex/oberdiek/grfext.sty
Package: grfext 2010/08/19 v1.1 Manage graphics extensions (HO)

(/usr/local/texlive/2015/texmf-dist/tex/generic/oberdiek/kvdefinekeys.sty
Package: kvdefinekeys 2011/04/07 v1.3 Define keys (HO)
))
(/usr/local/texlive/2015/texmf-dist/tex/latex/oberdiek/kvoptions.sty
Package: kvoptions 2011/06/30 v3.11 Key value format for package options (HO)

(/usr/local/texlive/2015/texmf-dist/tex/generic/oberdiek/kvsetkeys.sty
Package: kvsetkeys 2012/04/25 v1.16 Key value parser (HO)

(/usr/local/texlive/2015/texmf-dist/tex/generic/oberdiek/etexcmds.sty
Package: etexcmds 2011/02/16 v1.5 Avoid name clashes with e-TeX commands (HO)
Package etexcmds Info: Could not find \expanded.
(etexcmds)             That can mean that you are not using pdfTeX 1.50 or
(etexcmds)             that some package has redefined \expanded.
(etexcmds)             In the latter case, load this package earlier.
)))
Package grfext Info: Graphics extension search list:
(grfext)             [.png,.pdf,.jpg,.mps,.jpeg,.jbig2,.jb2,.PNG,.PDF,.JPG,.JPE
G,.JBIG2,.JB2,.eps]
(grfext)             \AppendGraphicsExtensions on input line 452.

(/usr/local/texlive/2015/texmf-dist/tex/latex/latexconfig/epstopdf-sys.cfg
File: epstopdf-sys.cfg 2010/07/13 v1.3 Configuration of (r)epstopdf for TeX Liv
e
))
LaTeX Font Info:    Try loading font information for OMS+cmr on input line 21.

(/usr/local/texlive/2015/texmf-dist/tex/latex/base/omscmr.fd
File: omscmr.fd 2014/09/29 v2.5h Standard LaTeX font definitions
)
LaTeX Font Info:    Font shape `OMS/cmr/m/n' in size <10> not available
(Font)              Font shape `OMS/cmsy/m/n' tried instead on input line 21.
LaTeX Font Info:    External font `cmex10' loaded for size
(Font)              <7> on input line 28.
LaTeX Font Info:    External font `cmex10' loaded for size
(Font)              <5> on input line 28.
 [1

{/usr/local/texlive/2015/texmf-var/fonts/map/pdftex/updmap/pdftex.map}]
Overfull \hbox (17.24684pt too wide) in paragraph at lines 97--97
[]\OT1/cmtt/m/n/10 initguess=@(x,y) abs(log(1./((x.^2+y.^2).^.5))).^0.4999 % u0
=infinity[] 
 []


Overfull \hbox (6.74693pt too wide) in paragraph at lines 97--97
[]\OT1/cmtt/m/n/10 % initguess = @(x,y) 0.0+(min(x.^2+(y+.5).^2,(x-.5).^2+y.^2)
<.005);[] 
 []


Overfull \hbox (101.24611pt too wide) in paragraph at lines 97--97
[]\OT1/cmtt/m/n/10 % initguess = @(x,y) 1-.001./(x.^2+(y+1/2).^2).^(1/3)-.001./
((x-1/2).^2+y.^2).^(1/3);[] 
 []


Overfull \hbox (22.4968pt too wide) in paragraph at lines 130--130
[]\OT1/cmtt/m/n/10 meshgenfun = '1./(x.^2+y.^2)'; % function for adaptive mesh 
generation[] 
 []


Overfull \hbox (17.24684pt too wide) in paragraph at lines 130--130
[]\OT1/cmtt/m/n/10 [~,p_up,e_up,t_up]=adaptmesh(g_up,b_up,c,a,meshgenfun,'Ngen'
, Nmesh);[] 
 []


Overfull \hbox (17.24684pt too wide) in paragraph at lines 130--130
[]\OT1/cmtt/m/n/10 [~,p_lo,e_lo,t_lo]=adaptmesh(g_lo,b_lo,c,a,meshgenfun,'Ngen'
, Nmesh);[] 
 []

[2] [3] [4] [5] [6] [7] [8] [9] [10] [11] [12] [13]
Package epstopdf Info: Source file: <lshape_neumann_meshsize2_01.eps>
(epstopdf)                    date: 2016-09-26 18:16:24
(epstopdf)                    size: 53483 bytes
(epstopdf)             Output file: <lshape_neumann_meshsize2_01-eps-converted-
to.pdf>
(epstopdf)             Command: <repstopdf --outfile=lshape_neumann_meshsize2_0
1-eps-converted-to.pdf lshape_neumann_meshsize2_01.eps>
(epstopdf)             \includegraphics on input line 664.
runsystem(repstopdf --outfile=lshape_neumann_meshsize2_01-eps-converted-to.pdf 
lshape_neumann_meshsize2_01.eps)...executed safely (allowed).

Package epstopdf Info: Result file: <lshape_neumann_meshsize2_01-eps-converted-
to.pdf>
(epstopdf)                    date: 2016-09-26 18:28:22
(epstopdf)                    size: 8137 bytes.

<lshape_neumann_meshsize2_01-eps-converted-to.pdf, id=48, 465.74pt x 358.33875p
t>
File: lshape_neumann_meshsize2_01-eps-converted-to.pdf Graphic file (type pdf)
 <use lshape_neumann_meshsize2_01-eps-converted-to.pdf>
Package pdftex.def Info: lshape_neumann_meshsize2_01-eps-converted-to.pdf used 
on input line 664.
(pdftex.def)             Requested size: 289.07999pt x 222.42471pt.
Package epstopdf Info: Source file: <lshape_neumann_meshsize2_02.eps>
(epstopdf)                    date: 2016-09-26 18:16:24
(epstopdf)                    size: 52140 bytes
(epstopdf)             Output file: <lshape_neumann_meshsize2_02-eps-converted-
to.pdf>
(epstopdf)             Command: <repstopdf --outfile=lshape_neumann_meshsize2_0
2-eps-converted-to.pdf lshape_neumann_meshsize2_02.eps>
(epstopdf)             \includegraphics on input line 666.
runsystem(repstopdf --outfile=lshape_neumann_meshsize2_02-eps-converted-to.pdf 
lshape_neumann_meshsize2_02.eps)...executed safely (allowed).

Package epstopdf Info: Result file: <lshape_neumann_meshsize2_02-eps-converted-
to.pdf>
(epstopdf)                    date: 2016-09-26 18:28:23
(epstopdf)                    size: 7507 bytes.

<lshape_neumann_meshsize2_02-eps-converted-to.pdf, id=49, 465.74pt x 358.33875p
t> [14]
File: lshape_neumann_meshsize2_02-eps-converted-to.pdf Graphic file (type pdf)
 <use lshape_neumann_meshsize2_02-eps-converted-to.pdf>
Package pdftex.def Info: lshape_neumann_meshsize2_02-eps-converted-to.pdf used 
on input line 666.
(pdftex.def)             Requested size: 289.07999pt x 222.42471pt.
Package epstopdf Info: Source file: <lshape_neumann_meshsize2_04.eps>
(epstopdf)                    date: 2016-09-26 18:16:44
(epstopdf)                    size: 71688 bytes
(epstopdf)             Output file: <lshape_neumann_meshsize2_04-eps-converted-
to.pdf>
(epstopdf)             Command: <repstopdf --outfile=lshape_neumann_meshsize2_0
4-eps-converted-to.pdf lshape_neumann_meshsize2_04.eps>
(epstopdf)             \includegraphics on input line 668.
runsystem(repstopdf --outfile=lshape_neumann_meshsize2_04-eps-converted-to.pdf 
lshape_neumann_meshsize2_04.eps)...executed safely (allowed).

Package epstopdf Info: Result file: <lshape_neumann_meshsize2_04-eps-converted-
to.pdf>
(epstopdf)                    date: 2016-09-26 18:28:23
(epstopdf)                    size: 8485 bytes.

<lshape_neumann_meshsize2_04-eps-converted-to.pdf, id=53, 465.74pt x 358.33875p
t>
File: lshape_neumann_meshsize2_04-eps-converted-to.pdf Graphic file (type pdf)
 <use lshape_neumann_meshsize2_04-eps-converted-to.pdf>
Package pdftex.def Info: lshape_neumann_meshsize2_04-eps-converted-to.pdf used 
on input line 668.
(pdftex.def)             Requested size: 289.07999pt x 222.42471pt.
Package epstopdf Info: Source file: <lshape_neumann_meshsize2_05.eps>
(epstopdf)                    date: 2016-09-26 18:16:44
(epstopdf)                    size: 71441 bytes
(epstopdf)             Output file: <lshape_neumann_meshsize2_05-eps-converted-
to.pdf>
(epstopdf)             Command: <repstopdf --outfile=lshape_neumann_meshsize2_0
5-eps-converted-to.pdf lshape_neumann_meshsize2_05.eps>
(epstopdf)             \includegraphics on input line 670.
runsystem(repstopdf --outfile=lshape_neumann_meshsize2_05-eps-converted-to.pdf 
lshape_neumann_meshsize2_05.eps)...executed safely (allowed).

Package epstopdf Info: Result file: <lshape_neumann_meshsize2_05-eps-converted-
to.pdf>
(epstopdf)                    date: 2016-09-26 18:28:24
(epstopdf)                    size: 7851 bytes.

<lshape_neumann_meshsize2_05-eps-converted-to.pdf, id=54, 465.74pt x 358.33875p
t> [15 <./lshape_neumann_meshsize2_01-eps-converted-to.pdf> <./lshape_neumann_m
eshsize2_02-eps-converted-to.pdf>]
File: lshape_neumann_meshsize2_05-eps-converted-to.pdf Graphic file (type pdf)

<use lshape_neumann_meshsize2_05-eps-converted-to.pdf>
Package pdftex.def Info: lshape_neumann_meshsize2_05-eps-converted-to.pdf used 
on input line 670.
(pdftex.def)             Requested size: 289.07999pt x 222.42471pt.
Package epstopdf Info: Source file: <lshape_neumann_meshsize2_07.eps>
(epstopdf)                    date: 2016-09-26 18:17:11
(epstopdf)                    size: 88518 bytes
(epstopdf)             Output file: <lshape_neumann_meshsize2_07-eps-converted-
to.pdf>
(epstopdf)             Command: <repstopdf --outfile=lshape_neumann_meshsize2_0
7-eps-converted-to.pdf lshape_neumann_meshsize2_07.eps>
(epstopdf)             \includegraphics on input line 672.
runsystem(repstopdf --outfile=lshape_neumann_meshsize2_07-eps-converted-to.pdf 
lshape_neumann_meshsize2_07.eps)...executed safely (allowed).

Package epstopdf Info: Result file: <lshape_neumann_meshsize2_07-eps-converted-
to.pdf>
(epstopdf)                    date: 2016-09-26 18:28:24
(epstopdf)                    size: 8562 bytes.

<lshape_neumann_meshsize2_07-eps-converted-to.pdf, id=68, 465.74pt x 358.33875p
t>
File: lshape_neumann_meshsize2_07-eps-converted-to.pdf Graphic file (type pdf)
 <use lshape_neumann_meshsize2_07-eps-converted-to.pdf>
Package pdftex.def Info: lshape_neumann_meshsize2_07-eps-converted-to.pdf used 
on input line 672.
(pdftex.def)             Requested size: 289.07999pt x 222.42471pt.
Package epstopdf Info: Source file: <lshape_neumann_meshsize2_08.eps>
(epstopdf)                    date: 2016-09-26 18:17:11
(epstopdf)                    size: 89495 bytes
(epstopdf)             Output file: <lshape_neumann_meshsize2_08-eps-converted-
to.pdf>
(epstopdf)             Command: <repstopdf --outfile=lshape_neumann_meshsize2_0
8-eps-converted-to.pdf lshape_neumann_meshsize2_08.eps>
(epstopdf)             \includegraphics on input line 674.
runsystem(repstopdf --outfile=lshape_neumann_meshsize2_08-eps-converted-to.pdf 
lshape_neumann_meshsize2_08.eps)...executed safely (allowed).

Package epstopdf Info: Result file: <lshape_neumann_meshsize2_08-eps-converted-
to.pdf>
(epstopdf)                    date: 2016-09-26 18:28:25
(epstopdf)                    size: 7966 bytes.

<lshape_neumann_meshsize2_08-eps-converted-to.pdf, id=69, 465.74pt x 358.33875p
t> [16 <./lshape_neumann_meshsize2_04-eps-converted-to.pdf> <./lshape_neumann_m
eshsize2_05-eps-converted-to.pdf>]
File: lshape_neumann_meshsize2_08-eps-converted-to.pdf Graphic file (type pdf)

<use lshape_neumann_meshsize2_08-eps-converted-to.pdf>
Package pdftex.def Info: lshape_neumann_meshsize2_08-eps-converted-to.pdf used 
on input line 674.
(pdftex.def)             Requested size: 289.07999pt x 222.42471pt.
Package epstopdf Info: Source file: <lshape_neumann_meshsize2_10.eps>
(epstopdf)                    date: 2016-09-26 18:17:32
(epstopdf)                    size: 106063 bytes
(epstopdf)             Output file: <lshape_neumann_meshsize2_10-eps-converted-
to.pdf>
(epstopdf)             Command: <repstopdf --outfile=lshape_neumann_meshsize2_1
0-eps-converted-to.pdf lshape_neumann_meshsize2_10.eps>
(epstopdf)             \includegraphics on input line 676.
runsystem(repstopdf --outfile=lshape_neumann_meshsize2_10-eps-converted-to.pdf 
lshape_neumann_meshsize2_10.eps)...executed safely (allowed).

Package epstopdf Info: Result file: <lshape_neumann_meshsize2_10-eps-converted-
to.pdf>
(epstopdf)                    date: 2016-09-26 18:28:25
(epstopdf)                    size: 8622 bytes.

<lshape_neumann_meshsize2_10-eps-converted-to.pdf, id=83, 465.74pt x 358.33875p
t>
File: lshape_neumann_meshsize2_10-eps-converted-to.pdf Graphic file (type pdf)
 <use lshape_neumann_meshsize2_10-eps-converted-to.pdf>
Package pdftex.def Info: lshape_neumann_meshsize2_10-eps-converted-to.pdf used 
on input line 676.
(pdftex.def)             Requested size: 289.07999pt x 222.42471pt.
Package epstopdf Info: Source file: <lshape_neumann_meshsize2_11.eps>
(epstopdf)                    date: 2016-09-26 18:17:32
(epstopdf)                    size: 121484 bytes
(epstopdf)             Output file: <lshape_neumann_meshsize2_11-eps-converted-
to.pdf>
(epstopdf)             Command: <repstopdf --outfile=lshape_neumann_meshsize2_1
1-eps-converted-to.pdf lshape_neumann_meshsize2_11.eps>
(epstopdf)             \includegraphics on input line 678.
runsystem(repstopdf --outfile=lshape_neumann_meshsize2_11-eps-converted-to.pdf 
lshape_neumann_meshsize2_11.eps)...executed safely (allowed).

Package epstopdf Info: Result file: <lshape_neumann_meshsize2_11-eps-converted-
to.pdf>
(epstopdf)                    date: 2016-09-26 18:28:26
(epstopdf)                    size: 8660 bytes.

<lshape_neumann_meshsize2_11-eps-converted-to.pdf, id=84, 465.74pt x 358.33875p
t> [17 <./lshape_neumann_meshsize2_07-eps-converted-to.pdf> <./lshape_neumann_m
eshsize2_08-eps-converted-to.pdf>]
File: lshape_neumann_meshsize2_11-eps-converted-to.pdf Graphic file (type pdf)

<use lshape_neumann_meshsize2_11-eps-converted-to.pdf>
Package pdftex.def Info: lshape_neumann_meshsize2_11-eps-converted-to.pdf used 
on input line 678.
(pdftex.def)             Requested size: 289.07999pt x 222.42471pt.

Overfull \hbox (38.24666pt too wide) in paragraph at lines 686--686
[]\OT1/cmtt/m/n/10 [K_up,M_up,F_up,Q_up,G_up,H_up,R_up]=assempde(b_up,p_up,e_up
,t_up,c,a,f);[] 
 []


Overfull \hbox (38.24666pt too wide) in paragraph at lines 686--686
[]\OT1/cmtt/m/n/10 [K_lo,M_lo,F_lo,Q_lo,G_lo,H_lo,R_lo]=assempde(b_lo,p_lo,e_lo
,t_lo,c,a,f);[] 
 []

[18 <./lshape_neumann_meshsize2_10-eps-converted-to.pdf> <./lshape_neumann_mesh
size2_11-eps-converted-to.pdf>]
Overfull \hbox (101.24611pt too wide) in paragraph at lines 822--822
[]\OT1/cmtt/m/n/10 % Note that pind_up2 represents the indices of the mesh poin
ts at the boundary in the[] 
 []


Overfull \hbox (64.49643pt too wide) in paragraph at lines 822--822
[]\OT1/cmtt/m/n/10 ind=find((abs(p_up(1,pind_up2) -0)<1e-10) & (abs(p_up(2,pind
_up2) -0)<1e-10));[] 
 []


Overfull \hbox (64.49643pt too wide) in paragraph at lines 822--822
[]\OT1/cmtt/m/n/10 ind=find((abs(p_lo(1,pind_lo2) -0)<1e-10) & (abs(p_lo(2,pind
_lo2) -0)<1e-10));[] 
 []

[19]
Overfull \hbox (27.74675pt too wide) in paragraph at lines 822--822
[]\OT1/cmtt/m/n/10 my_plot_new(XX,YY,ZZ,az,el,v, plot_range, col_range, counter
,fix_axes);[] 
 []


Overfull \hbox (32.9967pt too wide) in paragraph at lines 822--822
[]\OT1/cmtt/m/n/10 my_plot_new(XX,YY,ZZ,az,el, v, plot_range, col_range, counte
r,fix_axes);[] 
 []

[20]
Overfull \hbox (127.49588pt too wide) in paragraph at lines 822--822
[]\OT1/cmtt/m/n/10 errvals_inf(Nmesh/25,step)=max(max(abs([u_up(:); u_lo(:)]-[u
_up_true(:); u_lo_true(:)])));[] 
 []


Overfull \hbox (11.99689pt too wide) in paragraph at lines 822--822
[]\OT1/cmtt/m/n/10 % The difference between the solution from ASM and the true 
solution[] 
 []


Overfull \hbox (122.24593pt too wide) in paragraph at lines 822--822
[]\OT1/cmtt/m/n/10 integrals=[integral_1,sum(sum(integrand_y(diffy_ind))),sum(s
um(integrand_x(diffx_ind)))];[] 
 []

Package epstopdf Info: Source file: <lshape_neumann_meshsize2_03.eps>
(epstopdf)                    date: 2016-09-26 18:16:41
(epstopdf)                    size: 3112140 bytes
(epstopdf)             Output file: <lshape_neumann_meshsize2_03-eps-converted-
to.pdf>
(epstopdf)             Command: <repstopdf --outfile=lshape_neumann_meshsize2_0
3-eps-converted-to.pdf lshape_neumann_meshsize2_03.eps>
(epstopdf)             \includegraphics on input line 824.
runsystem(repstopdf --outfile=lshape_neumann_meshsize2_03-eps-converted-to.pdf 
lshape_neumann_meshsize2_03.eps)...executed safely (allowed).

Package epstopdf Info: Result file: <lshape_neumann_meshsize2_03-eps-converted-
to.pdf>
(epstopdf)                    date: 2016-09-26 18:28:32
(epstopdf)                    size: 1747871 bytes.

<lshape_neumann_meshsize2_03-eps-converted-to.pdf, id=118, 501.875pt x 369.38pt
>
File: lshape_neumann_meshsize2_03-eps-converted-to.pdf Graphic file (type pdf)
 <use lshape_neumann_meshsize2_03-eps-converted-to.pdf>
Package pdftex.def Info: lshape_neumann_meshsize2_03-eps-converted-to.pdf used 
on input line 824.
(pdftex.def)             Requested size: 289.07999pt x 212.77512pt.
Package epstopdf Info: Source file: <lshape_neumann_meshsize2_06.eps>
(epstopdf)                    date: 2016-09-26 18:17:07
(epstopdf)                    size: 2132005 bytes
(epstopdf)             Output file: <lshape_neumann_meshsize2_06-eps-converted-
to.pdf>
(epstopdf)             Command: <repstopdf --outfile=lshape_neumann_meshsize2_0
6-eps-converted-to.pdf lshape_neumann_meshsize2_06.eps>
(epstopdf)             \includegraphics on input line 826.
runsystem(repstopdf --outfile=lshape_neumann_meshsize2_06-eps-converted-to.pdf 
lshape_neumann_meshsize2_06.eps)...executed safely (allowed).

Package epstopdf Info: Result file: <lshape_neumann_meshsize2_06-eps-converted-
to.pdf>
(epstopdf)                    date: 2016-09-26 18:28:35
(epstopdf)                    size: 1077326 bytes.

<lshape_neumann_meshsize2_06-eps-converted-to.pdf, id=119, 484.81125pt x 369.38
pt> [21]
File: lshape_neumann_meshsize2_06-eps-converted-to.pdf Graphic file (type pdf)
 <use lshape_neumann_meshsize2_06-eps-converted-to.pdf>
Package pdftex.def Info: lshape_neumann_meshsize2_06-eps-converted-to.pdf used 
on input line 826.
(pdftex.def)             Requested size: 289.07999pt x 220.26009pt.
Package epstopdf Info: Source file: <lshape_neumann_meshsize2_09.eps>
(epstopdf)                    date: 2016-09-26 18:17:26
(epstopdf)                    size: 1960821 bytes
(epstopdf)             Output file: <lshape_neumann_meshsize2_09-eps-converted-
to.pdf>
(epstopdf)             Command: <repstopdf --outfile=lshape_neumann_meshsize2_0
9-eps-converted-to.pdf lshape_neumann_meshsize2_09.eps>
(epstopdf)             \includegraphics on input line 828.
runsystem(repstopdf --outfile=lshape_neumann_meshsize2_09-eps-converted-to.pdf 
lshape_neumann_meshsize2_09.eps)...executed safely (allowed).

Package epstopdf Info: Result file: <lshape_neumann_meshsize2_09-eps-converted-
to.pdf>
(epstopdf)                    date: 2016-09-26 18:28:38
(epstopdf)                    size: 945737 bytes.

<lshape_neumann_meshsize2_09-eps-converted-to.pdf, id=123, 484.81125pt x 369.38
pt>
File: lshape_neumann_meshsize2_09-eps-converted-to.pdf Graphic file (type pdf)
 <use lshape_neumann_meshsize2_09-eps-converted-to.pdf>
Package pdftex.def Info: lshape_neumann_meshsize2_09-eps-converted-to.pdf used 
on input line 828.
(pdftex.def)             Requested size: 289.07999pt x 220.26009pt.
Package epstopdf Info: Source file: <lshape_neumann_meshsize2_12.eps>
(epstopdf)                    date: 2016-09-26 18:17:47
(epstopdf)                    size: 1949817 bytes
(epstopdf)             Output file: <lshape_neumann_meshsize2_12-eps-converted-
to.pdf>
(epstopdf)             Command: <repstopdf --outfile=lshape_neumann_meshsize2_1
2-eps-converted-to.pdf lshape_neumann_meshsize2_12.eps>
(epstopdf)             \includegraphics on input line 830.
runsystem(repstopdf --outfile=lshape_neumann_meshsize2_12-eps-converted-to.pdf 
lshape_neumann_meshsize2_12.eps)...executed safely (allowed).

Package epstopdf Info: Result file: <lshape_neumann_meshsize2_12-eps-converted-
to.pdf>
(epstopdf)                    date: 2016-09-26 18:28:40
(epstopdf)                    size: 942502 bytes.

<lshape_neumann_meshsize2_12-eps-converted-to.pdf, id=124, 484.81125pt x 369.38
pt> [22 <./lshape_neumann_meshsize2_03-eps-converted-to.pdf> <./lshape_neumann_
meshsize2_06-eps-converted-to.pdf>]
File: lshape_neumann_meshsize2_12-eps-converted-to.pdf Graphic file (type pdf)

<use lshape_neumann_meshsize2_12-eps-converted-to.pdf>
Package pdftex.def Info: lshape_neumann_meshsize2_12-eps-converted-to.pdf used 
on input line 830.
(pdftex.def)             Requested size: 289.07999pt x 220.26009pt.
LaTeX Font Info:    Font shape `OT1/cmtt/bx/n' in size <12> not available
(Font)              Font shape `OT1/cmtt/m/n' tried instead on input line 840.
LaTeX Font Info:    External font `cmex10' loaded for size
(Font)              <12> on input line 840.
LaTeX Font Info:    External font `cmex10' loaded for size
(Font)              <8> on input line 840.
LaTeX Font Info:    External font `cmex10' loaded for size
(Font)              <6> on input line 840.
 [23 <./lshape_neumann_meshsize2_09-eps-converted-to.pdf> <./lshape_neumann_mes
hsize2_12-eps-converted-to.pdf>]
Overfull \hbox (90.7462pt too wide) in paragraph at lines 857--857
[]\OT1/cmtt/m/n/10 semilogy(nn,[errvals_inf(1,:);errvals_inf(2,:);errvals_inf(3
,:);errvals_inf(4,:)]);[] 
 []


Overfull \hbox (69.74638pt too wide) in paragraph at lines 857--857
[]\OT1/cmtt/m/n/10 semilogy(nn,[errvals_H1(1,:);errvals_H1(2,:);errvals_H1(3,:)
;errvals_H1(4,:)]);[] 
 []

Package epstopdf Info: Source file: <lshape_neumann_meshsize2_13.eps>
(epstopdf)                    date: 2016-09-26 18:17:50
(epstopdf)                    size: 27961 bytes
(epstopdf)             Output file: <lshape_neumann_meshsize2_13-eps-converted-
to.pdf>
(epstopdf)             Command: <repstopdf --outfile=lshape_neumann_meshsize2_1
3-eps-converted-to.pdf lshape_neumann_meshsize2_13.eps>
(epstopdf)             \includegraphics on input line 862.
runsystem(repstopdf --outfile=lshape_neumann_meshsize2_13-eps-converted-to.pdf 
lshape_neumann_meshsize2_13.eps)...executed safely (allowed).

Package epstopdf Info: Result file: <lshape_neumann_meshsize2_13-eps-converted-
to.pdf>
(epstopdf)                    date: 2016-09-26 18:28:41
(epstopdf)                    size: 9393 bytes.

<lshape_neumann_meshsize2_13-eps-converted-to.pdf, id=8543, 484.81125pt x 380.4
2125pt>
File: lshape_neumann_meshsize2_13-eps-converted-to.pdf Graphic file (type pdf)
 <use lshape_neumann_meshsize2_13-eps-converted-to.pdf>
Package pdftex.def Info: lshape_neumann_meshsize2_13-eps-converted-to.pdf used 
on input line 862.
(pdftex.def)             Requested size: 289.07999pt x 226.84395pt.
Package epstopdf Info: Source file: <lshape_neumann_meshsize2_14.eps>
(epstopdf)                    date: 2016-09-26 18:17:50
(epstopdf)                    size: 27989 bytes
(epstopdf)             Output file: <lshape_neumann_meshsize2_14-eps-converted-
to.pdf>
(epstopdf)             Command: <repstopdf --outfile=lshape_neumann_meshsize2_1
4-eps-converted-to.pdf lshape_neumann_meshsize2_14.eps>
(epstopdf)             \includegraphics on input line 864.
runsystem(repstopdf --outfile=lshape_neumann_meshsize2_14-eps-converted-to.pdf 
lshape_neumann_meshsize2_14.eps)...executed safely (allowed).

Package epstopdf Info: Result file: <lshape_neumann_meshsize2_14-eps-converted-
to.pdf>
(epstopdf)                    date: 2016-09-26 18:28:42
(epstopdf)                    size: 9459 bytes.

<lshape_neumann_meshsize2_14-eps-converted-to.pdf, id=8544, 484.81125pt x 380.4
2125pt>
File: lshape_neumann_meshsize2_14-eps-converted-to.pdf Graphic file (type pdf)
 <use lshape_neumann_meshsize2_14-eps-converted-to.pdf>
Package pdftex.def Info: lshape_neumann_meshsize2_14-eps-converted-to.pdf used 
on input line 864.
(pdftex.def)             Requested size: 289.07999pt x 226.84395pt.
 [24 <./lshape_neumann_meshsize2_13-eps-converted-to.pdf>] [25 <./lshape_neuman
n_meshsize2_14-eps-converted-to.pdf>] (./lshape_neumann_meshsize2.aux) ) 
Here is how much of TeX's memory you used:
 1617 strings out of 493089
 25915 string characters out of 6134841
 83128 words of memory out of 5000000
 5092 multiletter control sequences out of 15000+600000
 7020 words of font info for 26 fonts, out of 8000000 for 9000
 1141 hyphenation exceptions out of 8191
 38i,6n,23p,254b,249s stack positions out of 5000i,500n,10000p,200000b,80000s
</usr/l
ocal/texlive/2015/texmf-dist/fonts/type1/public/amsfonts/cm/cmbx12.pfb></usr/lo
cal/texlive/2015/texmf-dist/fonts/type1/public/amsfonts/cm/cmr10.pfb></usr/loca
l/texlive/2015/texmf-dist/fonts/type1/public/amsfonts/cm/cmsy10.pfb></usr/local
/texlive/2015/texmf-dist/fonts/type1/public/amsfonts/cm/cmtt10.pfb></usr/local/
texlive/2015/texmf-dist/fonts/type1/public/amsfonts/cm/cmtt12.pfb>
Output written on lshape_neumann_meshsize2.pdf (25 pages, 4818902 bytes).
PDF statistics:
 8582 PDF objects out of 8907 (max. 8388607)
 132 compressed objects within 2 object streams
 0 named destinations out of 1000 (max. 500000)
 71 words of extra memory for PDF output out of 10000 (max. 10000000)

