This is pdfTeX, Version 3.14159265-2.6-1.40.16 (TeX Live 2015) (preloaded format=pdflatex 2015.12.20)  18 DEC 2017 00:20
entering extended mode
 restricted \write18 enabled.
 %&-line parsing enabled.
**main_file.tex
(./main_file.tex
LaTeX2e <2015/01/01>
Babel <3.9l> and hyphenation patterns for 79 languages loaded.
(/usr/local/texlive/2015/texmf-dist/tex/latex/base/book.cls
Document Class: book 2014/09/29 v1.4h Standard LaTeX document class
(/usr/local/texlive/2015/texmf-dist/tex/latex/base/bk12.clo
File: bk12.clo 2014/09/29 v1.4h Standard LaTeX file (size option)
)
\c@part=\count79
\c@chapter=\count80
\c@section=\count81
\c@subsection=\count82
\c@subsubsection=\count83
\c@paragraph=\count84
\c@subparagraph=\count85
\c@figure=\count86
\c@table=\count87
\abovecaptionskip=\skip41
\belowcaptionskip=\skip42
\bibindent=\dimen102
)
(/usr/local/texlive/2015/texmf-dist/tex/latex/amsfonts/amssymb.sty
Package: amssymb 2013/01/14 v3.01 AMS font symbols

(/usr/local/texlive/2015/texmf-dist/tex/latex/amsfonts/amsfonts.sty
Package: amsfonts 2013/01/14 v3.01 Basic AMSFonts support
\@emptytoks=\toks14
\symAMSa=\mathgroup4
\symAMSb=\mathgroup5
LaTeX Font Info:    Overwriting math alphabet `\mathfrak' in version `bold'
(Font)                  U/euf/m/n --> U/euf/b/n on input line 106.
))
(/usr/local/texlive/2015/texmf-dist/tex/latex/amsmath/amsmath.sty
Package: amsmath 2013/01/14 v2.14 AMS math features
\@mathmargin=\skip43

For additional information on amsmath, use the `?' option.
(/usr/local/texlive/2015/texmf-dist/tex/latex/amsmath/amstext.sty
Package: amstext 2000/06/29 v2.01

(/usr/local/texlive/2015/texmf-dist/tex/latex/amsmath/amsgen.sty
File: amsgen.sty 1999/11/30 v2.0
\@emptytoks=\toks15
\ex@=\dimen103
))
(/usr/local/texlive/2015/texmf-dist/tex/latex/amsmath/amsbsy.sty
Package: amsbsy 1999/11/29 v1.2d
\pmbraise@=\dimen104
)
(/usr/local/texlive/2015/texmf-dist/tex/latex/amsmath/amsopn.sty
Package: amsopn 1999/12/14 v2.01 operator names
)
\inf@bad=\count88
LaTeX Info: Redefining \frac on input line 210.
\uproot@=\count89
\leftroot@=\count90
LaTeX Info: Redefining \overline on input line 306.
\classnum@=\count91
\DOTSCASE@=\count92
LaTeX Info: Redefining \ldots on input line 378.
LaTeX Info: Redefining \dots on input line 381.
LaTeX Info: Redefining \cdots on input line 466.
\Mathstrutbox@=\box26
\strutbox@=\box27
\big@size=\dimen105
LaTeX Font Info:    Redeclaring font encoding OML on input line 566.
LaTeX Font Info:    Redeclaring font encoding OMS on input line 567.
\macc@depth=\count93
\c@MaxMatrixCols=\count94
\dotsspace@=\muskip10
\c@parentequation=\count95
\dspbrk@lvl=\count96
\tag@help=\toks16
\row@=\count97
\column@=\count98
\maxfields@=\count99
\andhelp@=\toks17
\eqnshift@=\dimen106
\alignsep@=\dimen107
\tagshift@=\dimen108
\tagwidth@=\dimen109
\totwidth@=\dimen110
\lineht@=\dimen111
\@envbody=\toks18
\multlinegap=\skip44
\multlinetaggap=\skip45
\mathdisplay@stack=\toks19
LaTeX Info: Redefining \[ on input line 2665.
LaTeX Info: Redefining \] on input line 2666.
)
(/usr/local/texlive/2015/texmf-dist/tex/latex/amscls/amsthm.sty
Package: amsthm 2015/03/04 v2.20.2
\thm@style=\toks20
\thm@bodyfont=\toks21
\thm@headfont=\toks22
\thm@notefont=\toks23
\thm@headpunct=\toks24
\thm@preskip=\skip46
\thm@postskip=\skip47
\thm@headsep=\skip48
\dth@everypar=\toks25
)
(/usr/local/texlive/2015/texmf-dist/tex/latex/fancyhdr/fancyhdr.sty
\fancy@headwidth=\skip49
\f@ncyO@elh=\skip50
\f@ncyO@erh=\skip51
\f@ncyO@olh=\skip52
\f@ncyO@orh=\skip53
\f@ncyO@elf=\skip54
\f@ncyO@erf=\skip55
\f@ncyO@olf=\skip56
\f@ncyO@orf=\skip57
)
(/usr/local/texlive/2015/texmf-dist/tex/latex/tools/calc.sty
Package: calc 2014/10/28 v4.3 Infix arithmetic (KKT,FJ)
\calc@Acount=\count100
\calc@Bcount=\count101
\calc@Adimen=\dimen112
\calc@Bdimen=\dimen113
\calc@Askip=\skip58
\calc@Bskip=\skip59
LaTeX Info: Redefining \setlength on input line 80.
LaTeX Info: Redefining \addtolength on input line 81.
\calc@Ccount=\count102
\calc@Cskip=\skip60
)
(/usr/local/texlive/2015/texmf-dist/tex/latex/titlesec/titlesec.sty
Package: titlesec 2011/12/15 v2.10.0 Sectioning titles
\ttl@box=\box28
\beforetitleunit=\skip61
\aftertitleunit=\skip62
\ttl@plus=\dimen114
\ttl@minus=\dimen115
\ttl@toksa=\toks26
\titlewidth=\dimen116
\titlewidthlast=\dimen117
\titlewidthfirst=\dimen118
)
(/usr/local/texlive/2015/texmf-dist/tex/latex/bbm-macros/bbm.sty
Package: bbm 1999/03/15 V 1.2 provides fonts for set symbols - TH
LaTeX Font Info:    Overwriting math alphabet `\mathbbm' in version `bold'
(Font)                  U/bbm/m/n --> U/bbm/bx/n on input line 33.
LaTeX Font Info:    Overwriting math alphabet `\mathbbmss' in version `bold'
(Font)                  U/bbmss/m/n --> U/bbmss/bx/n on input line 35.
)
(/usr/local/texlive/2015/texmf-dist/tex/latex/jknapltx/mathrsfs.sty
Package: mathrsfs 1996/01/01 Math RSFS package v1.0 (jk)
\symrsfs=\mathgroup6
)
(/usr/local/texlive/2015/texmf-dist/tex/generic/xypic/xypic.sty
(/usr/local/texlive/2015/texmf-dist/tex/generic/xypic/xy.sty
(/usr/local/texlive/2015/texmf-dist/tex/generic/xypic/xy.tex Bootstrap'ing:
catcodes, docmode,
(/usr/local/texlive/2015/texmf-dist/tex/generic/xypic/xyrecat.tex)
(/usr/local/texlive/2015/texmf-dist/tex/generic/xypic/xyidioms.tex)

 Xy-pic version 3.8.9 <2013/10/06>
 Copyright (c) 1991-2013 by Kristoffer H. Rose <krisrose@tug.org> and others
 Xy-pic is free software: see the User's Guide for details.

Loading kernel: messages; fonts; allocations: state,
\X@c=\dimen119
\Y@c=\dimen120
\U@c=\dimen121
\D@c=\dimen122
\L@c=\dimen123
\R@c=\dimen124
\Edge@c=\toks27
\X@p=\dimen125
\Y@p=\dimen126
\U@p=\dimen127
\D@p=\dimen128
\L@p=\dimen129
\R@p=\dimen130
\Edge@p=\toks28
\X@origin=\dimen131
\Y@origin=\dimen132
\X@xbase=\dimen133
\Y@xbase=\dimen134
\X@ybase=\dimen135
\Y@ybase=\dimen136
\X@min=\dimen137
\Y@min=\dimen138
\X@max=\dimen139
\Y@max=\dimen140
\lastobjectbox@=\box29
\zerodotbox@=\box30
\almostz@=\dimen141
 direction,
\d@X=\dimen142
\d@Y=\dimen143
\K@=\count103
\KK@=\count104
\Direction=\count105
\K@dXdY=\dimen144
\K@dYdX=\dimen145
\xyread@=\read1
\xywrite@=\write3
\csp@=\count106
\quotPTK@=\dimen146

utility macros; pictures: \xy, positions,
\swaptoks@@=\toks29
\connectobjectbox@@=\box31
 objects,
\styletoks@=\toks30
 decorations;
kernel objects: directionals, circles, text; options; algorithms: directions,
edges, connections;  Xy-pic loaded)
(/usr/local/texlive/2015/texmf-dist/tex/generic/oberdiek/ifpdf.sty
Package: ifpdf 2011/01/30 v2.3 Provides the ifpdf switch (HO)
Package ifpdf Info: pdfTeX in PDF mode is detected.
)

LaTeX Warning: You have requested package `xypic',
               but the package provides `xy'.

Package: xy 2013/10/06 Xy-pic version 3.8.9
(/usr/local/texlive/2015/texmf-dist/tex/generic/xypic/xypdf.tex
 Xy-pic option: PDF driver v.1.7 loaded))
(/usr/local/texlive/2015/texmf-dist/tex/generic/xypic/xyv2.tex
 Xy-pic option: Version 2 Compatibility v.3.8

Xy-pic Warning: `\stop' redefined.

(/usr/local/texlive/2015/texmf-dist/tex/generic/xypic/xyframe.tex
 Xy-pic option: Frame and Bracket extension v.3.14 loaded)
Xy-pic pdf driver: `frame' extension support
(/usr/local/texlive/2015/texmf-dist/tex/generic/xypic/xypdf-fr.tex
(/usr/local/texlive/2015/texmf-dist/tex/generic/xypic/xycurve.tex
 Xy-pic option: Curve and Spline extension v.3.12 curve,
\crv@cnt@=\count107
\crvpts@=\toks31
\splinebox@=\box32
\splineval@=\dimen147
\splinedepth@=\dimen148
\splinetol@=\dimen149
\splinelength@=\dimen150
 circles,
\L@=\dimen151
 loaded)
Xy-pic pdf driver: `curve' extension support
(/usr/local/texlive/2015/texmf-dist/tex/generic/xypic/xypdf-cu.tex loaded)
loaded) (/usr/local/texlive/2015/texmf-dist/tex/generic/xypic/xymatrix.tex
 Xy-pic option: Matrix feature v.3.14
\Row=\count108
\Col=\count109
\queue@=\toks32
\queue@@=\toks33
\qcount@=\count110
\qcount@@=\count111
\matrixsize@=\count112
 loaded)
(/usr/local/texlive/2015/texmf-dist/tex/generic/xypic/xyarrow.tex
 Xy-pic option: Arrow and Path feature v.3.9 path, \ar, loaded) loaded))
(/usr/local/texlive/2015/texmf-dist/tex/latex/enumitem/enumitem.sty
Package: enumitem 2011/09/28 v3.5.2 Customized lists
\enitkv@toks@=\toks34
\labelindent=\skip63
\enit@outerparindent=\dimen152
\enit@toks=\toks35
\enit@inbox=\box33
\enitdp@description=\count113
)
(/usr/local/texlive/2015/texmf-dist/tex/latex/hyperref/hyperref.sty
Package: hyperref 2012/11/06 v6.83m Hypertext links for LaTeX

(/usr/local/texlive/2015/texmf-dist/tex/generic/oberdiek/hobsub-hyperref.sty
Package: hobsub-hyperref 2012/05/28 v1.13 Bundle oberdiek, subset hyperref (HO)


(/usr/local/texlive/2015/texmf-dist/tex/generic/oberdiek/hobsub-generic.sty
Package: hobsub-generic 2012/05/28 v1.13 Bundle oberdiek, subset generic (HO)
Package: hobsub 2012/05/28 v1.13 Construct package bundles (HO)
Package: infwarerr 2010/04/08 v1.3 Providing info/warning/error messages (HO)
Package: ltxcmds 2011/11/09 v1.22 LaTeX kernel commands for general use (HO)
Package: ifluatex 2010/03/01 v1.3 Provides the ifluatex switch (HO)
Package ifluatex Info: LuaTeX not detected.
Package: ifvtex 2010/03/01 v1.5 Detect VTeX and its facilities (HO)
Package ifvtex Info: VTeX not detected.
Package: intcalc 2007/09/27 v1.1 Expandable calculations with integers (HO)
Package hobsub Info: Skipping package `ifpdf' (already loaded).
Package: etexcmds 2011/02/16 v1.5 Avoid name clashes with e-TeX commands (HO)
Package etexcmds Info: Could not find \expanded.
(etexcmds)             That can mean that you are not using pdfTeX 1.50 or
(etexcmds)             that some package has redefined \expanded.
(etexcmds)             In the latter case, load this package earlier.
Package: kvsetkeys 2012/04/25 v1.16 Key value parser (HO)
Package: kvdefinekeys 2011/04/07 v1.3 Define keys (HO)
Package: pdftexcmds 2011/11/29 v0.20 Utility functions of pdfTeX for LuaTeX (HO
)
Package pdftexcmds Info: LuaTeX not detected.
Package pdftexcmds Info: \pdf@primitive is available.
Package pdftexcmds Info: \pdf@ifprimitive is available.
Package pdftexcmds Info: \pdfdraftmode found.
Package: pdfescape 2011/11/25 v1.13 Implements pdfTeX's escape features (HO)
Package: bigintcalc 2012/04/08 v1.3 Expandable calculations on big integers (HO
)
Package: bitset 2011/01/30 v1.1 Handle bit-vector datatype (HO)
Package: uniquecounter 2011/01/30 v1.2 Provide unlimited unique counter (HO)
)
Package hobsub Info: Skipping package `hobsub' (already loaded).
Package: letltxmacro 2010/09/02 v1.4 Let assignment for LaTeX macros (HO)
Package: hopatch 2012/05/28 v1.2 Wrapper for package hooks (HO)
Package: xcolor-patch 2011/01/30 xcolor patch
Package: atveryend 2011/06/30 v1.8 Hooks at the very end of document (HO)
Package atveryend Info: \enddocument detected (standard20110627).
Package: atbegshi 2011/10/05 v1.16 At begin shipout hook (HO)
Package: refcount 2011/10/16 v3.4 Data extraction from label references (HO)
Package: hycolor 2011/01/30 v1.7 Color options for hyperref/bookmark (HO)
)
(/usr/local/texlive/2015/texmf-dist/tex/latex/graphics/keyval.sty
Package: keyval 2014/10/28 v1.15 key=value parser (DPC)
\KV@toks@=\toks36
)
(/usr/local/texlive/2015/texmf-dist/tex/generic/ifxetex/ifxetex.sty
Package: ifxetex 2010/09/12 v0.6 Provides ifxetex conditional
)
(/usr/local/texlive/2015/texmf-dist/tex/latex/oberdiek/auxhook.sty
Package: auxhook 2011/03/04 v1.3 Hooks for auxiliary files (HO)
)
(/usr/local/texlive/2015/texmf-dist/tex/latex/oberdiek/kvoptions.sty
Package: kvoptions 2011/06/30 v3.11 Key value format for package options (HO)
)
\@linkdim=\dimen153
\Hy@linkcounter=\count114
\Hy@pagecounter=\count115

(/usr/local/texlive/2015/texmf-dist/tex/latex/hyperref/pd1enc.def
File: pd1enc.def 2012/11/06 v6.83m Hyperref: PDFDocEncoding definition (HO)
)
\Hy@SavedSpaceFactor=\count116

(/usr/local/texlive/2015/texmf-dist/tex/latex/latexconfig/hyperref.cfg
File: hyperref.cfg 2002/06/06 v1.2 hyperref configuration of TeXLive
)
Package hyperref Info: Option `colorlinks' set `true' on input line 4319.
Package hyperref Info: Hyper figures OFF on input line 4443.
Package hyperref Info: Link nesting OFF on input line 4448.
Package hyperref Info: Hyper index ON on input line 4451.
Package hyperref Info: Plain pages OFF on input line 4458.
Package hyperref Info: Backreferencing OFF on input line 4463.
Package hyperref Info: Implicit mode ON; LaTeX internals redefined.
Package hyperref Info: Bookmarks ON on input line 4688.
\c@Hy@tempcnt=\count117

(/usr/local/texlive/2015/texmf-dist/tex/latex/url/url.sty
\Urlmuskip=\muskip11
Package: url 2013/09/16  ver 3.4  Verb mode for urls, etc.
)
LaTeX Info: Redefining \url on input line 5041.
\XeTeXLinkMargin=\dimen154
\Fld@menulength=\count118
\Field@Width=\dimen155
\Fld@charsize=\dimen156
Package hyperref Info: Hyper figures OFF on input line 6295.
Package hyperref Info: Link nesting OFF on input line 6300.
Package hyperref Info: Hyper index ON on input line 6303.
Package hyperref Info: backreferencing OFF on input line 6310.
Package hyperref Info: Link coloring ON on input line 6313.
Package hyperref Info: Link coloring with OCG OFF on input line 6320.
Package hyperref Info: PDF/A mode OFF on input line 6325.
LaTeX Info: Redefining \ref on input line 6365.
LaTeX Info: Redefining \pageref on input line 6369.
\Hy@abspage=\count119
\c@Item=\count120
\c@Hfootnote=\count121
)

Package hyperref Message: Driver (autodetected): hpdftex.

(/usr/local/texlive/2015/texmf-dist/tex/latex/hyperref/hpdftex.def
File: hpdftex.def 2012/11/06 v6.83m Hyperref driver for pdfTeX
\Fld@listcount=\count122
\c@bookmark@seq@number=\count123

(/usr/local/texlive/2015/texmf-dist/tex/latex/oberdiek/rerunfilecheck.sty
Package: rerunfilecheck 2011/04/15 v1.7 Rerun checks for auxiliary files (HO)
Package uniquecounter Info: New unique counter `rerunfilecheck' on input line 2
82.
)
\Hy@SectionHShift=\skip64
)
(/usr/local/texlive/2015/texmf-dist/tex/latex/graphics/graphicx.sty
Package: graphicx 2014/10/28 v1.0g Enhanced LaTeX Graphics (DPC,SPQR)

(/usr/local/texlive/2015/texmf-dist/tex/latex/graphics/graphics.sty
Package: graphics 2014/10/28 v1.0p Standard LaTeX Graphics (DPC,SPQR)

(/usr/local/texlive/2015/texmf-dist/tex/latex/graphics/trig.sty
Package: trig 1999/03/16 v1.09 sin cos tan (DPC)
)
(/usr/local/texlive/2015/texmf-dist/tex/latex/latexconfig/graphics.cfg
File: graphics.cfg 2010/04/23 v1.9 graphics configuration of TeX Live
)
Package graphics Info: Driver file: pdftex.def on input line 94.

(/usr/local/texlive/2015/texmf-dist/tex/latex/pdftex-def/pdftex.def
File: pdftex.def 2011/05/27 v0.06d Graphics/color for pdfTeX
\Gread@gobject=\count124
))
\Gin@req@height=\dimen157
\Gin@req@width=\dimen158
)
(/usr/local/texlive/2015/texmf-dist/tex/latex/geometry/geometry.sty
Package: geometry 2010/09/12 v5.6 Page Geometry
\Gm@cnth=\count125
\Gm@cntv=\count126
\c@Gm@tempcnt=\count127
\Gm@bindingoffset=\dimen159
\Gm@wd@mp=\dimen160
\Gm@odd@mp=\dimen161
\Gm@even@mp=\dimen162
\Gm@layoutwidth=\dimen163
\Gm@layoutheight=\dimen164
\Gm@layouthoffset=\dimen165
\Gm@layoutvoffset=\dimen166
\Gm@dimlist=\toks37
)
(/usr/local/texlive/2015/texmf-dist/tex/latex/etoolbox/etoolbox.sty
Package: etoolbox 2015/05/04 v2.2 e-TeX tools for LaTeX (JAW)
\etb@tempcnta=\count128
)
\c@theorem=\count129

(/usr/local/texlive/2015/texmf-dist/tex/latex/tikz-cd/tikz-cd.sty
Package: tikz-cd 2014/10/30 v0.9e Commutative diagrams with tikz

(/usr/local/texlive/2015/texmf-dist/tex/latex/pgf/frontendlayer/tikz.sty
(/usr/local/texlive/2015/texmf-dist/tex/latex/pgf/basiclayer/pgf.sty
(/usr/local/texlive/2015/texmf-dist/tex/latex/pgf/utilities/pgfrcs.sty
(/usr/local/texlive/2015/texmf-dist/tex/generic/pgf/utilities/pgfutil-common.te
x
\pgfutil@everybye=\toks38
\pgfutil@tempdima=\dimen167
\pgfutil@tempdimb=\dimen168

(/usr/local/texlive/2015/texmf-dist/tex/generic/pgf/utilities/pgfutil-common-li
sts.tex))
(/usr/local/texlive/2015/texmf-dist/tex/generic/pgf/utilities/pgfutil-latex.def
\pgfutil@abb=\box34
(/usr/local/texlive/2015/texmf-dist/tex/latex/ms/everyshi.sty
Package: everyshi 2001/05/15 v3.00 EveryShipout Package (MS)
))
(/usr/local/texlive/2015/texmf-dist/tex/generic/pgf/utilities/pgfrcs.code.tex
Package: pgfrcs 2013/12/20 v3.0.0 (rcs-revision 1.28)
))
Package: pgf 2013/12/18 v3.0.0 (rcs-revision 1.14)
(/usr/local/texlive/2015/texmf-dist/tex/latex/pgf/basiclayer/pgfcore.sty
(/usr/local/texlive/2015/texmf-dist/tex/latex/pgf/systemlayer/pgfsys.sty
(/usr/local/texlive/2015/texmf-dist/tex/generic/pgf/systemlayer/pgfsys.code.tex
Package: pgfsys 2013/11/30 v3.0.0 (rcs-revision 1.47)
(/usr/local/texlive/2015/texmf-dist/tex/generic/pgf/utilities/pgfkeys.code.tex
\pgfkeys@pathtoks=\toks39
\pgfkeys@temptoks=\toks40

(/usr/local/texlive/2015/texmf-dist/tex/generic/pgf/utilities/pgfkeysfiltered.c
ode.tex
\pgfkeys@tmptoks=\toks41
))
\pgf@x=\dimen169
\pgf@y=\dimen170
\pgf@xa=\dimen171
\pgf@ya=\dimen172
\pgf@xb=\dimen173
\pgf@yb=\dimen174
\pgf@xc=\dimen175
\pgf@yc=\dimen176
\w@pgf@writea=\write4
\r@pgf@reada=\read2
\c@pgf@counta=\count130
\c@pgf@countb=\count131
\c@pgf@countc=\count132
\c@pgf@countd=\count133
\t@pgf@toka=\toks42
\t@pgf@tokb=\toks43
\t@pgf@tokc=\toks44

(/usr/local/texlive/2015/texmf-dist/tex/generic/pgf/systemlayer/pgf.cfg
File: pgf.cfg 2008/05/14  (rcs-revision 1.7)
)
Driver file for pgf: pgfsys-pdftex.def

(/usr/local/texlive/2015/texmf-dist/tex/generic/pgf/systemlayer/pgfsys-pdftex.d
ef
File: pgfsys-pdftex.def 2013/07/18  (rcs-revision 1.33)

(/usr/local/texlive/2015/texmf-dist/tex/generic/pgf/systemlayer/pgfsys-common-p
df.def
File: pgfsys-common-pdf.def 2013/10/10  (rcs-revision 1.13)
)))
(/usr/local/texlive/2015/texmf-dist/tex/generic/pgf/systemlayer/pgfsyssoftpath.
code.tex
File: pgfsyssoftpath.code.tex 2013/09/09  (rcs-revision 1.9)
\pgfsyssoftpath@smallbuffer@items=\count134
\pgfsyssoftpath@bigbuffer@items=\count135
)
(/usr/local/texlive/2015/texmf-dist/tex/generic/pgf/systemlayer/pgfsysprotocol.
code.tex
File: pgfsysprotocol.code.tex 2006/10/16  (rcs-revision 1.4)
)) (/usr/local/texlive/2015/texmf-dist/tex/latex/xcolor/xcolor.sty
Package: xcolor 2007/01/21 v2.11 LaTeX color extensions (UK)

(/usr/local/texlive/2015/texmf-dist/tex/latex/latexconfig/color.cfg
File: color.cfg 2007/01/18 v1.5 color configuration of teTeX/TeXLive
)
Package xcolor Info: Driver file: pdftex.def on input line 225.
Package xcolor Info: Model `cmy' substituted by `cmy0' on input line 1337.
Package xcolor Info: Model `hsb' substituted by `rgb' on input line 1341.
Package xcolor Info: Model `RGB' extended on input line 1353.
Package xcolor Info: Model `HTML' substituted by `rgb' on input line 1355.
Package xcolor Info: Model `Hsb' substituted by `hsb' on input line 1356.
Package xcolor Info: Model `tHsb' substituted by `hsb' on input line 1357.
Package xcolor Info: Model `HSB' substituted by `hsb' on input line 1358.
Package xcolor Info: Model `Gray' substituted by `gray' on input line 1359.
Package xcolor Info: Model `wave' substituted by `hsb' on input line 1360.
)
(/usr/local/texlive/2015/texmf-dist/tex/generic/pgf/basiclayer/pgfcore.code.tex
Package: pgfcore 2010/04/11 v3.0.0 (rcs-revision 1.7)
(/usr/local/texlive/2015/texmf-dist/tex/generic/pgf/math/pgfmath.code.tex
(/usr/local/texlive/2015/texmf-dist/tex/generic/pgf/math/pgfmathcalc.code.tex
(/usr/local/texlive/2015/texmf-dist/tex/generic/pgf/math/pgfmathutil.code.tex)
(/usr/local/texlive/2015/texmf-dist/tex/generic/pgf/math/pgfmathparser.code.tex
\pgfmath@dimen=\dimen177
\pgfmath@count=\count136
\pgfmath@box=\box35
\pgfmath@toks=\toks45
\pgfmath@stack@operand=\toks46
\pgfmath@stack@operation=\toks47
)
(/usr/local/texlive/2015/texmf-dist/tex/generic/pgf/math/pgfmathfunctions.code.
tex
(/usr/local/texlive/2015/texmf-dist/tex/generic/pgf/math/pgfmathfunctions.basic
.code.tex)
(/usr/local/texlive/2015/texmf-dist/tex/generic/pgf/math/pgfmathfunctions.trigo
nometric.code.tex)
(/usr/local/texlive/2015/texmf-dist/tex/generic/pgf/math/pgfmathfunctions.rando
m.code.tex)
(/usr/local/texlive/2015/texmf-dist/tex/generic/pgf/math/pgfmathfunctions.compa
rison.code.tex)
(/usr/local/texlive/2015/texmf-dist/tex/generic/pgf/math/pgfmathfunctions.base.
code.tex)
(/usr/local/texlive/2015/texmf-dist/tex/generic/pgf/math/pgfmathfunctions.round
.code.tex)
(/usr/local/texlive/2015/texmf-dist/tex/generic/pgf/math/pgfmathfunctions.misc.
code.tex)
(/usr/local/texlive/2015/texmf-dist/tex/generic/pgf/math/pgfmathfunctions.integ
erarithmetics.code.tex)))
(/usr/local/texlive/2015/texmf-dist/tex/generic/pgf/math/pgfmathfloat.code.tex
\c@pgfmathroundto@lastzeros=\count137
))
(/usr/local/texlive/2015/texmf-dist/tex/generic/pgf/basiclayer/pgfcorepoints.co
de.tex
File: pgfcorepoints.code.tex 2013/10/07  (rcs-revision 1.27)
\pgf@picminx=\dimen178
\pgf@picmaxx=\dimen179
\pgf@picminy=\dimen180
\pgf@picmaxy=\dimen181
\pgf@pathminx=\dimen182
\pgf@pathmaxx=\dimen183
\pgf@pathminy=\dimen184
\pgf@pathmaxy=\dimen185
\pgf@xx=\dimen186
\pgf@xy=\dimen187
\pgf@yx=\dimen188
\pgf@yy=\dimen189
\pgf@zx=\dimen190
\pgf@zy=\dimen191
)
(/usr/local/texlive/2015/texmf-dist/tex/generic/pgf/basiclayer/pgfcorepathconst
ruct.code.tex
File: pgfcorepathconstruct.code.tex 2013/10/07  (rcs-revision 1.29)
\pgf@path@lastx=\dimen192
\pgf@path@lasty=\dimen193
)
(/usr/local/texlive/2015/texmf-dist/tex/generic/pgf/basiclayer/pgfcorepathusage
.code.tex
File: pgfcorepathusage.code.tex 2013/12/13  (rcs-revision 1.23)
\pgf@shorten@end@additional=\dimen194
\pgf@shorten@start@additional=\dimen195
)
(/usr/local/texlive/2015/texmf-dist/tex/generic/pgf/basiclayer/pgfcorescopes.co
de.tex
File: pgfcorescopes.code.tex 2013/10/09  (rcs-revision 1.44)
\pgfpic=\box36
\pgf@hbox=\box37
\pgf@layerbox@main=\box38
\pgf@picture@serial@count=\count138
)
(/usr/local/texlive/2015/texmf-dist/tex/generic/pgf/basiclayer/pgfcoregraphicst
ate.code.tex
File: pgfcoregraphicstate.code.tex 2013/09/19  (rcs-revision 1.11)
\pgflinewidth=\dimen196
)
(/usr/local/texlive/2015/texmf-dist/tex/generic/pgf/basiclayer/pgfcoretransform
ations.code.tex
File: pgfcoretransformations.code.tex 2013/10/10  (rcs-revision 1.17)
\pgf@pt@x=\dimen197
\pgf@pt@y=\dimen198
\pgf@pt@temp=\dimen199
)
(/usr/local/texlive/2015/texmf-dist/tex/generic/pgf/basiclayer/pgfcorequick.cod
e.tex
File: pgfcorequick.code.tex 2008/10/09  (rcs-revision 1.3)
)
(/usr/local/texlive/2015/texmf-dist/tex/generic/pgf/basiclayer/pgfcoreobjects.c
ode.tex
File: pgfcoreobjects.code.tex 2006/10/11  (rcs-revision 1.2)
)
(/usr/local/texlive/2015/texmf-dist/tex/generic/pgf/basiclayer/pgfcorepathproce
ssing.code.tex
File: pgfcorepathprocessing.code.tex 2013/09/09  (rcs-revision 1.9)
)
(/usr/local/texlive/2015/texmf-dist/tex/generic/pgf/basiclayer/pgfcorearrows.co
de.tex
File: pgfcorearrows.code.tex 2013/11/07  (rcs-revision 1.40)
\pgfarrowsep=\dimen200
)
(/usr/local/texlive/2015/texmf-dist/tex/generic/pgf/basiclayer/pgfcoreshade.cod
e.tex
File: pgfcoreshade.code.tex 2013/07/15  (rcs-revision 1.15)
\pgf@max=\dimen201
\pgf@sys@shading@range@num=\count139
)
(/usr/local/texlive/2015/texmf-dist/tex/generic/pgf/basiclayer/pgfcoreimage.cod
e.tex
File: pgfcoreimage.code.tex 2013/07/15  (rcs-revision 1.18)

(/usr/local/texlive/2015/texmf-dist/tex/generic/pgf/basiclayer/pgfcoreexternal.
code.tex
File: pgfcoreexternal.code.tex 2013/07/15  (rcs-revision 1.20)
\pgfexternal@startupbox=\box39
))
(/usr/local/texlive/2015/texmf-dist/tex/generic/pgf/basiclayer/pgfcorelayers.co
de.tex
File: pgfcorelayers.code.tex 2013/07/18  (rcs-revision 1.7)
)
(/usr/local/texlive/2015/texmf-dist/tex/generic/pgf/basiclayer/pgfcoretranspare
ncy.code.tex
File: pgfcoretransparency.code.tex 2013/09/30  (rcs-revision 1.5)
)
(/usr/local/texlive/2015/texmf-dist/tex/generic/pgf/basiclayer/pgfcorepatterns.
code.tex
File: pgfcorepatterns.code.tex 2013/11/07  (rcs-revision 1.5)
)))
(/usr/local/texlive/2015/texmf-dist/tex/generic/pgf/modules/pgfmoduleshapes.cod
e.tex
File: pgfmoduleshapes.code.tex 2013/10/31  (rcs-revision 1.34)
\pgfnodeparttextbox=\box40
)
(/usr/local/texlive/2015/texmf-dist/tex/generic/pgf/modules/pgfmoduleplot.code.
tex
File: pgfmoduleplot.code.tex 2013/07/31  (rcs-revision 1.12)
)
(/usr/local/texlive/2015/texmf-dist/tex/latex/pgf/compatibility/pgfcomp-version
-0-65.sty
Package: pgfcomp-version-0-65 2007/07/03 v3.0.0 (rcs-revision 1.7)
\pgf@nodesepstart=\dimen202
\pgf@nodesepend=\dimen203
)
(/usr/local/texlive/2015/texmf-dist/tex/latex/pgf/compatibility/pgfcomp-version
-1-18.sty
Package: pgfcomp-version-1-18 2007/07/23 v3.0.0 (rcs-revision 1.1)
))
(/usr/local/texlive/2015/texmf-dist/tex/latex/pgf/utilities/pgffor.sty
(/usr/local/texlive/2015/texmf-dist/tex/latex/pgf/utilities/pgfkeys.sty
(/usr/local/texlive/2015/texmf-dist/tex/generic/pgf/utilities/pgfkeys.code.tex)
) (/usr/local/texlive/2015/texmf-dist/tex/latex/pgf/math/pgfmath.sty
(/usr/local/texlive/2015/texmf-dist/tex/generic/pgf/math/pgfmath.code.tex))
(/usr/local/texlive/2015/texmf-dist/tex/generic/pgf/utilities/pgffor.code.tex
Package: pgffor 2013/12/13 v3.0.0 (rcs-revision 1.25)

(/usr/local/texlive/2015/texmf-dist/tex/generic/pgf/math/pgfmath.code.tex)
\pgffor@iter=\dimen204
\pgffor@skip=\dimen205
\pgffor@stack=\toks48
\pgffor@toks=\toks49
))
(/usr/local/texlive/2015/texmf-dist/tex/generic/pgf/frontendlayer/tikz/tikz.cod
e.tex
Package: tikz 2013/12/13 v3.0.0 (rcs-revision 1.142)

(/usr/local/texlive/2015/texmf-dist/tex/generic/pgf/libraries/pgflibraryplothan
dlers.code.tex
File: pgflibraryplothandlers.code.tex 2013/08/31 v3.0.0 (rcs-revision 1.20)
\pgf@plot@mark@count=\count140
\pgfplotmarksize=\dimen206
)
\tikz@lastx=\dimen207
\tikz@lasty=\dimen208
\tikz@lastxsaved=\dimen209
\tikz@lastysaved=\dimen210
\tikzleveldistance=\dimen211
\tikzsiblingdistance=\dimen212
\tikz@figbox=\box41
\tikz@figbox@bg=\box42
\tikz@tempbox=\box43
\tikz@tempbox@bg=\box44
\tikztreelevel=\count141
\tikznumberofchildren=\count142
\tikznumberofcurrentchild=\count143
\tikz@fig@count=\count144

(/usr/local/texlive/2015/texmf-dist/tex/generic/pgf/modules/pgfmodulematrix.cod
e.tex
File: pgfmodulematrix.code.tex 2013/09/17  (rcs-revision 1.8)
\pgfmatrixcurrentrow=\count145
\pgfmatrixcurrentcolumn=\count146
\pgf@matrix@numberofcolumns=\count147
)
\tikz@expandcount=\count148

(/usr/local/texlive/2015/texmf-dist/tex/generic/pgf/frontendlayer/tikz/librarie
s/tikzlibrarytopaths.code.tex
File: tikzlibrarytopaths.code.tex 2008/06/17 v3.0.0 (rcs-revision 1.2)
)))
(/usr/local/texlive/2015/texmf-dist/tex/generic/tikz-cd/tikzlibrarycd.code.tex
(/usr/local/texlive/2015/texmf-dist/tex/generic/pgf/frontendlayer/tikz/librarie
s/tikzlibrarymatrix.code.tex
File: tikzlibrarymatrix.code.tex 2013/07/12 v3.0.0 (rcs-revision 1.4)
)
(/usr/local/texlive/2015/texmf-dist/tex/generic/pgf/frontendlayer/tikz/librarie
s/tikzlibraryquotes.code.tex
File: tikzlibraryquotes.code.tex 2013/08/28 v3.0.0 (rcs-revision 1.3)
)
(/usr/local/texlive/2015/texmf-dist/tex/generic/pgf/libraries/pgflibraryarrows.
meta.code.tex
File: pgflibraryarrows.meta.code.tex 2013/12/13 v3.0.0 (rcs-revision 1.12)
\pgfarrowinset=\dimen213
\pgfarrowlength=\dimen214
\pgfarrowwidth=\dimen215
\pgfarrowlinewidth=\dimen216
))) (./main_file.aux

LaTeX Warning: Label `BL97' multiply defined.


LaTeX Warning: Label `BL97' multiply defined.

)
\openout1 = `main_file.aux'.

LaTeX Font Info:    Checking defaults for OML/cmm/m/it on input line 190.
LaTeX Font Info:    ... okay on input line 190.
LaTeX Font Info:    Checking defaults for T1/cmr/m/n on input line 190.
LaTeX Font Info:    ... okay on input line 190.
LaTeX Font Info:    Checking defaults for OT1/cmr/m/n on input line 190.
LaTeX Font Info:    ... okay on input line 190.
LaTeX Font Info:    Checking defaults for OMS/cmsy/m/n on input line 190.
LaTeX Font Info:    ... okay on input line 190.
LaTeX Font Info:    Checking defaults for OMX/cmex/m/n on input line 190.
LaTeX Font Info:    ... okay on input line 190.
LaTeX Font Info:    Checking defaults for U/cmr/m/n on input line 190.
LaTeX Font Info:    ... okay on input line 190.
LaTeX Font Info:    Checking defaults for PD1/pdf/m/n on input line 190.
LaTeX Font Info:    ... okay on input line 190.
LaTeX Font Info:    Try loading font information for U+msa on input line 190.
 (/usr/local/texlive/2015/texmf-dist/tex/latex/amsfonts/umsa.fd
File: umsa.fd 2013/01/14 v3.01 AMS symbols A
)
LaTeX Font Info:    Try loading font information for U+msb on input line 190.

(/usr/local/texlive/2015/texmf-dist/tex/latex/amsfonts/umsb.fd
File: umsb.fd 2013/01/14 v3.01 AMS symbols B
)
LaTeX Font Info:    Try loading font information for U+rsfs on input line 190.

(/usr/local/texlive/2015/texmf-dist/tex/latex/jknapltx/ursfs.fd
File: ursfs.fd 1998/03/24 rsfs font definition file (jk)
)
Package xypdf Info: Line width: 0.47998pt on input line 190.
\AtBeginShipoutBox=\box45
Package hyperref Info: Link coloring ON on input line 190.

(/usr/local/texlive/2015/texmf-dist/tex/latex/hyperref/nameref.sty
Package: nameref 2012/10/27 v2.43 Cross-referencing by name of section

(/usr/local/texlive/2015/texmf-dist/tex/generic/oberdiek/gettitlestring.sty
Package: gettitlestring 2010/12/03 v1.4 Cleanup title references (HO)
)
\c@section@level=\count149
)
LaTeX Info: Redefining \ref on input line 190.
LaTeX Info: Redefining \pageref on input line 190.
LaTeX Info: Redefining \nameref on input line 190.

(./main_file.out) (./main_file.out)
\@outlinefile=\write5
\openout5 = `main_file.out'.


(/usr/local/texlive/2015/texmf-dist/tex/context/base/supp-pdf.mkii
[Loading MPS to PDF converter (version 2006.09.02).]
\scratchcounter=\count150
\scratchdimen=\dimen217
\scratchbox=\box46
\nofMPsegments=\count151
\nofMParguments=\count152
\everyMPshowfont=\toks50
\MPscratchCnt=\count153
\MPscratchDim=\dimen218
\MPnumerator=\count154
\makeMPintoPDFobject=\count155
\everyMPtoPDFconversion=\toks51
) (/usr/local/texlive/2015/texmf-dist/tex/latex/oberdiek/epstopdf-base.sty
Package: epstopdf-base 2010/02/09 v2.5 Base part for package epstopdf

(/usr/local/texlive/2015/texmf-dist/tex/latex/oberdiek/grfext.sty
Package: grfext 2010/08/19 v1.1 Manage graphics extensions (HO)
)
Package grfext Info: Graphics extension search list:
(grfext)             [.png,.pdf,.jpg,.mps,.jpeg,.jbig2,.jb2,.PNG,.PDF,.JPG,.JPE
G,.JBIG2,.JB2,.eps]
(grfext)             \AppendGraphicsExtensions on input line 452.

(/usr/local/texlive/2015/texmf-dist/tex/latex/latexconfig/epstopdf-sys.cfg
File: epstopdf-sys.cfg 2010/07/13 v1.3 Configuration of (r)epstopdf for TeX Liv
e
))
*geometry* driver: auto-detecting
*geometry* detected driver: pdftex
*geometry* verbose mode - [ preamble ] result:
* driver: pdftex
* paper: a4paper
* layout: <same size as paper>
* layoutoffset:(h,v)=(0.0pt,0.0pt)
* modes: twoside 
* h-part:(L,W,R)=(99.58464pt, 398.3386pt, 99.58464pt)
* v-part:(T,H,B)=(113.81102pt, 645.87756pt, 85.35826pt)
* \paperwidth=597.50787pt
* \paperheight=845.04684pt
* \textwidth=398.3386pt
* \textheight=645.87756pt
* \oddsidemargin=27.31465pt
* \evensidemargin=27.31465pt
* \topmargin=9.66724pt
* \headheight=12.0pt
* \headsep=19.8738pt
* \topskip=12.0pt
* \footskip=30.0pt
* \marginparwidth=88.0pt
* \marginparsep=7.0pt
* \columnsep=10.0pt
* \skip\footins=10.8pt plus 4.0pt minus 2.0pt
* \hoffset=0.0pt
* \voffset=0.0pt
* \mag=1000
* \@twocolumnfalse
* \@twosidetrue
* \@mparswitchtrue
* \@reversemarginfalse
* (1in=72.27pt=25.4mm, 1cm=28.453pt)

ABD: EveryShipout initializing macros
<ox.jpg, id=75, 386.44376pt x 376.40625pt>
File: ox.jpg Graphic file (type jpg)
 <use ox.jpg>
Package pdftex.def Info: ox.jpg used on input line 195.
(pdftex.def)             Requested size: 99.58464pt x 96.99605pt.
 [1



{/usr/local/texlive/2015/texmf-var/fonts/map/pdftex/updmap/pdftex.map} <./ox.jp
g>]
(./0_1_abstract.tex

Package Fancyhdr Warning: \headheight is too small (12.0pt): 
 Make it at least 14.49998pt.
 We now make it that large for the rest of the document.
 This may cause the page layout to be inconsistent, however.

[2

]) (./0_2_acknowledgement.tex

Package Fancyhdr Warning: \headheight is too small (12.0pt): 
 Make it at least 14.49998pt.
 We now make it that large for the rest of the document.
 This may cause the page layout to be inconsistent, however.

[3]

Package Fancyhdr Warning: \headheight is too small (12.0pt): 
 Make it at least 14.49998pt.
 We now make it that large for the rest of the document.
 This may cause the page layout to be inconsistent, however.

[4

])

Package Fancyhdr Warning: \headheight is too small (12.0pt): 
 Make it at least 14.49998pt.
 We now make it that large for the rest of the document.
 This may cause the page layout to be inconsistent, however.

[5]

Package Fancyhdr Warning: \headheight is too small (12.0pt): 
 Make it at least 14.49998pt.
 We now make it that large for the rest of the document.
 This may cause the page layout to be inconsistent, however.

[6

] (./main_file.toc)
\tf@toc=\write6
\openout6 = `main_file.toc'.



Package Fancyhdr Warning: \headheight is too small (12.0pt): 
 Make it at least 14.49998pt.
 We now make it that large for the rest of the document.
 This may cause the page layout to be inconsistent, however.

[7]

Package Fancyhdr Warning: \headheight is too small (12.0pt): 
 Make it at least 14.49998pt.
 We now make it that large for the rest of the document.
 This may cause the page layout to be inconsistent, however.

[8

] (./1_0_introduction.tex
Chapter 1.

Package Fancyhdr Warning: \headheight is too small (12.0pt): 
 Make it at least 14.49998pt.
 We now make it that large for the rest of the document.
 This may cause the page layout to be inconsistent, however.

[1

]) (./2_0_Iterated_Products_of_Projections_in_Hilbert_Space.tex

Package Fancyhdr Warning: \headheight is too small (12.0pt): 
 Make it at least 14.49998pt.
 We now make it that large for the rest of the document.
 This may cause the page layout to be inconsistent, however.

[2]
Chapter 2.
<2d_demo.png, id=154, 448.7967pt x 284.5029pt>
File: 2d_demo.png Graphic file (type png)
 <use 2d_demo.png>
Package pdftex.def Info: 2d_demo.png used on input line 16.
(pdftex.def)             Requested size: 359.03784pt x 227.60262pt.


LaTeX Warning: `h' float specifier changed to `ht'.

) (./2_1_Convergence.tex
Overfull \hbox (23.6197pt too wide) in paragraph at lines 19--1
[]\OT1/cmr/m/n/12 The same the-o-rem was also found by \OT1/cmr/m/it/12 Nakano 
\OT1/cmr/m/n/12 [[]] in 1953 and \OT1/cmr/m/it/12 Wiener\OT1/cmr/m/n/12 [[]]
 []


Package Fancyhdr Warning: \headheight is too small (12.0pt): 
 Make it at least 14.49998pt.
 We now make it that large for the rest of the document.
 This may cause the page layout to be inconsistent, however.

[3

]

Package Fancyhdr Warning: \headheight is too small (12.0pt): 
 Make it at least 14.49998pt.
 We now make it that large for the rest of the document.
 This may cause the page layout to be inconsistent, however.

[4 <./2d_demo.png>]
Overfull \hbox (69.78879pt too wide) in paragraph at lines 20--20
[] 
 []


Package Fancyhdr Warning: \headheight is too small (12.0pt): 
 Make it at least 14.49998pt.
 We now make it that large for the rest of the document.
 This may cause the page layout to be inconsistent, however.

[5]) (./3_0_rate_of_convergence.tex

Package Fancyhdr Warning: \headheight is too small (12.0pt): 
 Make it at least 14.49998pt.
 We now make it that large for the rest of the document.
 This may cause the page layout to be inconsistent, however.

[6]
Chapter 3.
) (./3_1_dichotomy_results.tex

Package Fancyhdr Warning: \headheight is too small (12.0pt): 
 Make it at least 14.49998pt.
 We now make it that large for the rest of the document.
 This may cause the page layout to be inconsistent, however.

[7

]

Package Fancyhdr Warning: \headheight is too small (12.0pt): 
 Make it at least 14.49998pt.
 We now make it that large for the rest of the document.
 This may cause the page layout to be inconsistent, however.

[8]
Overfull \hbox (1.01918pt too wide) in paragraph at lines 60--61
[]\OT1/cmr/m/n/12 If $[][] \OML/cmm/m/it/12 M[]$ \OT1/cmr/m/n/12 is not closed,
 by \OT1/cmr/m/it/12 Lemma [][]\OT1/cmr/m/n/12 3.2[][], $\OMS/cmsy/m/n/12 k\OML
/cmm/m/it/12 P[]P[] [] P[]\OMS/cmsy/m/n/12 k \OT1/cmr/m/n/12 =
 []

) (./3_2_Friedrichs_angles.tex

Package Fancyhdr Warning: \headheight is too small (12.0pt): 
 Make it at least 14.49998pt.
 We now make it that large for the rest of the document.
 This may cause the page layout to be inconsistent, however.

[9]

Package Fancyhdr Warning: \headheight is too small (12.0pt): 
 Make it at least 14.49998pt.
 We now make it that large for the rest of the document.
 This may cause the page layout to be inconsistent, however.

[10]

Package Fancyhdr Warning: \headheight is too small (12.0pt): 
 Make it at least 14.49998pt.
 We now make it that large for the rest of the document.
 This may cause the page layout to be inconsistent, however.

[11]) (./4_0_Schwarz_Alternating_Method.tex

Package Fancyhdr Warning: \headheight is too small (12.0pt): 
 Make it at least 14.49998pt.
 We now make it that large for the rest of the document.
 This may cause the page layout to be inconsistent, however.

[12]
Chapter 4.
) (./4_1_one_dimensional_case.tex
Underfull \vbox (badness 10000) has occurred while \output is active []



Package Fancyhdr Warning: \headheight is too small (12.0pt): 
 Make it at least 14.49998pt.
 We now make it that large for the rest of the document.
 This may cause the page layout to be inconsistent, however.

[13

]) (./4_1_1_the_schwarz_alternating_method.tex

Package Fancyhdr Warning: \headheight is too small (12.0pt): 
 Make it at least 14.49998pt.
 We now make it that large for the rest of the document.
 This may cause the page layout to be inconsistent, however.

[14]

Package Fancyhdr Warning: \headheight is too small (12.0pt): 
 Make it at least 14.49998pt.
 We now make it that large for the rest of the document.
 This may cause the page layout to be inconsistent, however.

[15]) (./4_1_2_Friedrichs_angles.tex

Package Fancyhdr Warning: \headheight is too small (12.0pt): 
 Make it at least 14.49998pt.
 We now make it that large for the rest of the document.
 This may cause the page layout to be inconsistent, however.

[16]

Package Fancyhdr Warning: \headheight is too small (12.0pt): 
 Make it at least 14.49998pt.
 We now make it that large for the rest of the document.
 This may cause the page layout to be inconsistent, however.

[17]) (./4_2_N-dimensional_case.tex

Package Fancyhdr Warning: \headheight is too small (12.0pt): 
 Make it at least 14.49998pt.
 We now make it that large for the rest of the document.
 This may cause the page layout to be inconsistent, however.

[18]

Package Fancyhdr Warning: \headheight is too small (12.0pt): 
 Make it at least 14.49998pt.
 We now make it that large for the rest of the document.
 This may cause the page layout to be inconsistent, however.

[19] <lshapedomain.png, id=284, 335.5737pt x 270.2898pt>
File: lshapedomain.png Graphic file (type png)

<use lshapedomain.png>
Package pdftex.def Info: lshapedomain.png used on input line 63.
(pdftex.def)             Requested size: 134.2271pt x 108.114pt.


LaTeX Warning: `h' float specifier changed to `ht'.


Package Fancyhdr Warning: \headheight is too small (12.0pt): 
 Make it at least 14.49998pt.
 We now make it that large for the rest of the document.
 This may cause the page layout to be inconsistent, however.

[20]
LaTeX Font Info:    Try loading font information for U+bbm on input line 70.
 (/usr/local/texlive/2015/texmf-dist/tex/latex/bbm-macros/ubbm.fd
File: ubbm.fd 1999/03/15 V 1.2 Font definition for bbm font - TH
)

Package Fancyhdr Warning: \headheight is too small (12.0pt): 
 Make it at least 14.49998pt.
 We now make it that large for the rest of the document.
 This may cause the page layout to be inconsistent, however.

[21 <./lshapedomain.png>])
(./4_3_Demonstration_of_the_rate_of_convergence_in_Matlab.tex

Package Fancyhdr Warning: \headheight is too small (12.0pt): 
 Make it at least 14.49998pt.
 We now make it that large for the rest of the document.
 This may cause the page layout to be inconsistent, however.

[22] <lshape.jpg, id=304, 562.1pt x 421.575pt>
File: lshape.jpg Graphic file (type jpg)
 <use lshape.jpg>
Package pdftex.def Info: lshape.jpg used on input line 33.
(pdftex.def)             Requested size: 398.3386pt x 298.75426pt.


Package Fancyhdr Warning: \headheight is too small (12.0pt): 
 Make it at least 14.49998pt.
 We now make it that large for the rest of the document.
 This may cause the page layout to be inconsistent, however.

[23] <verybadinitial_u.png, id=314, 421.575pt x 316.18124pt>
File: verybadinitial_u.png Graphic file (type png)

<use verybadinitial_u.png>
Package pdftex.def Info: verybadinitial_u.png used on input line 42.
(pdftex.def)             Requested size: 398.3386pt x 298.75908pt.


LaTeX Warning: `h' float specifier changed to `ht'.

<verybadinitial_infnorm.png, id=315, 421.575pt x 316.18124pt>
File: verybadinitial_infnorm.png Graphic file (type png)

<use verybadinitial_infnorm.png>
Package pdftex.def Info: verybadinitial_infnorm.png used on input line 49.
(pdftex.def)             Requested size: 398.3386pt x 298.75908pt.


LaTeX Warning: `h' float specifier changed to `ht'.

<verybadintial_H1norm.png, id=316, 414.04688pt x 293.59688pt>
File: verybadintial_H1norm.png Graphic file (type png)

<use verybadintial_H1norm.png>
Package pdftex.def Info: verybadintial_H1norm.png used on input line 53.
(pdftex.def)             Requested size: 398.3386pt x 282.46802pt.


LaTeX Warning: `h' float specifier changed to `ht'.

<goodinitial_inf.jpg, id=317, 562.1pt x 421.575pt>
File: goodinitial_inf.jpg Graphic file (type jpg)
 <use goodinitial_inf.jpg>
Package pdftex.def Info: goodinitial_inf.jpg used on input line 62.
(pdftex.def)             Requested size: 398.3386pt x 298.75426pt.


LaTeX Warning: `h' float specifier changed to `ht'.

<goodinitial_H1.jpg, id=318, 562.1pt x 421.575pt>
File: goodinitial_H1.jpg Graphic file (type jpg)
 <use goodinitial_H1.jpg>
Package pdftex.def Info: goodinitial_H1.jpg used on input line 68.
(pdftex.def)             Requested size: 398.3386pt x 298.75426pt.


LaTeX Warning: `h' float specifier changed to `ht'.

<smallgridsize.png, id=319, 562.1pt x 421.575pt>
File: smallgridsize.png Graphic file (type png)
 <use smallgridsize.png>
Package pdftex.def Info: smallgridsize.png used on input line 75.
(pdftex.def)             Requested size: 398.3386pt x 298.75426pt.

<smallgridsize2.png, id=320, 562.1pt x 421.575pt>
File: smallgridsize2.png Graphic file (type png)
 <use smallgridsize2.png>
Package pdftex.def Info: smallgridsize2.png used on input line 79.
(pdftex.def)             Requested size: 398.3386pt x 298.75426pt.


Package Fancyhdr Warning: \headheight is too small (12.0pt): 
 Make it at least 14.49998pt.
 We now make it that large for the rest of the document.
 This may cause the page layout to be inconsistent, however.

[24 <./lshape.jpg>]

LaTeX Warning: `h' float specifier changed to `ht'.


LaTeX Warning: `h' float specifier changed to `ht'.

) (./5_0_conclusion.tex

Package Fancyhdr Warning: \headheight is too small (12.0pt): 
 Make it at least 14.49998pt.
 We now make it that large for the rest of the document.
 This may cause the page layout to be inconsistent, however.

[25 <./verybadinitial_u.png (PNG copy)>]

Package Fancyhdr Warning: \headheight is too small (12.0pt): 
 Make it at least 14.49998pt.
 We now make it that large for the rest of the document.
 This may cause the page layout to be inconsistent, however.

[26 <./verybadinitial_infnorm.png (PNG copy)>]

Package Fancyhdr Warning: \headheight is too small (12.0pt): 
 Make it at least 14.49998pt.
 We now make it that large for the rest of the document.
 This may cause the page layout to be inconsistent, however.

[27 <./verybadintial_H1norm.png (PNG copy)>]

Package Fancyhdr Warning: \headheight is too small (12.0pt): 
 Make it at least 14.49998pt.
 We now make it that large for the rest of the document.
 This may cause the page layout to be inconsistent, however.

[28 <./goodinitial_inf.jpg>]

Package Fancyhdr Warning: \headheight is too small (12.0pt): 
 Make it at least 14.49998pt.
 We now make it that large for the rest of the document.
 This may cause the page layout to be inconsistent, however.

[29 <./goodinitial_H1.jpg>]

Package Fancyhdr Warning: \headheight is too small (12.0pt): 
 Make it at least 14.49998pt.
 We now make it that large for the rest of the document.
 This may cause the page layout to be inconsistent, however.

[30 <./smallgridsize.png (PNG copy)>]

Package Fancyhdr Warning: \headheight is too small (12.0pt): 
 Make it at least 14.49998pt.
 We now make it that large for the rest of the document.
 This may cause the page layout to be inconsistent, however.

[31 <./smallgridsize2.png (PNG copy)>]

Package Fancyhdr Warning: \headheight is too small (12.0pt): 
 Make it at least 14.49998pt.
 We now make it that large for the rest of the document.
 This may cause the page layout to be inconsistent, however.

[32

]
Chapter 5.
) (./6_0_appendices.tex

Package Fancyhdr Warning: \headheight is too small (12.0pt): 
 Make it at least 14.49998pt.
 We now make it that large for the rest of the document.
 This may cause the page layout to be inconsistent, however.

[33]

Package Fancyhdr Warning: \headheight is too small (12.0pt): 
 Make it at least 14.49998pt.
 We now make it that large for the rest of the document.
 This may cause the page layout to be inconsistent, however.

[34

]
Chapter 6.
) (./6_1_appA.tex

Package Fancyhdr Warning: \headheight is too small (12.0pt): 
 Make it at least 14.49998pt.
 We now make it that large for the rest of the document.
 This may cause the page layout to be inconsistent, however.

[35]
Overfull \hbox (27.73662pt too wide) in paragraph at lines 65--65
[]\OT1/cmtt/m/n/12 initguess=@(x,y) abs(log(1./((x.^2+y.^2).^.5))).^0.4999 % u0
=infinity[] 
 []


Overfull \hbox (15.38661pt too wide) in paragraph at lines 65--65
[]\OT1/cmtt/m/n/12 % initguess = @(x,y) 0.0+(min(x.^2+(y+.5).^2,(x-.5).^2+y.^2)
<.005);[] 
 []


Overfull \hbox (126.53667pt too wide) in paragraph at lines 65--65
[]\OT1/cmtt/m/n/12 % initguess = @(x,y) 1-.001./(x.^2+(y+1/2).^2).^(1/3)-.001./
((x-1/2).^2+y.^2).^(1/3);[] 
 []


Overfull \hbox (33.91162pt too wide) in paragraph at lines 87--87
[]\OT1/cmtt/m/n/12 meshgenfun = '1./(x.^2+y.^2)'; % function for adaptive mesh 
generation[] 
 []


Overfull \hbox (27.73662pt too wide) in paragraph at lines 87--87
[]\OT1/cmtt/m/n/12 [~,p_up,e_up,t_up]=adaptmesh(g_up,b_up,c,a,meshgenfun,'Ngen'
, Nmesh);[] 
 []


Package Fancyhdr Warning: \headheight is too small (12.0pt): 
 Make it at least 14.49998pt.
 We now make it that large for the rest of the document.
 This may cause the page layout to be inconsistent, however.

[36]
Overfull \hbox (27.73662pt too wide) in paragraph at lines 87--87
[]\OT1/cmtt/m/n/12 [~,p_lo,e_lo,t_lo]=adaptmesh(g_lo,b_lo,c,a,meshgenfun,'Ngen'
, Nmesh);[] 
 []

Package epstopdf Info: Source file: <lshape_neumann_meshsize2_01.eps>
(epstopdf)                    date: 2016-09-27 01:16:24
(epstopdf)                    size: 53483 bytes
(epstopdf)             Output file: <lshape_neumann_meshsize2_01-eps-converted-
to.pdf>
(epstopdf)                    date: 2016-09-27 01:28:22
(epstopdf)                    size: 8137 bytes
(epstopdf)             Command: <repstopdf --outfile=lshape_neumann_meshsize2_0
1-eps-converted-to.pdf lshape_neumann_meshsize2_01.eps>
(epstopdf)             \includegraphics on input line 92.
Package epstopdf Info: Output file is already uptodate.

<lshape_neumann_meshsize2_01-eps-converted-to.pdf, id=385, 465.74pt x 358.33875
pt>
File: lshape_neumann_meshsize2_01-eps-converted-to.pdf Graphic file (type pdf)
 <use lshape_neumann_meshsize2_01-eps-converted-to.pdf>
Package pdftex.def Info: lshape_neumann_meshsize2_01-eps-converted-to.pdf used 
on input line 92.
(pdftex.def)             Requested size: 289.07999pt x 222.42471pt.
Package epstopdf Info: Source file: <lshape_neumann_meshsize2_02.eps>
(epstopdf)                    date: 2016-09-27 01:16:24
(epstopdf)                    size: 52140 bytes
(epstopdf)             Output file: <lshape_neumann_meshsize2_02-eps-converted-
to.pdf>
(epstopdf)                    date: 2016-09-27 01:28:22
(epstopdf)                    size: 7507 bytes
(epstopdf)             Command: <repstopdf --outfile=lshape_neumann_meshsize2_0
2-eps-converted-to.pdf lshape_neumann_meshsize2_02.eps>
(epstopdf)             \includegraphics on input line 94.
Package epstopdf Info: Output file is already uptodate.

<lshape_neumann_meshsize2_02-eps-converted-to.pdf, id=386, 465.74pt x 358.33875
pt>
File: lshape_neumann_meshsize2_02-eps-converted-to.pdf Graphic file (type pdf)
 <use lshape_neumann_meshsize2_02-eps-converted-to.pdf>
Package pdftex.def Info: lshape_neumann_meshsize2_02-eps-converted-to.pdf used 
on input line 94.
(pdftex.def)             Requested size: 289.07999pt x 222.42471pt.
Package epstopdf Info: Source file: <lshape_neumann_meshsize2_04.eps>
(epstopdf)                    date: 2016-09-27 01:16:44
(epstopdf)                    size: 71688 bytes
(epstopdf)             Output file: <lshape_neumann_meshsize2_04-eps-converted-
to.pdf>
(epstopdf)                    date: 2016-09-27 01:28:22
(epstopdf)                    size: 8485 bytes
(epstopdf)             Command: <repstopdf --outfile=lshape_neumann_meshsize2_0
4-eps-converted-to.pdf lshape_neumann_meshsize2_04.eps>
(epstopdf)             \includegraphics on input line 96.
Package epstopdf Info: Output file is already uptodate.

<lshape_neumann_meshsize2_04-eps-converted-to.pdf, id=387, 465.74pt x 358.33875
pt>
Underfull \vbox (badness 10000) has occurred while \output is active []



Package Fancyhdr Warning: \headheight is too small (12.0pt): 
 Make it at least 14.49998pt.
 We now make it that large for the rest of the document.
 This may cause the page layout to be inconsistent, however.

[37 <./lshape_neumann_meshsize2_01-eps-converted-to.pdf>]
File: lshape_neumann_meshsize2_04-eps-converted-to.pdf Graphic file (type pdf)

<use lshape_neumann_meshsize2_04-eps-converted-to.pdf>
Package pdftex.def Info: lshape_neumann_meshsize2_04-eps-converted-to.pdf used 
on input line 96.
(pdftex.def)             Requested size: 289.07999pt x 222.42471pt.
Package epstopdf Info: Source file: <lshape_neumann_meshsize2_05.eps>
(epstopdf)                    date: 2016-09-27 01:16:44
(epstopdf)                    size: 71441 bytes
(epstopdf)             Output file: <lshape_neumann_meshsize2_05-eps-converted-
to.pdf>
(epstopdf)                    date: 2016-09-27 01:28:24
(epstopdf)                    size: 7851 bytes
(epstopdf)             Command: <repstopdf --outfile=lshape_neumann_meshsize2_0
5-eps-converted-to.pdf lshape_neumann_meshsize2_05.eps>
(epstopdf)             \includegraphics on input line 98.
Package epstopdf Info: Output file is already uptodate.

<lshape_neumann_meshsize2_05-eps-converted-to.pdf, id=397, 465.74pt x 358.33875
pt>
File: lshape_neumann_meshsize2_05-eps-converted-to.pdf Graphic file (type pdf)
 <use lshape_neumann_meshsize2_05-eps-converted-to.pdf>
Package pdftex.def Info: lshape_neumann_meshsize2_05-eps-converted-to.pdf used 
on input line 98.
(pdftex.def)             Requested size: 289.07999pt x 222.42471pt.
Package epstopdf Info: Source file: <lshape_neumann_meshsize2_07.eps>
(epstopdf)                    date: 2016-09-27 01:17:10
(epstopdf)                    size: 88518 bytes
(epstopdf)             Output file: <lshape_neumann_meshsize2_07-eps-converted-
to.pdf>
(epstopdf)                    date: 2016-09-27 01:28:24
(epstopdf)                    size: 8562 bytes
(epstopdf)             Command: <repstopdf --outfile=lshape_neumann_meshsize2_0
7-eps-converted-to.pdf lshape_neumann_meshsize2_07.eps>
(epstopdf)             \includegraphics on input line 100.
Package epstopdf Info: Output file is already uptodate.

<lshape_neumann_meshsize2_07-eps-converted-to.pdf, id=398, 465.74pt x 358.33875
pt>
Underfull \vbox (badness 10000) has occurred while \output is active []



Package Fancyhdr Warning: \headheight is too small (12.0pt): 
 Make it at least 14.49998pt.
 We now make it that large for the rest of the document.
 This may cause the page layout to be inconsistent, however.

[38 <./lshape_neumann_meshsize2_02-eps-converted-to.pdf> <./lshape_neumann_mesh
size2_04-eps-converted-to.pdf>]
File: lshape_neumann_meshsize2_07-eps-converted-to.pdf Graphic file (type pdf)

<use lshape_neumann_meshsize2_07-eps-converted-to.pdf>
Package pdftex.def Info: lshape_neumann_meshsize2_07-eps-converted-to.pdf used 
on input line 100.
(pdftex.def)             Requested size: 289.07999pt x 222.42471pt.
Package epstopdf Info: Source file: <lshape_neumann_meshsize2_08.eps>
(epstopdf)                    date: 2016-09-27 01:17:10
(epstopdf)                    size: 89495 bytes
(epstopdf)             Output file: <lshape_neumann_meshsize2_08-eps-converted-
to.pdf>
(epstopdf)                    date: 2016-09-27 01:28:24
(epstopdf)                    size: 7966 bytes
(epstopdf)             Command: <repstopdf --outfile=lshape_neumann_meshsize2_0
8-eps-converted-to.pdf lshape_neumann_meshsize2_08.eps>
(epstopdf)             \includegraphics on input line 102.
Package epstopdf Info: Output file is already uptodate.

<lshape_neumann_meshsize2_08-eps-converted-to.pdf, id=413, 465.74pt x 358.33875
pt>
File: lshape_neumann_meshsize2_08-eps-converted-to.pdf Graphic file (type pdf)
 <use lshape_neumann_meshsize2_08-eps-converted-to.pdf>
Package pdftex.def Info: lshape_neumann_meshsize2_08-eps-converted-to.pdf used 
on input line 102.
(pdftex.def)             Requested size: 289.07999pt x 222.42471pt.
Package epstopdf Info: Source file: <lshape_neumann_meshsize2_10.eps>
(epstopdf)                    date: 2016-09-27 01:17:32
(epstopdf)                    size: 106063 bytes
(epstopdf)             Output file: <lshape_neumann_meshsize2_10-eps-converted-
to.pdf>
(epstopdf)                    date: 2016-09-27 01:28:24
(epstopdf)                    size: 8622 bytes
(epstopdf)             Command: <repstopdf --outfile=lshape_neumann_meshsize2_1
0-eps-converted-to.pdf lshape_neumann_meshsize2_10.eps>
(epstopdf)             \includegraphics on input line 104.
Package epstopdf Info: Output file is already uptodate.

<lshape_neumann_meshsize2_10-eps-converted-to.pdf, id=414, 465.74pt x 358.33875
pt>
Underfull \vbox (badness 10000) has occurred while \output is active []



Package Fancyhdr Warning: \headheight is too small (12.0pt): 
 Make it at least 14.49998pt.
 We now make it that large for the rest of the document.
 This may cause the page layout to be inconsistent, however.

[39 <./lshape_neumann_meshsize2_05-eps-converted-to.pdf> <./lshape_neumann_mesh
size2_07-eps-converted-to.pdf>]
File: lshape_neumann_meshsize2_10-eps-converted-to.pdf Graphic file (type pdf)

<use lshape_neumann_meshsize2_10-eps-converted-to.pdf>
Package pdftex.def Info: lshape_neumann_meshsize2_10-eps-converted-to.pdf used 
on input line 104.
(pdftex.def)             Requested size: 289.07999pt x 222.42471pt.
Package epstopdf Info: Source file: <lshape_neumann_meshsize2_11.eps>
(epstopdf)                    date: 2016-09-27 01:17:32
(epstopdf)                    size: 121484 bytes
(epstopdf)             Output file: <lshape_neumann_meshsize2_11-eps-converted-
to.pdf>
(epstopdf)                    date: 2016-09-27 01:28:26
(epstopdf)                    size: 8660 bytes
(epstopdf)             Command: <repstopdf --outfile=lshape_neumann_meshsize2_1
1-eps-converted-to.pdf lshape_neumann_meshsize2_11.eps>
(epstopdf)             \includegraphics on input line 106.
Package epstopdf Info: Output file is already uptodate.

<lshape_neumann_meshsize2_11-eps-converted-to.pdf, id=429, 465.74pt x 358.33875
pt>
File: lshape_neumann_meshsize2_11-eps-converted-to.pdf Graphic file (type pdf)
 <use lshape_neumann_meshsize2_11-eps-converted-to.pdf>
Package pdftex.def Info: lshape_neumann_meshsize2_11-eps-converted-to.pdf used 
on input line 106.
(pdftex.def)             Requested size: 289.07999pt x 222.42471pt.

Underfull \vbox (badness 10000) has occurred while \output is active []



Package Fancyhdr Warning: \headheight is too small (12.0pt): 
 Make it at least 14.49998pt.
 We now make it that large for the rest of the document.
 This may cause the page layout to be inconsistent, however.

[40 <./lshape_neumann_meshsize2_08-eps-converted-to.pdf> <./lshape_neumann_mesh
size2_10-eps-converted-to.pdf>]
Overfull \hbox (52.43663pt too wide) in paragraph at lines 114--114
[]\OT1/cmtt/m/n/12 [K_up,M_up,F_up,Q_up,G_up,H_up,R_up]=assempde(b_up,p_up,e_up
,t_up,c,a,f);[] 
 []


Overfull \hbox (52.43663pt too wide) in paragraph at lines 114--114
[]\OT1/cmtt/m/n/12 [K_lo,M_lo,F_lo,Q_lo,G_lo,H_lo,R_lo]=assempde(b_lo,p_lo,e_lo
,t_lo,c,a,f);[] 
 []


Package Fancyhdr Warning: \headheight is too small (12.0pt): 
 Make it at least 14.49998pt.
 We now make it that large for the rest of the document.
 This may cause the page layout to be inconsistent, however.

[41 <./lshape_neumann_meshsize2_11-eps-converted-to.pdf>]
Overfull \hbox (126.53667pt too wide) in paragraph at lines 250--250
[]\OT1/cmtt/m/n/12 % Note that pind_up2 represents the indices of the mesh poin
ts at the boundary in the[] 
 []


Overfull \hbox (83.31165pt too wide) in paragraph at lines 250--250
[]\OT1/cmtt/m/n/12 ind=find((abs(p_up(1,pind_up2) -0)<1e-10) & (abs(p_up(2,pind
_up2) -0)<1e-10));[] 
 []


Overfull \hbox (83.31165pt too wide) in paragraph at lines 250--250
[]\OT1/cmtt/m/n/12 ind=find((abs(p_lo(1,pind_lo2) -0)<1e-10) & (abs(p_lo(2,pind
_lo2) -0)<1e-10));[] 
 []


Underfull \vbox (badness 10000) has occurred while \output is active []



Package Fancyhdr Warning: \headheight is too small (12.0pt): 
 Make it at least 14.49998pt.
 We now make it that large for the rest of the document.
 This may cause the page layout to be inconsistent, however.

[42]
Overfull \hbox (40.08662pt too wide) in paragraph at lines 250--250
[]\OT1/cmtt/m/n/12 my_plot_new(XX,YY,ZZ,az,el,v, plot_range, col_range, counter
,fix_axes);[] 
 []


Overfull \hbox (46.26163pt too wide) in paragraph at lines 250--250
[]\OT1/cmtt/m/n/12 my_plot_new(XX,YY,ZZ,az,el, v, plot_range, col_range, counte
r,fix_axes);[] 
 []


Underfull \vbox (badness 10000) has occurred while \output is active []



Package Fancyhdr Warning: \headheight is too small (12.0pt): 
 Make it at least 14.49998pt.
 We now make it that large for the rest of the document.
 This may cause the page layout to be inconsistent, however.

[43]
Overfull \hbox (157.41168pt too wide) in paragraph at lines 250--250
[]\OT1/cmtt/m/n/12 errvals_inf(Nmesh/25,step)=max(max(abs([u_up(:); u_lo(:)]-[u
_up_true(:); u_lo_true(:)])));[] 
 []


Overfull \hbox (21.56161pt too wide) in paragraph at lines 250--250
[]\OT1/cmtt/m/n/12 % The difference between the solution from ASM and the true 
solution[] 
 []


Overfull \hbox (151.23668pt too wide) in paragraph at lines 250--250
[]\OT1/cmtt/m/n/12 integrals=[integral_1,sum(sum(integrand_y(diffy_ind))),sum(s
um(integrand_x(diffx_ind)))];[] 
 []

Package epstopdf Info: Source file: <lshape_neumann_meshsize2_03.eps>
(epstopdf)                    date: 2016-09-27 01:16:40
(epstopdf)                    size: 3112140 bytes
(epstopdf)             Output file: <lshape_neumann_meshsize2_03-eps-converted-
to.pdf>
(epstopdf)                    date: 2016-09-27 01:28:32
(epstopdf)                    size: 1747871 bytes
(epstopdf)             Command: <repstopdf --outfile=lshape_neumann_meshsize2_0
3-eps-converted-to.pdf lshape_neumann_meshsize2_03.eps>
(epstopdf)             \includegraphics on input line 252.
Package epstopdf Info: Output file is already uptodate.

<lshape_neumann_meshsize2_03-eps-converted-to.pdf, id=463, 501.875pt x 369.38pt
>
File: lshape_neumann_meshsize2_03-eps-converted-to.pdf Graphic file (type pdf)
 <use lshape_neumann_meshsize2_03-eps-converted-to.pdf>
Package pdftex.def Info: lshape_neumann_meshsize2_03-eps-converted-to.pdf used 
on input line 252.
(pdftex.def)             Requested size: 289.07999pt x 212.77512pt.
Package epstopdf Info: Source file: <lshape_neumann_meshsize2_06.eps>
(epstopdf)                    date: 2016-09-27 01:17:06
(epstopdf)                    size: 2132005 bytes
(epstopdf)             Output file: <lshape_neumann_meshsize2_06-eps-converted-
to.pdf>
(epstopdf)                    date: 2016-09-27 01:28:34
(epstopdf)                    size: 1077326 bytes
(epstopdf)             Command: <repstopdf --outfile=lshape_neumann_meshsize2_0
6-eps-converted-to.pdf lshape_neumann_meshsize2_06.eps>
(epstopdf)             \includegraphics on input line 254.
Package epstopdf Info: Output file is already uptodate.

<lshape_neumann_meshsize2_06-eps-converted-to.pdf, id=464, 484.81125pt x 369.38
pt>
Underfull \vbox (badness 10000) has occurred while \output is active []



Package Fancyhdr Warning: \headheight is too small (12.0pt): 
 Make it at least 14.49998pt.
 We now make it that large for the rest of the document.
 This may cause the page layout to be inconsistent, however.

[44]
File: lshape_neumann_meshsize2_06-eps-converted-to.pdf Graphic file (type pdf)
 <use lshape_neumann_meshsize2_06-eps-converted-to.pdf>
Package pdftex.def Info: lshape_neumann_meshsize2_06-eps-converted-to.pdf used 
on input line 254.
(pdftex.def)             Requested size: 289.07999pt x 220.26009pt.
Package epstopdf Info: Source file: <lshape_neumann_meshsize2_09.eps>
(epstopdf)                    date: 2016-09-27 01:17:26
(epstopdf)                    size: 1960821 bytes
(epstopdf)             Output file: <lshape_neumann_meshsize2_09-eps-converted-
to.pdf>
(epstopdf)                    date: 2016-09-27 01:28:38
(epstopdf)                    size: 945737 bytes
(epstopdf)             Command: <repstopdf --outfile=lshape_neumann_meshsize2_0
9-eps-converted-to.pdf lshape_neumann_meshsize2_09.eps>
(epstopdf)             \includegraphics on input line 256.
Package epstopdf Info: Output file is already uptodate.

<lshape_neumann_meshsize2_09-eps-converted-to.pdf, id=469, 484.81125pt x 369.38
pt>
File: lshape_neumann_meshsize2_09-eps-converted-to.pdf Graphic file (type pdf)
 <use lshape_neumann_meshsize2_09-eps-converted-to.pdf>
Package pdftex.def Info: lshape_neumann_meshsize2_09-eps-converted-to.pdf used 
on input line 256.
(pdftex.def)             Requested size: 289.07999pt x 220.26009pt.
Package epstopdf Info: Source file: <lshape_neumann_meshsize2_12.eps>
(epstopdf)                    date: 2016-09-27 01:17:46
(epstopdf)                    size: 1949817 bytes
(epstopdf)             Output file: <lshape_neumann_meshsize2_12-eps-converted-
to.pdf>
(epstopdf)                    date: 2016-09-27 01:28:40
(epstopdf)                    size: 942502 bytes
(epstopdf)             Command: <repstopdf --outfile=lshape_neumann_meshsize2_1
2-eps-converted-to.pdf lshape_neumann_meshsize2_12.eps>
(epstopdf)             \includegraphics on input line 258.
Package epstopdf Info: Output file is already uptodate.

<lshape_neumann_meshsize2_12-eps-converted-to.pdf, id=470, 484.81125pt x 369.38
pt>
Underfull \vbox (badness 10000) has occurred while \output is active []



Package Fancyhdr Warning: \headheight is too small (12.0pt): 
 Make it at least 14.49998pt.
 We now make it that large for the rest of the document.
 This may cause the page layout to be inconsistent, however.

[45 <./lshape_neumann_meshsize2_03-eps-converted-to.pdf> <./lshape_neumann_mesh
size2_06-eps-converted-to.pdf>]
File: lshape_neumann_meshsize2_12-eps-converted-to.pdf Graphic file (type pdf)

<use lshape_neumann_meshsize2_12-eps-converted-to.pdf>
Package pdftex.def Info: lshape_neumann_meshsize2_12-eps-converted-to.pdf used 
on input line 258.
(pdftex.def)             Requested size: 289.07999pt x 220.26009pt.
LaTeX Font Info:    Font shape `OT1/cmtt/bx/n' in size <12> not available
(Font)              Font shape `OT1/cmtt/m/n' tried instead on input line 268.

Overfull \hbox (114.18666pt too wide) in paragraph at lines 285--285
[]\OT1/cmtt/m/n/12 semilogy(nn,[errvals_inf(1,:);errvals_inf(2,:);errvals_inf(3
,:);errvals_inf(4,:)]);[] 
 []


Package Fancyhdr Warning: \headheight is too small (12.0pt): 
 Make it at least 14.49998pt.
 We now make it that large for the rest of the document.
 This may cause the page layout to be inconsistent, however.

[46 <./lshape_neumann_meshsize2_09-eps-converted-to.pdf> <./lshape_neumann_mesh
size2_12-eps-converted-to.pdf>]
Overfull \hbox (89.48665pt too wide) in paragraph at lines 285--285
[]\OT1/cmtt/m/n/12 semilogy(nn,[errvals_H1(1,:);errvals_H1(2,:);errvals_H1(3,:)
;errvals_H1(4,:)]);[] 
 []

Package epstopdf Info: Source file: <lshape_neumann_meshsize2_13.eps>
(epstopdf)                    date: 2016-09-27 01:17:50
(epstopdf)                    size: 27961 bytes
(epstopdf)             Output file: <lshape_neumann_meshsize2_13-eps-converted-
to.pdf>
(epstopdf)                    date: 2016-09-27 01:28:40
(epstopdf)                    size: 9393 bytes
(epstopdf)             Command: <repstopdf --outfile=lshape_neumann_meshsize2_1
3-eps-converted-to.pdf lshape_neumann_meshsize2_13.eps>
(epstopdf)             \includegraphics on input line 290.
Package epstopdf Info: Output file is already uptodate.

<lshape_neumann_meshsize2_13-eps-converted-to.pdf, id=8891, 484.81125pt x 380.4
2125pt>
File: lshape_neumann_meshsize2_13-eps-converted-to.pdf Graphic file (type pdf)
 <use lshape_neumann_meshsize2_13-eps-converted-to.pdf>
Package pdftex.def Info: lshape_neumann_meshsize2_13-eps-converted-to.pdf used 
on input line 290.
(pdftex.def)             Requested size: 289.07999pt x 226.84395pt.
Package epstopdf Info: Source file: <lshape_neumann_meshsize2_14.eps>
(epstopdf)                    date: 2016-09-27 01:17:50
(epstopdf)                    size: 27989 bytes
(epstopdf)             Output file: <lshape_neumann_meshsize2_14-eps-converted-
to.pdf>
(epstopdf)                    date: 2016-09-27 01:28:42
(epstopdf)                    size: 9459 bytes
(epstopdf)             Command: <repstopdf --outfile=lshape_neumann_meshsize2_1
4-eps-converted-to.pdf lshape_neumann_meshsize2_14.eps>
(epstopdf)             \includegraphics on input line 292.
Package epstopdf Info: Output file is already uptodate.

<lshape_neumann_meshsize2_14-eps-converted-to.pdf, id=8892, 484.81125pt x 380.4
2125pt>
File: lshape_neumann_meshsize2_14-eps-converted-to.pdf Graphic file (type pdf)
 <use lshape_neumann_meshsize2_14-eps-converted-to.pdf>
Package pdftex.def Info: lshape_neumann_meshsize2_14-eps-converted-to.pdf used 
on input line 292.
(pdftex.def)             Requested size: 289.07999pt x 226.84395pt.
)
(./7_0_bibiliography.tex
Underfull \vbox (badness 10000) has occurred while \output is active []



Package Fancyhdr Warning: \headheight is too small (12.0pt): 
 Make it at least 14.49998pt.
 We now make it that large for the rest of the document.
 This may cause the page layout to be inconsistent, however.

[47 <./lshape_neumann_meshsize2_13-eps-converted-to.pdf>]

Package Fancyhdr Warning: \headheight is too small (12.0pt): 
 Make it at least 14.49998pt.
 We now make it that large for the rest of the document.
 This may cause the page layout to be inconsistent, however.

[48 <./lshape_neumann_meshsize2_14-eps-converted-to.pdf>]
Missing character: There is no  in font cmr12!
Missing character: There is no  in font cmr12!
Missing character: There is no  in font cmr12!
Missing character: There is no  in font cmr12!
Missing character: There is no  in font cmr12!
Missing character: There is no  in font cmr12!
Missing character: There is no  in font cmr12!
Missing character: There is no  in font cmr12!
Missing character: There is no  in font cmr12!


Package Fancyhdr Warning: \headheight is too small (12.0pt): 
 Make it at least 14.49998pt.
 We now make it that large for the rest of the document.
 This may cause the page layout to be inconsistent, however.

[49

pdfTeX warning (ext4): destination with the same identifier (name{cite.BL97}) h
as been already used, duplicate ignored

\AtBegShi@Output ...ipout \box \AtBeginShipoutBox 
                                                  \fi \fi 
l.19 \bibitem[KW88]{KW88}
                          S.Kayalar, H.L.Weinert\emph{Error bounds for the m...
pdfTeX warning (ext4): destination with the same identifier (name{cite.BL97}) h
as been already used, duplicate ignored

\AtBegShi@Output ...ipout \box \AtBeginShipoutBox 
                                                  \fi \fi 
l.19 \bibitem[KW88]{KW88}
                          S.Kayalar, H.L.Weinert\emph{Error bounds for the m...
])

Package Fancyhdr Warning: \headheight is too small (12.0pt): 
 Make it at least 14.49998pt.
 We now make it that large for the rest of the document.
 This may cause the page layout to be inconsistent, however.

[50]
Package atveryend Info: Empty hook `BeforeClearDocument' on input line 236.
Package atveryend Info: Empty hook `AfterLastShipout' on input line 236.
 (./main_file.aux)
Package atveryend Info: Executing hook `AtVeryEndDocument' on input line 236.
Package atveryend Info: Executing hook `AtEndAfterFileList' on input line 236.
Package rerunfilecheck Info: File `main_file.out' has not changed.
(rerunfilecheck)             Checksum: DAC306E3CFBC26E8FA45F5263E4AC885;1195.


LaTeX Warning: There were multiply-defined labels.

Package atveryend Info: Empty hook `AtVeryVeryEnd' on input line 236.
 ) 
Here is how much of TeX's memory you used:
 21236 strings out of 493089
 383521 string characters out of 6134841
 499504 words of memory out of 5000000
 24151 multiletter control sequences out of 15000+600000
 14640 words of font info for 58 fonts, out of 8000000 for 9000
 1141 hyphenation exceptions out of 8191
 61i,12n,82p,1451b,476s stack positions out of 5000i,500n,10000p,200000b,80000s
 </Users/Ariel/Library/texlive/2015/texmf-var/fonts/pk/ljfour/public/bbm/bbm1
2.600pk></usr/local/texlive/2015/texmf-dist/fonts/type1/public/amsfonts/cm/cmbx
12.pfb></usr/local/texlive/2015/texmf-dist/fonts/type1/public/amsfonts/cm/cmcsc
10.pfb></usr/local/texlive/2015/texmf-dist/fonts/type1/public/amsfonts/cm/cmex1
0.pfb></usr/local/texlive/2015/texmf-dist/fonts/type1/public/amsfonts/cm/cmmi12
.pfb></usr/local/texlive/2015/texmf-dist/fonts/type1/public/amsfonts/cm/cmmi6.p
fb></usr/local/texlive/2015/texmf-dist/fonts/type1/public/amsfonts/cm/cmmi8.pfb
></usr/local/texlive/2015/texmf-dist/fonts/type1/public/amsfonts/cm/cmr12.pfb><
/usr/local/texlive/2015/texmf-dist/fonts/type1/public/amsfonts/cm/cmr6.pfb></us
r/local/texlive/2015/texmf-dist/fonts/type1/public/amsfonts/cm/cmr8.pfb></usr/l
ocal/texlive/2015/texmf-dist/fonts/type1/public/amsfonts/cm/cmsy10.pfb></usr/lo
cal/texlive/2015/texmf-dist/fonts/type1/public/amsfonts/cm/cmsy6.pfb></usr/loca
l/texlive/2015/texmf-dist/fonts/type1/public/amsfonts/cm/cmsy8.pfb></usr/local/
texlive/2015/texmf-dist/fonts/type1/public/amsfonts/cm/cmti12.pfb></usr/local/t
exlive/2015/texmf-dist/fonts/type1/public/amsfonts/cm/cmtt12.pfb></usr/local/te
xlive/2015/texmf-dist/fonts/type1/public/amsfonts/symbols/msbm10.pfb>
Output written on main_file.pdf (58 pages, 5312252 bytes).
PDF statistics:
 9006 PDF objects out of 10688 (max. 8388607)
 496 compressed objects within 5 object streams
 122 named destinations out of 1000 (max. 500000)
 274 words of extra memory for PDF output out of 10000 (max. 10000000)

